#
# There is insufficient memory for the Java Runtime Environment to continue.
# Native memory allocation (malloc) failed to allocate 1732336 bytes for Chunk::new
# Possible reasons:
#   The system is out of physical RAM or swap space
#   The process is running with CompressedOops enabled, and the Java Heap may be blocking the growth of the native heap
# Possible solutions:
#   Reduce memory load on the system
#   Increase physical memory or swap space
#   Check if swap backing store is full
#   Decrease Java heap size (-Xmx/-Xms)
#   Decrease number of Java threads
#   Decrease Java thread stack sizes (-Xss)
#   Set larger code cache with -XX:ReservedCodeCacheSize=
#   JVM is running with Unscaled Compressed Oops mode in which the Java heap is
#     placed in the first 4GB address space. The Java Heap base address is the
#     maximum limit for the native heap growth. Please use -XX:HeapBaseMinAddress
#     to set the Java Heap base and to place the Java Heap above 4GB virtual address.
# This output file may be truncated or incomplete.
#
#  Out of Memory Error (./src/hotspot/share/memory/arena.cpp:197), pid=18468, tid=8620
#
# JRE version: OpenJDK Runtime Environment AdoptOpenJDK (11.0.9.1+1) (build 11.0.9.1+1)
# Java VM: OpenJDK 64-Bit Server VM AdoptOpenJDK (11.0.9.1+1, mixed mode, tiered, compressed oops, g1 gc, windows-amd64)
# No core dump will be written. Minidumps are not enabled by default on client versions of Windows
#

---------------  S U M M A R Y ------------

Command Line: -Dcom.sun.management.jmxremote -Dcom.sun.management.jmxremote.port=50848 -Dcom.sun.management.jmxremote.authenticate=false -Dcom.sun.management.jmxremote.ssl=false -Djava.rmi.server.hostname=localhost -Dspring.application.admin.enabled=true -Dspring.jmx.enabled=true -Dfile.encoding=UTF-8 com.gilmar.numeros.NumerosApplication

Host: Intel(R) Core(TM) i5-7200U CPU @ 2.50GHz, 4 cores, 7G,  Windows 10 , 64 bit Build 17134 (10.0.17134.753)
Time: Sun Jan 10 15:22:56 2021 Hora oficial do Brasil elapsed time: 2.160803 seconds (0d 0h 0m 2s)

---------------  T H R E A D  ---------------

Current thread (0x0000020cdaf15000):  JavaThread "C2 CompilerThread0" daemon [_thread_in_native, id=8620, stack(0x0000007ad2400000,0x0000007ad2500000)]


Current CompileTask:
C2:   2160 2154   !   4       java.net.URL::<init> (543 bytes)

Stack: [0x0000007ad2400000,0x0000007ad2500000]
Native frames: (J=compiled Java code, j=interpreted, Vv=VM code, C=native code)
V  [jvm.dll+0x5f465a]
V  [jvm.dll+0x77c78e]
V  [jvm.dll+0x77de5f]
V  [jvm.dll+0x77e523]
V  [jvm.dll+0x2477c8]
V  [jvm.dll+0xbe2ec]
V  [jvm.dll+0xbe9ec]
V  [jvm.dll+0x34d112]
V  [jvm.dll+0x31ae63]
V  [jvm.dll+0x31a19a]
V  [jvm.dll+0x201085]
V  [jvm.dll+0x20023f]
V  [jvm.dll+0x184fbc]
V  [jvm.dll+0x20f7f7]
V  [jvm.dll+0x20d9db]
V  [jvm.dll+0x741029]
V  [jvm.dll+0x73a0d4]
V  [jvm.dll+0x5f3586]
C  [ucrtbase.dll+0x1e3fe]
C  [KERNEL32.DLL+0x14034]
C  [ntdll.dll+0x73691]


---------------  P R O C E S S  ---------------

Threads class SMR info:
_java_thread_list=0x0000020cde4aac90, length=17, elements={
0x0000020cbc7fb000, 0x0000020cdaef8800, 0x0000020cdaf01800, 0x0000020cdaf0f800,
0x0000020cdaf11000, 0x0000020cdaf15000, 0x0000020cdb873800, 0x0000020cdb878000,
0x0000020cdb9d1000, 0x0000020cdbb6b800, 0x0000020cdba52800, 0x0000020cdc2d6800,
0x0000020cdc1c9800, 0x0000020cdc18b000, 0x0000020cdc680800, 0x0000020cdc33a800,
0x0000020cde7c5800
}

Java Threads: ( => current thread )
  0x0000020cbc7fb000 JavaThread "main" [_thread_blocked, id=10524, stack(0x0000007ad1900000,0x0000007ad1a00000)]
  0x0000020cdaef8800 JavaThread "Reference Handler" daemon [_thread_blocked, id=18552, stack(0x0000007ad2000000,0x0000007ad2100000)]
  0x0000020cdaf01800 JavaThread "Finalizer" daemon [_thread_blocked, id=18420, stack(0x0000007ad2100000,0x0000007ad2200000)]
  0x0000020cdaf0f800 JavaThread "Signal Dispatcher" daemon [_thread_blocked, id=9420, stack(0x0000007ad2200000,0x0000007ad2300000)]
  0x0000020cdaf11000 JavaThread "Attach Listener" daemon [_thread_blocked, id=18748, stack(0x0000007ad2300000,0x0000007ad2400000)]
=>0x0000020cdaf15000 JavaThread "C2 CompilerThread0" daemon [_thread_in_native, id=8620, stack(0x0000007ad2400000,0x0000007ad2500000)]
  0x0000020cdb873800 JavaThread "C1 CompilerThread0" daemon [_thread_blocked, id=5192, stack(0x0000007ad2500000,0x0000007ad2600000)]
  0x0000020cdb878000 JavaThread "Sweeper thread" daemon [_thread_blocked, id=7672, stack(0x0000007ad2600000,0x0000007ad2700000)]
  0x0000020cdb9d1000 JavaThread "Common-Cleaner" daemon [_thread_blocked, id=15100, stack(0x0000007ad2700000,0x0000007ad2800000)]
  0x0000020cdbb6b800 JavaThread "Service Thread" daemon [_thread_blocked, id=1580, stack(0x0000007ad2900000,0x0000007ad2a00000)]
  0x0000020cdba52800 JavaThread "C2 CompilerThread1" daemon [_thread_blocked, id=19220, stack(0x0000007ad2800000,0x0000007ad2900000)]
  0x0000020cdc2d6800 JavaThread "RMI TCP Accept-0" daemon [_thread_in_native, id=12896, stack(0x0000007ad2a00000,0x0000007ad2b00000)]
  0x0000020cdc1c9800 JavaThread "RMI TCP Accept-50848" daemon [_thread_in_native, id=6920, stack(0x0000007ad2b00000,0x0000007ad2c00000)]
  0x0000020cdc18b000 JavaThread "RMI TCP Accept-0" daemon [_thread_in_native, id=6556, stack(0x0000007ad2c00000,0x0000007ad2d00000)]
  0x0000020cdc680800 JavaThread "Thread-0" [_thread_blocked, id=3328, stack(0x0000007ad3000000,0x0000007ad3100000)]
  0x0000020cdc33a800 JavaThread "restartedMain" [_thread_blocked, id=17512, stack(0x0000007ad3100000,0x0000007ad3200000)]
  0x0000020cde7c5800 JavaThread "Thread-3" [_thread_blocked, id=4224, stack(0x0000007ad3300000,0x0000007ad3400000)]

Other Threads:
  0x0000020cdaeee800 VMThread "VM Thread" [stack: 0x0000007ad1f00000,0x0000007ad2000000] [id=18344]
  0x0000020cdc0d6800 WatcherThread [stack: 0x0000007ad2d00000,0x0000007ad2e00000] [id=17624]
  0x0000020cbc811800 GCTaskThread "GC Thread#0" [stack: 0x0000007ad1a00000,0x0000007ad1b00000] [id=18672]
  0x0000020cdc18c000 GCTaskThread "GC Thread#1" [stack: 0x0000007ad2e00000,0x0000007ad2f00000] [id=17504]
  0x0000020cdc3dd800 GCTaskThread "GC Thread#2" [stack: 0x0000007ad2f00000,0x0000007ad3000000] [id=10948]
  0x0000020cdc9e1000 GCTaskThread "GC Thread#3" [stack: 0x0000007ad3200000,0x0000007ad3300000] [id=12920]
  0x0000020cbc843000 ConcurrentGCThread "G1 Main Marker" [stack: 0x0000007ad1b00000,0x0000007ad1c00000] [id=10016]
  0x0000020cbc845800 ConcurrentGCThread "G1 Conc#0" [stack: 0x0000007ad1c00000,0x0000007ad1d00000] [id=13936]
  0x0000020cbc8be800 ConcurrentGCThread "G1 Refine#0" [stack: 0x0000007ad1d00000,0x0000007ad1e00000] [id=7028]
  0x0000020cdad39800 ConcurrentGCThread "G1 Young RemSet Sampling" [stack: 0x0000007ad1e00000,0x0000007ad1f00000] [id=7044]

Threads with active compile tasks:
C2 CompilerThread0   2202 2154   !   4       java.net.URL::<init> (543 bytes)

VM state:at safepoint (normal execution)

VM Mutex/Monitor currently owned by a thread:  ([mutex/lock_event])
[0x0000020cbc7f7aa0] Threads_lock - owner thread: 0x0000020cdaeee800
[0x0000020cbc7f6d20] Heap_lock - owner thread: 0x0000020cde7c5800

Heap address: 0x0000000081e00000, size: 2018 MB, Compressed Oops mode: 32-bit
Narrow klass base: 0x0000000000000000, Narrow klass shift: 3
Compressed class space size: 1073741824 Address: 0x0000000100000000

Heap:
 garbage-first heap   total 157696K, used 10146K [0x0000000081e00000, 0x0000000100000000)
  region size 1024K, 4 young (4096K), 4 survivors (4096K)
 Metaspace       used 27309K, capacity 28135K, committed 28288K, reserved 1075200K
  class space    used 3086K, capacity 3406K, committed 3456K, reserved 1048576K
Heap Regions: E=young(eden), S=young(survivor), O=old, HS=humongous(starts), HC=humongous(continues), CS=collection set, F=free, A=archive, TAMS=top-at-mark-start (previous, next)
|   0|0x0000000081e00000, 0x0000000081f00000, 0x0000000081f00000|100%|HS|  |TAMS 0x0000000081f00000, 0x0000000081e00000| Complete 
|   1|0x0000000081f00000, 0x0000000082000000, 0x0000000082000000|100%| O|  |TAMS 0x0000000082000000, 0x0000000081f00000| Untracked 
|   2|0x0000000082000000, 0x0000000082100000, 0x0000000082100000|100%| O|  |TAMS 0x0000000082100000, 0x0000000082000000| Untracked 
|   3|0x0000000082100000, 0x0000000082200000, 0x0000000082200000|100%| O|  |TAMS 0x0000000082200000, 0x0000000082100000| Untracked 
|   4|0x0000000082200000, 0x0000000082300000, 0x0000000082300000|100%| O|  |TAMS 0x0000000082300000, 0x0000000082200000| Untracked 
|   5|0x0000000082300000, 0x0000000082400000, 0x0000000082400000|100%| O|  |TAMS 0x0000000082400000, 0x0000000082300000| Untracked 
|   6|0x0000000082400000, 0x000000008240f400, 0x0000000082500000|  5%| O|  |TAMS 0x000000008240f400, 0x0000000082400000| Untracked 
|   7|0x0000000082500000, 0x0000000082500000, 0x0000000082600000|  0%| F|  |TAMS 0x0000000082500000, 0x0000000082500000| Untracked 
|   8|0x0000000082600000, 0x0000000082600000, 0x0000000082700000|  0%| F|  |TAMS 0x0000000082600000, 0x0000000082600000| Untracked 
|   9|0x0000000082700000, 0x0000000082700000, 0x0000000082800000|  0%| F|  |TAMS 0x0000000082700000, 0x0000000082700000| Untracked 
|  10|0x0000000082800000, 0x0000000082800000, 0x0000000082900000|  0%| F|  |TAMS 0x0000000082800000, 0x0000000082800000| Untracked 
|  11|0x0000000082900000, 0x0000000082900000, 0x0000000082a00000|  0%| F|  |TAMS 0x0000000082900000, 0x0000000082900000| Untracked 
|  12|0x0000000082a00000, 0x0000000082a00000, 0x0000000082b00000|  0%| F|  |TAMS 0x0000000082a00000, 0x0000000082a00000| Untracked 
|  13|0x0000000082b00000, 0x0000000082b00000, 0x0000000082c00000|  0%| F|  |TAMS 0x0000000082b00000, 0x0000000082b00000| Untracked 
|  14|0x0000000082c00000, 0x0000000082c00000, 0x0000000082d00000|  0%| F|  |TAMS 0x0000000082c00000, 0x0000000082c00000| Untracked 
|  15|0x0000000082d00000, 0x0000000082d00000, 0x0000000082e00000|  0%| F|  |TAMS 0x0000000082d00000, 0x0000000082d00000| Untracked 
|  16|0x0000000082e00000, 0x0000000082e00000, 0x0000000082f00000|  0%| F|  |TAMS 0x0000000082e00000, 0x0000000082e00000| Untracked 
|  17|0x0000000082f00000, 0x0000000082f00000, 0x0000000083000000|  0%| F|  |TAMS 0x0000000082f00000, 0x0000000082f00000| Untracked 
|  18|0x0000000083000000, 0x0000000083000000, 0x0000000083100000|  0%| F|  |TAMS 0x0000000083000000, 0x0000000083000000| Untracked 
|  19|0x0000000083100000, 0x0000000083100000, 0x0000000083200000|  0%| F|  |TAMS 0x0000000083100000, 0x0000000083100000| Untracked 
|  20|0x0000000083200000, 0x0000000083200000, 0x0000000083300000|  0%| F|  |TAMS 0x0000000083200000, 0x0000000083200000| Untracked 
|  21|0x0000000083300000, 0x0000000083300000, 0x0000000083400000|  0%| F|  |TAMS 0x0000000083300000, 0x0000000083300000| Untracked 
|  22|0x0000000083400000, 0x0000000083400000, 0x0000000083500000|  0%| F|  |TAMS 0x0000000083400000, 0x0000000083400000| Untracked 
|  23|0x0000000083500000, 0x0000000083500000, 0x0000000083600000|  0%| F|  |TAMS 0x0000000083500000, 0x0000000083500000| Untracked 
|  24|0x0000000083600000, 0x0000000083600000, 0x0000000083700000|  0%| F|  |TAMS 0x0000000083600000, 0x0000000083600000| Untracked 
|  25|0x0000000083700000, 0x0000000083700000, 0x0000000083800000|  0%| F|  |TAMS 0x0000000083700000, 0x0000000083700000| Untracked 
|  26|0x0000000083800000, 0x0000000083800000, 0x0000000083900000|  0%| F|  |TAMS 0x0000000083800000, 0x0000000083800000| Untracked 
|  27|0x0000000083900000, 0x0000000083900000, 0x0000000083a00000|  0%| F|  |TAMS 0x0000000083900000, 0x0000000083900000| Untracked 
|  28|0x0000000083a00000, 0x0000000083a00000, 0x0000000083b00000|  0%| F|  |TAMS 0x0000000083a00000, 0x0000000083a00000| Untracked 
|  29|0x0000000083b00000, 0x0000000083b00000, 0x0000000083c00000|  0%| F|  |TAMS 0x0000000083b00000, 0x0000000083b00000| Untracked 
|  30|0x0000000083c00000, 0x0000000083c00000, 0x0000000083d00000|  0%| F|  |TAMS 0x0000000083c00000, 0x0000000083c00000| Untracked 
|  31|0x0000000083d00000, 0x0000000083d00000, 0x0000000083e00000|  0%| F|  |TAMS 0x0000000083d00000, 0x0000000083d00000| Untracked 
|  32|0x0000000083e00000, 0x0000000083e00000, 0x0000000083f00000|  0%| F|  |TAMS 0x0000000083e00000, 0x0000000083e00000| Untracked 
|  33|0x0000000083f00000, 0x0000000083f00000, 0x0000000084000000|  0%| F|  |TAMS 0x0000000083f00000, 0x0000000083f00000| Untracked 
|  34|0x0000000084000000, 0x0000000084000000, 0x0000000084100000|  0%| F|  |TAMS 0x0000000084000000, 0x0000000084000000| Untracked 
|  35|0x0000000084100000, 0x0000000084100000, 0x0000000084200000|  0%| F|  |TAMS 0x0000000084100000, 0x0000000084100000| Untracked 
|  36|0x0000000084200000, 0x0000000084200000, 0x0000000084300000|  0%| F|  |TAMS 0x0000000084200000, 0x0000000084200000| Untracked 
|  37|0x0000000084300000, 0x0000000084300000, 0x0000000084400000|  0%| F|  |TAMS 0x0000000084300000, 0x0000000084300000| Untracked 
|  38|0x0000000084400000, 0x0000000084400000, 0x0000000084500000|  0%| F|  |TAMS 0x0000000084400000, 0x0000000084400000| Untracked 
|  39|0x0000000084500000, 0x0000000084500000, 0x0000000084600000|  0%| F|  |TAMS 0x0000000084500000, 0x0000000084500000| Untracked 
|  40|0x0000000084600000, 0x0000000084600000, 0x0000000084700000|  0%| F|  |TAMS 0x0000000084600000, 0x0000000084600000| Untracked 
|  41|0x0000000084700000, 0x0000000084700000, 0x0000000084800000|  0%| F|  |TAMS 0x0000000084700000, 0x0000000084700000| Untracked 
|  42|0x0000000084800000, 0x0000000084800000, 0x0000000084900000|  0%| F|  |TAMS 0x0000000084800000, 0x0000000084800000| Untracked 
|  43|0x0000000084900000, 0x0000000084900000, 0x0000000084a00000|  0%| F|  |TAMS 0x0000000084900000, 0x0000000084900000| Untracked 
|  44|0x0000000084a00000, 0x0000000084a00000, 0x0000000084b00000|  0%| F|  |TAMS 0x0000000084a00000, 0x0000000084a00000| Untracked 
|  45|0x0000000084b00000, 0x0000000084b00000, 0x0000000084c00000|  0%| F|  |TAMS 0x0000000084b00000, 0x0000000084b00000| Untracked 
|  46|0x0000000084c00000, 0x0000000084c00000, 0x0000000084d00000|  0%| F|  |TAMS 0x0000000084c00000, 0x0000000084c00000| Untracked 
|  47|0x0000000084d00000, 0x0000000084d00000, 0x0000000084e00000|  0%| F|  |TAMS 0x0000000084d00000, 0x0000000084d00000| Untracked 
|  48|0x0000000084e00000, 0x0000000084ed9690, 0x0000000084f00000| 84%| S|CS|TAMS 0x0000000084e00000, 0x0000000084e00000| Complete 
|  49|0x0000000084f00000, 0x0000000085000000, 0x0000000085000000|100%| S|CS|TAMS 0x0000000084f00000, 0x0000000084f00000| Complete 
|  50|0x0000000085000000, 0x0000000085100000, 0x0000000085100000|100%| S|CS|TAMS 0x0000000085000000, 0x0000000085000000| Complete 
|  51|0x0000000085100000, 0x0000000085200000, 0x0000000085200000|100%| S|CS|TAMS 0x0000000085100000, 0x0000000085100000| Complete 
|  52|0x0000000085200000, 0x0000000085200000, 0x0000000085300000|  0%| F|  |TAMS 0x0000000085200000, 0x0000000085200000| Untracked 
|  53|0x0000000085300000, 0x0000000085300000, 0x0000000085400000|  0%| F|  |TAMS 0x0000000085300000, 0x0000000085300000| Untracked 
|  54|0x0000000085400000, 0x0000000085400000, 0x0000000085500000|  0%| F|  |TAMS 0x0000000085400000, 0x0000000085400000| Untracked 
|  55|0x0000000085500000, 0x0000000085500000, 0x0000000085600000|  0%| F|  |TAMS 0x0000000085500000, 0x0000000085500000| Untracked 
|  56|0x0000000085600000, 0x0000000085600000, 0x0000000085700000|  0%| F|  |TAMS 0x0000000085600000, 0x0000000085600000| Untracked 
|  57|0x0000000085700000, 0x0000000085700000, 0x0000000085800000|  0%| F|  |TAMS 0x0000000085700000, 0x0000000085700000| Untracked 
|  58|0x0000000085800000, 0x0000000085800000, 0x0000000085900000|  0%| F|  |TAMS 0x0000000085800000, 0x0000000085800000| Untracked 
|  59|0x0000000085900000, 0x0000000085900000, 0x0000000085a00000|  0%| F|  |TAMS 0x0000000085900000, 0x0000000085900000| Untracked 
|  60|0x0000000085a00000, 0x0000000085a00000, 0x0000000085b00000|  0%| F|  |TAMS 0x0000000085a00000, 0x0000000085a00000| Untracked 
|  61|0x0000000085b00000, 0x0000000085b00000, 0x0000000085c00000|  0%| F|  |TAMS 0x0000000085b00000, 0x0000000085b00000| Untracked 
|  62|0x0000000085c00000, 0x0000000085c00000, 0x0000000085d00000|  0%| F|  |TAMS 0x0000000085c00000, 0x0000000085c00000| Untracked 
|  63|0x0000000085d00000, 0x0000000085d00000, 0x0000000085e00000|  0%| F|  |TAMS 0x0000000085d00000, 0x0000000085d00000| Untracked 
|  64|0x0000000085e00000, 0x0000000085e00000, 0x0000000085f00000|  0%| F|  |TAMS 0x0000000085e00000, 0x0000000085e00000| Untracked 
|  65|0x0000000085f00000, 0x0000000085f00000, 0x0000000086000000|  0%| F|  |TAMS 0x0000000085f00000, 0x0000000085f00000| Untracked 
|  66|0x0000000086000000, 0x0000000086000000, 0x0000000086100000|  0%| F|  |TAMS 0x0000000086000000, 0x0000000086000000| Untracked 
|  67|0x0000000086100000, 0x0000000086100000, 0x0000000086200000|  0%| F|  |TAMS 0x0000000086100000, 0x0000000086100000| Untracked 
|  68|0x0000000086200000, 0x0000000086200000, 0x0000000086300000|  0%| F|  |TAMS 0x0000000086200000, 0x0000000086200000| Untracked 
|  69|0x0000000086300000, 0x0000000086300000, 0x0000000086400000|  0%| F|  |TAMS 0x0000000086300000, 0x0000000086300000| Untracked 
|  70|0x0000000086400000, 0x0000000086400000, 0x0000000086500000|  0%| F|  |TAMS 0x0000000086400000, 0x0000000086400000| Untracked 
|  71|0x0000000086500000, 0x0000000086500000, 0x0000000086600000|  0%| F|  |TAMS 0x0000000086500000, 0x0000000086500000| Untracked 
|  72|0x0000000086600000, 0x0000000086600000, 0x0000000086700000|  0%| F|  |TAMS 0x0000000086600000, 0x0000000086600000| Untracked 
|  73|0x0000000086700000, 0x0000000086700000, 0x0000000086800000|  0%| F|  |TAMS 0x0000000086700000, 0x0000000086700000| Untracked 
|  74|0x0000000086800000, 0x0000000086800000, 0x0000000086900000|  0%| F|  |TAMS 0x0000000086800000, 0x0000000086800000| Untracked 
|  75|0x0000000086900000, 0x0000000086900000, 0x0000000086a00000|  0%| F|  |TAMS 0x0000000086900000, 0x0000000086900000| Untracked 
|  76|0x0000000086a00000, 0x0000000086a00000, 0x0000000086b00000|  0%| F|  |TAMS 0x0000000086a00000, 0x0000000086a00000| Untracked 
|  77|0x0000000086b00000, 0x0000000086b00000, 0x0000000086c00000|  0%| F|  |TAMS 0x0000000086b00000, 0x0000000086b00000| Untracked 
|  78|0x0000000086c00000, 0x0000000086c00000, 0x0000000086d00000|  0%| F|  |TAMS 0x0000000086c00000, 0x0000000086c00000| Untracked 
|  79|0x0000000086d00000, 0x0000000086d00000, 0x0000000086e00000|  0%| F|  |TAMS 0x0000000086d00000, 0x0000000086d00000| Untracked 
|  80|0x0000000086e00000, 0x0000000086e00000, 0x0000000086f00000|  0%| F|  |TAMS 0x0000000086e00000, 0x0000000086e00000| Untracked 
|  81|0x0000000086f00000, 0x0000000086f00000, 0x0000000087000000|  0%| F|  |TAMS 0x0000000086f00000, 0x0000000086f00000| Untracked 
|  82|0x0000000087000000, 0x0000000087000000, 0x0000000087100000|  0%| F|  |TAMS 0x0000000087000000, 0x0000000087000000| Untracked 
|  83|0x0000000087100000, 0x0000000087100000, 0x0000000087200000|  0%| F|  |TAMS 0x0000000087100000, 0x0000000087100000| Untracked 
|  84|0x0000000087200000, 0x0000000087200000, 0x0000000087300000|  0%| F|  |TAMS 0x0000000087200000, 0x0000000087200000| Untracked 
|  85|0x0000000087300000, 0x0000000087300000, 0x0000000087400000|  0%| F|  |TAMS 0x0000000087300000, 0x0000000087300000| Untracked 
|  86|0x0000000087400000, 0x0000000087400000, 0x0000000087500000|  0%| F|  |TAMS 0x0000000087400000, 0x0000000087400000| Untracked 
|  87|0x0000000087500000, 0x0000000087500000, 0x0000000087600000|  0%| F|  |TAMS 0x0000000087500000, 0x0000000087500000| Untracked 
|  88|0x0000000087600000, 0x0000000087600000, 0x0000000087700000|  0%| F|  |TAMS 0x0000000087600000, 0x0000000087600000| Untracked 
|  89|0x0000000087700000, 0x0000000087700000, 0x0000000087800000|  0%| F|  |TAMS 0x0000000087700000, 0x0000000087700000| Untracked 
|  90|0x0000000087800000, 0x0000000087800000, 0x0000000087900000|  0%| F|  |TAMS 0x0000000087800000, 0x0000000087800000| Untracked 
|  91|0x0000000087900000, 0x0000000087900000, 0x0000000087a00000|  0%| F|  |TAMS 0x0000000087900000, 0x0000000087900000| Untracked 
|  92|0x0000000087a00000, 0x0000000087a00000, 0x0000000087b00000|  0%| F|  |TAMS 0x0000000087a00000, 0x0000000087a00000| Untracked 
|  93|0x0000000087b00000, 0x0000000087b00000, 0x0000000087c00000|  0%| F|  |TAMS 0x0000000087b00000, 0x0000000087b00000| Untracked 
|  94|0x0000000087c00000, 0x0000000087c00000, 0x0000000087d00000|  0%| F|  |TAMS 0x0000000087c00000, 0x0000000087c00000| Untracked 
|  95|0x0000000087d00000, 0x0000000087d00000, 0x0000000087e00000|  0%| F|  |TAMS 0x0000000087d00000, 0x0000000087d00000| Untracked 
|  96|0x0000000087e00000, 0x0000000087e00000, 0x0000000087f00000|  0%| F|  |TAMS 0x0000000087e00000, 0x0000000087e00000| Untracked 
|  97|0x0000000087f00000, 0x0000000087f00000, 0x0000000088000000|  0%| F|  |TAMS 0x0000000087f00000, 0x0000000087f00000| Untracked 
|  98|0x0000000088000000, 0x0000000088000000, 0x0000000088100000|  0%| F|  |TAMS 0x0000000088000000, 0x0000000088000000| Untracked 
|  99|0x0000000088100000, 0x0000000088100000, 0x0000000088200000|  0%| F|  |TAMS 0x0000000088100000, 0x0000000088100000| Untracked 
| 100|0x0000000088200000, 0x0000000088200000, 0x0000000088300000|  0%| F|  |TAMS 0x0000000088200000, 0x0000000088200000| Untracked 
| 101|0x0000000088300000, 0x0000000088300000, 0x0000000088400000|  0%| F|  |TAMS 0x0000000088300000, 0x0000000088300000| Untracked 
| 102|0x0000000088400000, 0x0000000088400000, 0x0000000088500000|  0%| F|  |TAMS 0x0000000088400000, 0x0000000088400000| Untracked 
| 103|0x0000000088500000, 0x0000000088500000, 0x0000000088600000|  0%| F|  |TAMS 0x0000000088500000, 0x0000000088500000| Untracked 
| 104|0x0000000088600000, 0x0000000088600000, 0x0000000088700000|  0%| F|  |TAMS 0x0000000088600000, 0x0000000088600000| Untracked 
| 105|0x0000000088700000, 0x0000000088700000, 0x0000000088800000|  0%| F|  |TAMS 0x0000000088700000, 0x0000000088700000| Untracked 
| 106|0x0000000088800000, 0x0000000088800000, 0x0000000088900000|  0%| F|  |TAMS 0x0000000088800000, 0x0000000088800000| Untracked 
| 107|0x0000000088900000, 0x0000000088900000, 0x0000000088a00000|  0%| F|  |TAMS 0x0000000088900000, 0x0000000088900000| Untracked 
| 108|0x0000000088a00000, 0x0000000088a00000, 0x0000000088b00000|  0%| F|  |TAMS 0x0000000088a00000, 0x0000000088a00000| Untracked 
| 109|0x0000000088b00000, 0x0000000088b00000, 0x0000000088c00000|  0%| F|  |TAMS 0x0000000088b00000, 0x0000000088b00000| Untracked 
| 110|0x0000000088c00000, 0x0000000088c00000, 0x0000000088d00000|  0%| F|  |TAMS 0x0000000088c00000, 0x0000000088c00000| Untracked 
| 111|0x0000000088d00000, 0x0000000088d00000, 0x0000000088e00000|  0%| F|  |TAMS 0x0000000088d00000, 0x0000000088d00000| Untracked 
| 112|0x0000000088e00000, 0x0000000088e00000, 0x0000000088f00000|  0%| F|  |TAMS 0x0000000088e00000, 0x0000000088e00000| Untracked 
| 113|0x0000000088f00000, 0x0000000088f00000, 0x0000000089000000|  0%| F|  |TAMS 0x0000000088f00000, 0x0000000088f00000| Untracked 
| 114|0x0000000089000000, 0x0000000089000000, 0x0000000089100000|  0%| F|  |TAMS 0x0000000089000000, 0x0000000089000000| Untracked 
| 115|0x0000000089100000, 0x0000000089100000, 0x0000000089200000|  0%| F|  |TAMS 0x0000000089100000, 0x0000000089100000| Untracked 
| 116|0x0000000089200000, 0x0000000089200000, 0x0000000089300000|  0%| F|  |TAMS 0x0000000089200000, 0x0000000089200000| Untracked 
| 117|0x0000000089300000, 0x0000000089300000, 0x0000000089400000|  0%| F|  |TAMS 0x0000000089300000, 0x0000000089300000| Untracked 
| 118|0x0000000089400000, 0x0000000089400000, 0x0000000089500000|  0%| F|  |TAMS 0x0000000089400000, 0x0000000089400000| Untracked 
| 119|0x0000000089500000, 0x0000000089500000, 0x0000000089600000|  0%| F|  |TAMS 0x0000000089500000, 0x0000000089500000| Untracked 
| 120|0x0000000089600000, 0x0000000089600000, 0x0000000089700000|  0%| F|  |TAMS 0x0000000089600000, 0x0000000089600000| Untracked 
| 121|0x0000000089700000, 0x0000000089700000, 0x0000000089800000|  0%| F|  |TAMS 0x0000000089700000, 0x0000000089700000| Untracked 
| 122|0x0000000089800000, 0x0000000089800000, 0x0000000089900000|  0%| F|  |TAMS 0x0000000089800000, 0x0000000089800000| Untracked 
| 123|0x0000000089900000, 0x0000000089900000, 0x0000000089a00000|  0%| F|  |TAMS 0x0000000089900000, 0x0000000089900000| Untracked 
| 124|0x0000000089a00000, 0x0000000089a00000, 0x0000000089b00000|  0%| F|  |TAMS 0x0000000089a00000, 0x0000000089a00000| Untracked 
| 125|0x0000000089b00000, 0x0000000089b00000, 0x0000000089c00000|  0%| F|  |TAMS 0x0000000089b00000, 0x0000000089b00000| Untracked 
| 126|0x0000000089c00000, 0x0000000089c00000, 0x0000000089d00000|  0%| F|  |TAMS 0x0000000089c00000, 0x0000000089c00000| Untracked 
| 127|0x0000000089d00000, 0x0000000089d00000, 0x0000000089e00000|  0%| F|  |TAMS 0x0000000089d00000, 0x0000000089d00000| Untracked 

Card table byte_map: [0x0000020cd42d0000,0x0000020cd46d0000] _byte_map_base: 0x0000020cd3ec1000

Marking Bits (Prev, Next): (CMBitMap*) 0x0000020cbc83a200, (CMBitMap*) 0x0000020cbc83a1c8
 Prev Bits: [0x0000020cd6a60000, 0x0000020cd89e8000)
 Next Bits: [0x0000020cd4ad0000, 0x0000020cd6a58000)

Polling page: 0x0000020cbbfc0000

Metaspace:

Usage:
  Non-class:     24.15 MB capacity,    23.66 MB ( 98%) used,   419.15 KB (  2%) free+waste,    86.44 KB ( <1%) overhead. 
      Class:      3.33 MB capacity,     3.01 MB ( 91%) used,   276.61 KB (  8%) free+waste,    42.81 KB (  1%) overhead. 
       Both:     27.48 MB capacity,    26.67 MB ( 97%) used,   695.76 KB (  2%) free+waste,   129.25 KB ( <1%) overhead. 

Virtual space:
  Non-class space:       26.00 MB reserved,      24.25 MB ( 93%) committed 
      Class space:        1.00 GB reserved,       3.38 MB ( <1%) committed 
             Both:        1.03 GB reserved,      27.63 MB (  3%) committed 

Chunk freelists:
   Non-Class:  39.00 KB
       Class:  18.00 KB
        Both:  57.00 KB

MaxMetaspaceSize: 17179869184.00 GB
CompressedClassSpaceSize: 1.00 GB

CodeHeap 'non-profiled nmethods': size=120064Kb used=904Kb max_used=904Kb free=119159Kb
 bounds [0x0000020ccc990000, 0x0000020cccc00000, 0x0000020cd3ed0000]
CodeHeap 'profiled nmethods': size=120000Kb used=4346Kb max_used=4346Kb free=115654Kb
 bounds [0x0000020cc5460000, 0x0000020cc58a0000, 0x0000020ccc990000]
CodeHeap 'non-nmethods': size=5696Kb used=1138Kb max_used=1167Kb free=4557Kb
 bounds [0x0000020cc4ed0000, 0x0000020cc5140000, 0x0000020cc5460000]
 total_blobs=2723 nmethods=2253 adapters=381
 compilation: enabled
              stopped_count=0, restarted_count=0
 full_count=0

Compilation events (20 events):
Event: 2.128 Thread 0x0000020cdb873800 2245 %     3       java.util.Properties::load0 @ 29 (249 bytes)
Event: 2.129 Thread 0x0000020cdb873800 nmethod 2245% 0x0000020cc5899090 code [0x0000020cc5899300, 0x0000020cc5899e48]
Event: 2.129 Thread 0x0000020cdb873800 2246       3       java.util.Properties::load0 (249 bytes)
Event: 2.130 Thread 0x0000020cdb873800 nmethod 2246 0x0000020cc589a210 code [0x0000020cc589a460, 0x0000020cc589ae68]
Event: 2.131 Thread 0x0000020cdb873800 2247       3       java.util.concurrent.ConcurrentHashMap$EntryIterator::next (5 bytes)
Event: 2.131 Thread 0x0000020cdb873800 nmethod 2247 0x0000020cc589b190 code [0x0000020cc589b340, 0x0000020cc589b468]
Event: 2.131 Thread 0x0000020cdb873800 2248       3       java.util.concurrent.ConcurrentHashMap$EntryIterator::next (51 bytes)
Event: 2.131 Thread 0x0000020cdb873800 nmethod 2248 0x0000020cc589b510 code [0x0000020cc589b700, 0x0000020cc589bbf8]
Event: 2.131 Thread 0x0000020cdb873800 2249       3       java.util.concurrent.ConcurrentHashMap$MapEntry::<init> (20 bytes)
Event: 2.131 Thread 0x0000020cdb873800 nmethod 2249 0x0000020cc589bd90 code [0x0000020cc589bf40, 0x0000020cc589c1b8]
Event: 2.139 Thread 0x0000020cdba52800 nmethod 2242% 0x0000020ccca6e590 code [0x0000020ccca6e7a0, 0x0000020ccca6f220]
Event: 2.139 Thread 0x0000020cdba52800 2243       4       java.util.Properties$LineReader::readLine (635 bytes)
Event: 2.155 Thread 0x0000020cdb873800 2250       3       java.lang.ReflectiveOperationException::<init> (7 bytes)
Event: 2.156 Thread 0x0000020cdb873800 nmethod 2250 0x0000020cc589c290 code [0x0000020cc589c460, 0x0000020cc589c5e8]
Event: 2.156 Thread 0x0000020cdb873800 2251       3       java.lang.Exception::<init> (7 bytes)
Event: 2.156 Thread 0x0000020cdb873800 nmethod 2251 0x0000020cc589c690 code [0x0000020cc589c840, 0x0000020cc589c968]
Event: 2.156 Thread 0x0000020cdb873800 2252       3       java.lang.Throwable::<init> (39 bytes)
Event: 2.156 Thread 0x0000020cdb873800 nmethod 2252 0x0000020cc589ca10 code [0x0000020cc589cc00, 0x0000020cc589d308]
Event: 2.156 Thread 0x0000020cdb873800 2253       3       java.lang.ClassNotFoundException::<init> (7 bytes)
Event: 2.156 Thread 0x0000020cdb873800 nmethod 2253 0x0000020cc589d490 code [0x0000020cc589d660, 0x0000020cc589d868]

GC Heap History (10 events):
Event: 0.789 GC heap before
{Heap before GC invocations=0 (full 0):
 garbage-first heap   total 131072K, used 14336K [0x0000000081e00000, 0x0000000100000000)
  region size 1024K, 14 young (14336K), 0 survivors (0K)
 Metaspace       used 12880K, capacity 13248K, committed 13440K, reserved 1060864K
  class space    used 1291K, capacity 1404K, committed 1408K, reserved 1048576K
}
Event: 0.796 GC heap after
{Heap after GC invocations=1 (full 0):
 garbage-first heap   total 131072K, used 6125K [0x0000000081e00000, 0x0000000100000000)
  region size 1024K, 2 young (2048K), 2 survivors (2048K)
 Metaspace       used 12880K, capacity 13248K, committed 13440K, reserved 1060864K
  class space    used 1291K, capacity 1404K, committed 1408K, reserved 1048576K
}
Event: 0.989 GC heap before
{Heap before GC invocations=1 (full 0):
 garbage-first heap   total 131072K, used 15341K [0x0000000081e00000, 0x0000000100000000)
  region size 1024K, 11 young (11264K), 2 survivors (2048K)
 Metaspace       used 15034K, capacity 15386K, committed 15488K, reserved 1062912K
  class space    used 1521K, capacity 1650K, committed 1664K, reserved 1048576K
}
Event: 0.993 GC heap after
{Heap after GC invocations=2 (full 0):
 garbage-first heap   total 131072K, used 7213K [0x0000000081e00000, 0x0000000100000000)
  region size 1024K, 1 young (1024K), 1 survivors (1024K)
 Metaspace       used 15034K, capacity 15386K, committed 15488K, reserved 1062912K
  class space    used 1521K, capacity 1650K, committed 1664K, reserved 1048576K
}
Event: 1.074 GC heap before
{Heap before GC invocations=2 (full 0):
 garbage-first heap   total 131072K, used 31789K [0x0000000081e00000, 0x0000000100000000)
  region size 1024K, 26 young (26624K), 1 survivors (1024K)
 Metaspace       used 15898K, capacity 16310K, committed 16384K, reserved 1064960K
  class space    used 1623K, capacity 1767K, committed 1792K, reserved 1048576K
}
Event: 1.076 GC heap after
{Heap after GC invocations=3 (full 0):
 garbage-first heap   total 131072K, used 7429K [0x0000000081e00000, 0x0000000100000000)
  region size 1024K, 2 young (2048K), 2 survivors (2048K)
 Metaspace       used 15898K, capacity 16310K, committed 16384K, reserved 1064960K
  class space    used 1623K, capacity 1767K, committed 1792K, reserved 1048576K
}
Event: 1.504 GC heap before
{Heap before GC invocations=3 (full 0):
 garbage-first heap   total 131072K, used 45317K [0x0000000081e00000, 0x0000000100000000)
  region size 1024K, 40 young (40960K), 2 survivors (2048K)
 Metaspace       used 19360K, capacity 19960K, committed 20096K, reserved 1067008K
  class space    used 2078K, capacity 2314K, committed 2432K, reserved 1048576K
}
Event: 1.514 GC heap after
{Heap after GC invocations=4 (full 0):
 garbage-first heap   total 131072K, used 8354K [0x0000000081e00000, 0x0000000100000000)
  region size 1024K, 3 young (3072K), 3 survivors (3072K)
 Metaspace       used 19360K, capacity 19960K, committed 20096K, reserved 1067008K
  class space    used 2078K, capacity 2314K, committed 2432K, reserved 1048576K
}
Event: 1.620 GC heap before
{Heap before GC invocations=4 (full 0):
 garbage-first heap   total 131072K, used 14498K [0x0000000081e00000, 0x0000000100000000)
  region size 1024K, 11 young (11264K), 3 survivors (3072K)
 Metaspace       used 20551K, capacity 21156K, committed 21248K, reserved 1069056K
  class space    used 2251K, capacity 2477K, committed 2560K, reserved 1048576K
}
Event: 1.623 GC heap after
{Heap after GC invocations=5 (full 0):
 garbage-first heap   total 131072K, used 8787K [0x0000000081e00000, 0x0000000100000000)
  region size 1024K, 3 young (3072K), 3 survivors (3072K)
 Metaspace       used 20551K, capacity 21156K, committed 21248K, reserved 1069056K
  class space    used 2251K, capacity 2477K, committed 2560K, reserved 1048576K
}

Deoptimization events (20 events):
Event: 2.124 Thread 0x0000020cdc33a800 DEOPT PACKING pc=0x0000020cc5560211 sp=0x0000007ad31fd830
Event: 2.124 Thread 0x0000020cdc33a800 DEOPT UNPACKING pc=0x0000020cc4ef72ce sp=0x0000007ad31fcd10 mode 0
Event: 2.125 Thread 0x0000020cdc33a800 DEOPT PACKING pc=0x0000020cc5560211 sp=0x0000007ad31fd830
Event: 2.125 Thread 0x0000020cdc33a800 DEOPT UNPACKING pc=0x0000020cc4ef72ce sp=0x0000007ad31fcd10 mode 0
Event: 2.126 Thread 0x0000020cdc33a800 DEOPT PACKING pc=0x0000020cc5560211 sp=0x0000007ad31fd830
Event: 2.126 Thread 0x0000020cdc33a800 DEOPT UNPACKING pc=0x0000020cc4ef72ce sp=0x0000007ad31fcd10 mode 0
Event: 2.126 Thread 0x0000020cdc33a800 DEOPT PACKING pc=0x0000020cc5560211 sp=0x0000007ad31fd830
Event: 2.126 Thread 0x0000020cdc33a800 DEOPT UNPACKING pc=0x0000020cc4ef72ce sp=0x0000007ad31fcd10 mode 0
Event: 2.127 Thread 0x0000020cdc33a800 DEOPT PACKING pc=0x0000020cc5560211 sp=0x0000007ad31fd830
Event: 2.127 Thread 0x0000020cdc33a800 DEOPT UNPACKING pc=0x0000020cc4ef72ce sp=0x0000007ad31fcd10 mode 0
Event: 2.128 Thread 0x0000020cdc33a800 DEOPT PACKING pc=0x0000020cc5560211 sp=0x0000007ad31fd830
Event: 2.128 Thread 0x0000020cdc33a800 DEOPT UNPACKING pc=0x0000020cc4ef72ce sp=0x0000007ad31fcd10 mode 0
Event: 2.129 Thread 0x0000020cdc33a800 DEOPT PACKING pc=0x0000020cc5560211 sp=0x0000007ad31fd830
Event: 2.129 Thread 0x0000020cdc33a800 DEOPT UNPACKING pc=0x0000020cc4ef72ce sp=0x0000007ad31fcd10 mode 0
Event: 2.129 Thread 0x0000020cdc33a800 DEOPT PACKING pc=0x0000020cc5560211 sp=0x0000007ad31fd810
Event: 2.129 Thread 0x0000020cdc33a800 DEOPT UNPACKING pc=0x0000020cc4ef72ce sp=0x0000007ad31fcce8 mode 0
Event: 2.129 Thread 0x0000020cdc33a800 DEOPT PACKING pc=0x0000020cc5560211 sp=0x0000007ad31fd810
Event: 2.130 Thread 0x0000020cdc33a800 DEOPT UNPACKING pc=0x0000020cc4ef72ce sp=0x0000007ad31fcce8 mode 0
Event: 2.130 Thread 0x0000020cdc33a800 DEOPT PACKING pc=0x0000020cc5560211 sp=0x0000007ad31fd810
Event: 2.130 Thread 0x0000020cdc33a800 DEOPT UNPACKING pc=0x0000020cc4ef72ce sp=0x0000007ad31fcce8 mode 0

Classes redefined (0 events):
No events

Internal exceptions (20 events):
Event: 1.910 Thread 0x0000020cdc33a800 Exception <a 'java/lang/ClassNotFoundException'{0x00000000883d81f0}: org/springframework/context/annotation/ConfigurationClassPostProcessorCustomizer> (0x00000000883d81f0) thrown at [./src/hotspot/share/classfile/systemDictionary.cpp, line 231]
Event: 1.915 Thread 0x0000020cdc33a800 Exception <a 'java/lang/ClassNotFoundException'{0x0000000088205890}: org/springframework/beans/factory/support/BeanDefinitionRegistryPostProcessorCustomizer> (0x0000000088205890) thrown at [./src/hotspot/share/classfile/systemDictionary.cpp, line 231]
Event: 1.916 Thread 0x0000020cdc33a800 Exception <a 'java/lang/ClassNotFoundException'{0x0000000088215388}: org/springframework/beans/factory/config/BeanFactoryPostProcessorCustomizer> (0x0000000088215388) thrown at [./src/hotspot/share/classfile/systemDictionary.cpp, line 231]
Event: 1.916 Thread 0x0000020cdc33a800 Exception <a 'java/lang/ClassNotFoundException'{0x0000000088222540}: org/springframework/core/PriorityOrderedCustomizer> (0x0000000088222540) thrown at [./src/hotspot/share/classfile/systemDictionary.cpp, line 231]
Event: 1.917 Thread 0x0000020cdc33a800 Exception <a 'java/lang/ClassNotFoundException'{0x000000008822d8a8}: org/springframework/core/OrderedCustomizer> (0x000000008822d8a8) thrown at [./src/hotspot/share/classfile/systemDictionary.cpp, line 231]
Event: 1.918 Thread 0x0000020cdc33a800 Exception <a 'java/lang/ClassNotFoundException'{0x000000008823b1b8}: org/springframework/context/ResourceLoaderAwareCustomizer> (0x000000008823b1b8) thrown at [./src/hotspot/share/classfile/systemDictionary.cpp, line 231]
Event: 1.919 Thread 0x0000020cdc33a800 Exception <a 'java/lang/ClassNotFoundException'{0x0000000088248038}: org/springframework/beans/factory/AwareCustomizer> (0x0000000088248038) thrown at [./src/hotspot/share/classfile/systemDictionary.cpp, line 231]
Event: 1.920 Thread 0x0000020cdc33a800 Exception <a 'java/lang/ClassNotFoundException'{0x0000000088255350}: org/springframework/context/ApplicationStartupAwareCustomizer> (0x0000000088255350) thrown at [./src/hotspot/share/classfile/systemDictionary.cpp, line 231]
Event: 1.921 Thread 0x0000020cdc33a800 Exception <a 'java/lang/ClassNotFoundException'{0x0000000088262448}: org/springframework/beans/factory/AwareCustomizer> (0x0000000088262448) thrown at [./src/hotspot/share/classfile/systemDictionary.cpp, line 231]
Event: 1.921 Thread 0x0000020cdc33a800 Exception <a 'java/lang/ClassNotFoundException'{0x000000008826fa28}: org/springframework/beans/factory/BeanClassLoaderAwareCustomizer> (0x000000008826fa28) thrown at [./src/hotspot/share/classfile/systemDictionary.cpp, line 231]
Event: 1.922 Thread 0x0000020cdc33a800 Exception <a 'java/lang/ClassNotFoundException'{0x000000008827c8c0}: org/springframework/beans/factory/AwareCustomizer> (0x000000008827c8c0) thrown at [./src/hotspot/share/classfile/systemDictionary.cpp, line 231]
Event: 1.939 Thread 0x0000020cdc33a800 Exception <a 'java/lang/ClassNotFoundException'{0x0000000088083008}: org/springframework/context/EnvironmentAwareCustomizer> (0x0000000088083008) thrown at [./src/hotspot/share/classfile/systemDictionary.cpp, line 231]
Event: 1.940 Thread 0x0000020cdc33a800 Exception <a 'java/lang/ClassNotFoundException'{0x000000008808fe18}: org/springframework/beans/factory/AwareCustomizer> (0x000000008808fe18) thrown at [./src/hotspot/share/classfile/systemDictionary.cpp, line 231]
Event: 2.011 Thread 0x0000020cdcb1a000 Exception <a 'java/lang/NoSuchMethodError'{0x0000000087b6db30}: 'long java.lang.invoke.DirectMethodHandle$Holder.invokeSpecial(java.lang.Object, java.lang.Object)'> (0x0000000087b6db30) thrown at [./src/hotspot/share/interpreter/linkResolver.cpp, line 773]
Event: 2.014 Thread 0x0000020cdcb1a000 Exception <a 'java/lang/NoSuchMethodError'{0x0000000087b77e80}: 'long java.lang.invoke.DirectMethodHandle$Holder.invokeStatic(java.lang.Object, java.lang.Object)'> (0x0000000087b77e80) thrown at [./src/hotspot/share/interpreter/linkResolver.cpp, line 773]
Event: 2.014 Thread 0x0000020cdcb1a000 Exception <a 'java/lang/NoSuchMethodError'{0x0000000087b7aca8}: 'long java.lang.invoke.DirectMethodHandle$Holder.invokeStaticInit(java.lang.Object, java.lang.Object)'> (0x0000000087b7aca8) thrown at [./src/hotspot/share/interpreter/linkResolver.cpp, line 773]
Event: 2.018 Thread 0x0000020cdcb1a000 Exception <a 'java/lang/NoSuchMethodError'{0x0000000087a07888}: 'long java.lang.invoke.DirectMethodHandle$Holder.invokeInterface(java.lang.Object, java.lang.Object)'> (0x0000000087a07888) thrown at [./src/hotspot/share/interpreter/linkResolver.cpp, line 773]
Event: 2.018 Thread 0x0000020cdcb1a000 Exception <a 'java/lang/IncompatibleClassChangeError'{0x0000000087a0a620}: Found class java.lang.Object, but interface was expected> (0x0000000087a0a620) thrown at [./src/hotspot/share/interpreter/linkResolver.cpp, line 839]
Event: 2.051 Thread 0x0000020cdcb1a000 Exception <a 'java/lang/NoSuchMethodError'{0x0000000087ab7638}: 'java.lang.Object java.lang.invoke.DirectMethodHandle$Holder.invokeVirtual(java.lang.Object, java.lang.Object, java.lang.Object, java.lang.Object)'> (0x0000000087ab7638) thrown at [./src/hotspot/share/interpreter/linkResolver.cpp, line 773]
Event: 2.085 Thread 0x0000020cdc33a800 Exception <a 'java/lang/NoSuchMethodError'{0x00000000879c0708}: 'int java.lang.invoke.DirectMethodHandle$Holder.invokeSpecialIFC(java.lang.Object, java.lang.Object, java.lang.Object, java.lang.Object)'> (0x00000000879c0708) thrown at [./src/hotspot/share/interpreter/linkResolver.cpp, line 773]

Events (20 events):
Event: 2.154 loading class org/springframework/ldap/core/ContextSource
Event: 2.154 loading class org/springframework/ldap/core/ContextSource done
Event: 2.154 loading class liquibase/change/DatabaseChange
Event: 2.154 loading class liquibase/change/DatabaseChange done
Event: 2.154 loading class org/springframework/batch/core/launch/JobLauncher
Event: 2.154 loading class org/springframework/batch/core/launch/JobLauncher done
Event: 2.154 loading class javax/activation/MimeType
Event: 2.154 loading class javax/activation/MimeType done
Event: 2.155 loading class javax/mail/internet/MimeMessage
Event: 2.155 loading class javax/mail/internet/MimeMessage done
Event: 2.156 loading class com/mongodb/MongoClientSettings
Event: 2.156 loading class com/mongodb/MongoClientSettings done
Event: 2.156 loading class com/mongodb/client/MongoClient
Event: 2.156 loading class com/mongodb/client/MongoClient done
Event: 2.156 loading class com/mongodb/reactivestreams/client/MongoClient
Event: 2.156 loading class com/mongodb/reactivestreams/client/MongoClient done
Event: 2.156 loading class com/samskivert/mustache/Mustache
Event: 2.156 loading class com/samskivert/mustache/Mustache done
Event: 2.157 loading class org/springframework/cache/CacheManager
Event: 2.157 loading class org/springframework/cache/CacheManager done


Dynamic libraries:
0x00007ff71ef00000 - 0x00007ff71ef0d000 	C:\Program Files\AdoptOpenJDK\jdk-11.0.9.101-hotspot\bin\java.exe
0x00007ffd4ea60000 - 0x00007ffd4ec41000 	C:\WINDOWS\SYSTEM32\ntdll.dll
0x00007ffd4e450000 - 0x00007ffd4e501000 	C:\WINDOWS\System32\KERNEL32.DLL
0x00007ffd4ba20000 - 0x00007ffd4bc93000 	C:\WINDOWS\System32\KERNELBASE.dll
0x00007ffd4b780000 - 0x00007ffd4b878000 	C:\WINDOWS\System32\ucrtbase.dll
0x00007ffd30590000 - 0x00007ffd305a5000 	C:\Program Files\AdoptOpenJDK\jdk-11.0.9.101-hotspot\bin\VCRUNTIME140.dll
0x00007ffd34740000 - 0x00007ffd34757000 	C:\Program Files\AdoptOpenJDK\jdk-11.0.9.101-hotspot\bin\jli.dll
0x00007ffd4e830000 - 0x00007ffd4e9c0000 	C:\WINDOWS\System32\USER32.dll
0x00007ffd4afb0000 - 0x00007ffd4afd0000 	C:\WINDOWS\System32\win32u.dll
0x00007ffd3b1b0000 - 0x00007ffd3b419000 	C:\WINDOWS\WinSxS\amd64_microsoft.windows.common-controls_6595b64144ccf1df_6.0.17134.1246_none_d3ffb9d77c90723d\COMCTL32.dll
0x00007ffd4c220000 - 0x00007ffd4c248000 	C:\WINDOWS\System32\GDI32.dll
0x00007ffd4cb00000 - 0x00007ffd4cb9e000 	C:\WINDOWS\System32\msvcrt.dll
0x00007ffd4b880000 - 0x00007ffd4ba11000 	C:\WINDOWS\System32\gdi32full.dll
0x00007ffd4c700000 - 0x00007ffd4ca21000 	C:\WINDOWS\System32\combase.dll
0x00007ffd4b6e0000 - 0x00007ffd4b77f000 	C:\WINDOWS\System32\msvcp_win.dll
0x00007ffd4c010000 - 0x00007ffd4c134000 	C:\WINDOWS\System32\RPCRT4.dll
0x00007ffd4ae20000 - 0x00007ffd4ae99000 	C:\WINDOWS\System32\bcryptPrimitives.dll
0x00007ffd4c260000 - 0x00007ffd4c28d000 	C:\WINDOWS\System32\IMM32.DLL
0x00007ffd1d400000 - 0x00007ffd1d49b000 	C:\Program Files\AdoptOpenJDK\jdk-11.0.9.101-hotspot\bin\msvcp140.dll
0x00007ffd07e10000 - 0x00007ffd08953000 	C:\Program Files\AdoptOpenJDK\jdk-11.0.9.101-hotspot\bin\server\jvm.dll
0x00007ffd4e780000 - 0x00007ffd4e821000 	C:\WINDOWS\System32\ADVAPI32.dll
0x00007ffd4c290000 - 0x00007ffd4c2eb000 	C:\WINDOWS\System32\sechost.dll
0x00007ffd4dff0000 - 0x00007ffd4dff8000 	C:\WINDOWS\System32\PSAPI.DLL
0x00007ffd43740000 - 0x00007ffd43749000 	C:\WINDOWS\SYSTEM32\WSOCK32.dll
0x00007ffd478e0000 - 0x00007ffd47903000 	C:\WINDOWS\SYSTEM32\WINMM.dll
0x00007ffd3f960000 - 0x00007ffd3f96a000 	C:\WINDOWS\SYSTEM32\VERSION.dll
0x00007ffd4e9c0000 - 0x00007ffd4ea2c000 	C:\WINDOWS\System32\WS2_32.dll
0x00007ffd478b0000 - 0x00007ffd478da000 	C:\WINDOWS\SYSTEM32\winmmbase.dll
0x00007ffd4bca0000 - 0x00007ffd4bce9000 	C:\WINDOWS\System32\cfgmgr32.dll
0x00007ffd4ae00000 - 0x00007ffd4ae11000 	C:\WINDOWS\System32\kernel.appcore.dll
0x00007ffd3ca10000 - 0x00007ffd3ca20000 	C:\Program Files\AdoptOpenJDK\jdk-11.0.9.101-hotspot\bin\verify.dll
0x00007ffd49870000 - 0x00007ffd49a39000 	C:\WINDOWS\SYSTEM32\DBGHELP.DLL
0x00007ffd380f0000 - 0x00007ffd38119000 	C:\WINDOWS\SYSTEM32\dbgcore.DLL
0x00007ffd2b480000 - 0x00007ffd2b4a8000 	C:\Program Files\AdoptOpenJDK\jdk-11.0.9.101-hotspot\bin\java.dll
0x00007ffd3c9d0000 - 0x00007ffd3c9da000 	C:\Program Files\AdoptOpenJDK\jdk-11.0.9.101-hotspot\bin\jimage.dll
0x00007ffd2b460000 - 0x00007ffd2b477000 	C:\Program Files\AdoptOpenJDK\jdk-11.0.9.101-hotspot\bin\zip.dll
0x00007ffd4cba0000 - 0x00007ffd4dfe5000 	C:\WINDOWS\System32\SHELL32.dll
0x00007ffd4ca50000 - 0x00007ffd4caf9000 	C:\WINDOWS\System32\shcore.dll
0x00007ffd4afd0000 - 0x00007ffd4b6e0000 	C:\WINDOWS\System32\windows.storage.dll
0x00007ffd4e710000 - 0x00007ffd4e761000 	C:\WINDOWS\System32\shlwapi.dll
0x00007ffd4ad60000 - 0x00007ffd4ad7f000 	C:\WINDOWS\System32\profapi.dll
0x00007ffd4adb0000 - 0x00007ffd4adfc000 	C:\WINDOWS\System32\powrprof.dll
0x00007ffd4ad80000 - 0x00007ffd4ad8a000 	C:\WINDOWS\System32\FLTLIB.DLL
0x00007ffd2b3e0000 - 0x00007ffd2b3f9000 	C:\Program Files\AdoptOpenJDK\jdk-11.0.9.101-hotspot\bin\net.dll
0x00007ffd3f3e0000 - 0x00007ffd3f4bd000 	C:\WINDOWS\SYSTEM32\WINHTTP.dll
0x00007ffd4a5e0000 - 0x00007ffd4a646000 	C:\WINDOWS\system32\mswsock.dll
0x00007ffd245f0000 - 0x00007ffd24602000 	C:\Program Files\AdoptOpenJDK\jdk-11.0.9.101-hotspot\bin\nio.dll
0x00007ffd3b530000 - 0x00007ffd3b539000 	C:\Program Files\AdoptOpenJDK\jdk-11.0.9.101-hotspot\bin\management.dll
0x00007ffd3a2f0000 - 0x00007ffd3a2fb000 	C:\Program Files\AdoptOpenJDK\jdk-11.0.9.101-hotspot\bin\management_ext.dll
0x00007ffd2d1f0000 - 0x00007ffd2d206000 	C:\WINDOWS\system32\napinsp.dll
0x00007ffd2d1d0000 - 0x00007ffd2d1ea000 	C:\WINDOWS\system32\pnrpnsp.dll
0x00007ffd474c0000 - 0x00007ffd474d9000 	C:\WINDOWS\system32\NLAapi.dll
0x00007ffd4a370000 - 0x00007ffd4a42e000 	C:\WINDOWS\SYSTEM32\DNSAPI.dll
0x00007ffd4e770000 - 0x00007ffd4e778000 	C:\WINDOWS\System32\NSI.dll
0x00007ffd4a330000 - 0x00007ffd4a368000 	C:\WINDOWS\SYSTEM32\IPHLPAPI.DLL
0x00007ffd2cb90000 - 0x00007ffd2cb9e000 	C:\WINDOWS\System32\winrnr.dll
0x00007ffd41eb0000 - 0x00007ffd41ec5000 	C:\WINDOWS\System32\wshbth.dll
0x00007ffd3ae10000 - 0x00007ffd3ae1a000 	C:\Windows\System32\rasadhlp.dll
0x00007ffd3b750000 - 0x00007ffd3b7c2000 	C:\WINDOWS\System32\fwpuclnt.dll
0x00007ffd4a8c0000 - 0x00007ffd4a8e5000 	C:\WINDOWS\SYSTEM32\bcrypt.dll
0x00007ffd4a7a0000 - 0x00007ffd4a7b7000 	C:\WINDOWS\SYSTEM32\CRYPTSP.dll
0x00007ffd4a190000 - 0x00007ffd4a1c3000 	C:\WINDOWS\system32\rsaenh.dll
0x00007ffd4ac90000 - 0x00007ffd4acb8000 	C:\WINDOWS\SYSTEM32\USERENV.dll
0x00007ffd4a790000 - 0x00007ffd4a79b000 	C:\WINDOWS\SYSTEM32\CRYPTBASE.dll
0x00007ffd3e830000 - 0x00007ffd3e846000 	C:\WINDOWS\SYSTEM32\dhcpcsvc6.DLL
0x00007ffd3eea0000 - 0x00007ffd3eeba000 	C:\WINDOWS\SYSTEM32\dhcpcsvc.DLL

dbghelp: loaded successfully - version: 4.0.5 - missing functions: none
symbol engine: initialized successfully - sym options: 0x614 - pdb path: .;C:\Program Files\AdoptOpenJDK\jdk-11.0.9.101-hotspot\bin;C:\WINDOWS\SYSTEM32;C:\WINDOWS\WinSxS\amd64_microsoft.windows.common-controls_6595b64144ccf1df_6.0.17134.1246_none_d3ffb9d77c90723d;C:\Program Files\AdoptOpenJDK\jdk-11.0.9.101-hotspot\bin\server

VM Arguments:
jvm_args: -Dcom.sun.management.jmxremote -Dcom.sun.management.jmxremote.port=50848 -Dcom.sun.management.jmxremote.authenticate=false -Dcom.sun.management.jmxremote.ssl=false -Djava.rmi.server.hostname=localhost -Dspring.application.admin.enabled=true -Dspring.jmx.enabled=true -Dfile.encoding=UTF-8 
java_command: com.gilmar.numeros.NumerosApplication
java_class_path (initial): C:\zupTeste\numeros\target\classes;C:\Users\Thaís Carneiro\.m2\repository\org\springframework\boot\spring-boot-starter-data-jpa\2.4.1\spring-boot-starter-data-jpa-2.4.1.jar;C:\Users\Thaís Carneiro\.m2\repository\org\springframework\boot\spring-boot-starter-aop\2.4.1\spring-boot-starter-aop-2.4.1.jar;C:\Users\Thaís Carneiro\.m2\repository\org\springframework\spring-aop\5.3.2\spring-aop-5.3.2.jar;C:\Users\Thaís Carneiro\.m2\repository\org\aspectj\aspectjweaver\1.9.6\aspectjweaver-1.9.6.jar;C:\Users\Thaís Carneiro\.m2\repository\org\springframework\boot\spring-boot-starter-jdbc\2.4.1\spring-boot-starter-jdbc-2.4.1.jar;C:\Users\Thaís Carneiro\.m2\repository\com\zaxxer\HikariCP\3.4.5\HikariCP-3.4.5.jar;C:\Users\Thaís Carneiro\.m2\repository\org\springframework\spring-jdbc\5.3.2\spring-jdbc-5.3.2.jar;C:\Users\Thaís Carneiro\.m2\repository\jakarta\transaction\jakarta.transaction-api\1.3.3\jakarta.transaction-api-1.3.3.jar;C:\Users\Thaís Carneiro\.m2\repository\jakarta\persistence\jakarta.persistence-api\2.2.3\jakarta.persistence-api-2.2.3.jar;C:\Users\Thaís Carneiro\.m2\repository\org\hibernate\hibernate-core\5.4.25.Final\hibernate-core-5.4.25.Final.jar;C:\Users\Thaís Carneiro\.m2\repository\org\jboss\logging\jboss-logging\3.4.1.Final\jboss-logging-3.4.1.Final.jar;C:\Users\Thaís Carneiro\.m2\repository\org\javassist\javassist\3.27.0-GA\javassist-3.27.0-GA.jar;C:\Users\Thaís Carneiro\.m2\repository\net\bytebuddy\byte-buddy\1.10.18\byte-buddy-1.10.18.jar;C:\Users\Thaís Carneiro\.m2\repository\antlr\antlr\2.7.7\antlr-2.7.7.jar;C:\Users\Thaís Carneiro\.m2\repository\org\jboss\jandex\2.1.3.Final\jandex-2.1.3.Final.jar;C:\Users\Thaís Carneiro\.m2\repository\com\fasterxml\classmate\1.5.1\classmate-1.5.1.jar;C:\Users\Thaís Carneiro\.m2\repository\org\dom4j\dom4j\2.1.3\dom4j-2.1.3.jar;C:\Users\Thaís Carneiro\.m2\repository\org\hibernate\common\hibernate-commons-annotations\5.1.2.Final\hibernate-commons-annotations-5.1.2.Final.jar;C:\Users\Thaís Carneiro
Launcher Type: SUN_STANDARD

[Global flags]
     intx CICompilerCount                          = 3                                         {product} {ergonomic}
     uint ConcGCThreads                            = 1                                         {product} {ergonomic}
     uint G1ConcRefinementThreads                  = 4                                         {product} {ergonomic}
   size_t G1HeapRegionSize                         = 1048576                                   {product} {ergonomic}
    uintx GCDrainStackTargetSize                   = 64                                        {product} {ergonomic}
   size_t InitialHeapSize                          = 134217728                                 {product} {ergonomic}
     bool ManagementServer                         = true                                      {product} {command line}
   size_t MarkStackSize                            = 4194304                                   {product} {ergonomic}
   size_t MaxHeapSize                              = 2116026368                                {product} {ergonomic}
   size_t MaxNewSize                               = 1268776960                                {product} {ergonomic}
   size_t MinHeapDeltaBytes                        = 1048576                                   {product} {ergonomic}
    uintx NonNMethodCodeHeapSize                   = 5830732                                {pd product} {ergonomic}
    uintx NonProfiledCodeHeapSize                  = 122913754                              {pd product} {ergonomic}
    uintx ProfiledCodeHeapSize                     = 122913754                              {pd product} {ergonomic}
    uintx ReservedCodeCacheSize                    = 251658240                              {pd product} {ergonomic}
     bool SegmentedCodeCache                       = true                                      {product} {ergonomic}
     bool UseCompressedClassPointers               = true                                 {lp64_product} {ergonomic}
     bool UseCompressedOops                        = true                                 {lp64_product} {ergonomic}
     bool UseG1GC                                  = true                                      {product} {ergonomic}
     bool UseLargePagesIndividualAllocation        = false                                  {pd product} {ergonomic}

Logging:
Log output configuration:
 #0: stdout all=warning uptime,level,tags
 #1: stderr all=off uptime,level,tags

Environment Variables:
PATH=C:\Program Files\AdoptOpenJDK\jdk-11.0.9.101-hotspot\bin;C:\Program Files (x86)\Common Files\Oracle\Java\javapath;C:\Windows\system32;C:\Windows;C:\Windows\System32\Wbem;C:\Windows\System32\WindowsPowerShell\v1.0\;C:\Program Files (x86)\NVIDIA Corporation\PhysX\Common;C:\WINDOWS\system32;C:\WINDOWS;C:\WINDOWS\System32\Wbem;C:\WINDOWS\System32\WindowsPowerShell\v1.0\;C:\WINDOWS\System32\OpenSSH\;C:\Program Files\nodejs\;C:\Program Files\dotnet\;C:\Program Files\Microsoft SQL Server\130\Tools\Binn\;C:\Program Files\Microsoft SQL Server\Client SDK\ODBC\170\Tools\Binn\;C:\Users\Thaís Carneiro\AppData\Local\Microsoft\WindowsApps;C:\Users\Thaís Carneiro\AppData\Local\Programs\Microsoft VS Code\bin;C:\Users\Thaís Carneiro\AppData\Roaming\npm;C:\Users\Thaís Carneiro\.dotnet\tools
USERNAME=Thaís Carneiro
OS=Windows_NT
PROCESSOR_IDENTIFIER=Intel64 Family 6 Model 142 Stepping 9, GenuineIntel



---------------  S Y S T E M  ---------------

OS: Windows 10 , 64 bit Build 17134 (10.0.17134.753)
OS uptime: 1 days 0:45 hours

CPU:total 4 (initial active 4) (2 cores per cpu, 2 threads per core) family 6 model 142 stepping 9, cmov, cx8, fxsr, mmx, sse, sse2, sse3, ssse3, sse4.1, sse4.2, popcnt, avx, avx2, aes, clmul, erms, 3dnowpref, lzcnt, ht, tsc, tscinvbit, bmi1, bmi2, adx, fma

Memory: 4k page, system-wide physical 8066M (429M free)
TotalPageFile size 9970M (AvailPageFile size 191M)
current process WorkingSet (physical memory assigned to process): 176M, peak: 176M
current process commit charge ("private bytes"): 252M, peak: 278M

vm_info: OpenJDK 64-Bit Server VM (11.0.9.1+1) for windows-amd64 JRE (11.0.9.1+1), built on Nov 10 2020 15:18:49 by "" with MS VC++ 15.9 (VS2017)

END.
