#
# There is insufficient memory for the Java Runtime Environment to continue.
# Native memory allocation (malloc) failed to allocate 262160 bytes for Chunk::new
# Possible reasons:
#   The system is out of physical RAM or swap space
#   The process is running with CompressedOops enabled, and the Java Heap may be blocking the growth of the native heap
# Possible solutions:
#   Reduce memory load on the system
#   Increase physical memory or swap space
#   Check if swap backing store is full
#   Decrease Java heap size (-Xmx/-Xms)
#   Decrease number of Java threads
#   Decrease Java thread stack sizes (-Xss)
#   Set larger code cache with -XX:ReservedCodeCacheSize=
#   JVM is running with Unscaled Compressed Oops mode in which the Java heap is
#     placed in the first 4GB address space. The Java Heap base address is the
#     maximum limit for the native heap growth. Please use -XX:HeapBaseMinAddress
#     to set the Java Heap base and to place the Java Heap above 4GB virtual address.
# This output file may be truncated or incomplete.
#
#  Out of Memory Error (./src/hotspot/share/memory/arena.cpp:197), pid=17156, tid=13280
#
# JRE version: OpenJDK Runtime Environment AdoptOpenJDK (11.0.9.1+1) (build 11.0.9.1+1)
# Java VM: OpenJDK 64-Bit Server VM AdoptOpenJDK (11.0.9.1+1, mixed mode, tiered, compressed oops, g1 gc, windows-amd64)
# No core dump will be written. Minidumps are not enabled by default on client versions of Windows
#

---------------  S U M M A R Y ------------

Command Line: -Dcom.sun.management.jmxremote -Dcom.sun.management.jmxremote.port=51023 -Dcom.sun.management.jmxremote.authenticate=false -Dcom.sun.management.jmxremote.ssl=false -Djava.rmi.server.hostname=localhost -Dspring.application.admin.enabled=true -Dspring.jmx.enabled=true -Dfile.encoding=UTF-8 com.gilmar.numeros.NumerosApplication

Host: Intel(R) Core(TM) i5-7200U CPU @ 2.50GHz, 4 cores, 7G,  Windows 10 , 64 bit Build 17134 (10.0.17134.753)
Time: Sun Jan 10 11:28:03 2021 Hora oficial do Brasil elapsed time: 9.011048 seconds (0d 0h 0m 9s)

---------------  T H R E A D  ---------------

Current thread (0x000001eb364f1000):  JavaThread "C2 CompilerThread0" daemon [_thread_in_native, id=13280, stack(0x000000bd93e00000,0x000000bd93f00000)]


Current CompileTask:
C2:   9011 3388       4       org.springframework.boot.context.properties.source.ConfigurationPropertyName$ElementsParser::parse (234 bytes)

Stack: [0x000000bd93e00000,0x000000bd93f00000]
Native frames: (J=compiled Java code, j=interpreted, Vv=VM code, C=native code)
V  [jvm.dll+0x5f465a]
V  [jvm.dll+0x77c78e]
V  [jvm.dll+0x77de5f]
V  [jvm.dll+0x77e523]
V  [jvm.dll+0x2477c8]
V  [jvm.dll+0xbe2ec]
V  [jvm.dll+0xbe45d]
V  [jvm.dll+0x5d28af]
V  [jvm.dll+0x86523]
V  [jvm.dll+0x62283e]
V  [jvm.dll+0x350f68]
V  [jvm.dll+0x34e218]
V  [jvm.dll+0x34dd35]
V  [jvm.dll+0x622a47]
V  [jvm.dll+0x6216b9]
V  [jvm.dll+0x20223b]
V  [jvm.dll+0x20011f]
V  [jvm.dll+0x184fbc]
V  [jvm.dll+0x20f7f7]
V  [jvm.dll+0x20d9db]
V  [jvm.dll+0x741029]
V  [jvm.dll+0x73a0d4]
V  [jvm.dll+0x5f3586]
C  [ucrtbase.dll+0x1e3fe]
C  [KERNEL32.DLL+0x14034]
C  [ntdll.dll+0x73691]


---------------  P R O C E S S  ---------------

Threads class SMR info:
_java_thread_list=0x000001eb39a066f0, length=16, elements={
0x000001eb1754c800, 0x000001eb36493800, 0x000001eb3649c800, 0x000001eb364eb800,
0x000001eb364ec800, 0x000001eb364f1000, 0x000001eb364fb000, 0x000001eb36502000,
0x000001eb35c1a800, 0x000001eb36736000, 0x000001eb36f01000, 0x000001eb36e34800,
0x000001eb370e6000, 0x000001eb371c6800, 0x000001eb37376000, 0x000001eb37dfd800
}

Java Threads: ( => current thread )
  0x000001eb1754c800 JavaThread "main" [_thread_blocked, id=2156, stack(0x000000bd93300000,0x000000bd93400000)]
  0x000001eb36493800 JavaThread "Reference Handler" daemon [_thread_blocked, id=4220, stack(0x000000bd93a00000,0x000000bd93b00000)]
  0x000001eb3649c800 JavaThread "Finalizer" daemon [_thread_blocked, id=6356, stack(0x000000bd93b00000,0x000000bd93c00000)]
  0x000001eb364eb800 JavaThread "Signal Dispatcher" daemon [_thread_blocked, id=15764, stack(0x000000bd93c00000,0x000000bd93d00000)]
  0x000001eb364ec800 JavaThread "Attach Listener" daemon [_thread_blocked, id=13952, stack(0x000000bd93d00000,0x000000bd93e00000)]
=>0x000001eb364f1000 JavaThread "C2 CompilerThread0" daemon [_thread_in_native, id=13280, stack(0x000000bd93e00000,0x000000bd93f00000)]
  0x000001eb364fb000 JavaThread "C1 CompilerThread0" daemon [_thread_blocked, id=8960, stack(0x000000bd93f00000,0x000000bd94000000)]
  0x000001eb36502000 JavaThread "Sweeper thread" daemon [_thread_blocked, id=12020, stack(0x000000bd94000000,0x000000bd94100000)]
  0x000001eb35c1a800 JavaThread "Common-Cleaner" daemon [_thread_blocked, id=8216, stack(0x000000bd94100000,0x000000bd94200000)]
  0x000001eb36736000 JavaThread "Service Thread" daemon [_thread_blocked, id=11100, stack(0x000000bd94300000,0x000000bd94400000)]
  0x000001eb36f01000 JavaThread "RMI TCP Accept-0" daemon [_thread_in_native, id=9560, stack(0x000000bd94400000,0x000000bd94500000)]
  0x000001eb36e34800 JavaThread "RMI TCP Accept-51023" daemon [_thread_in_native, id=17336, stack(0x000000bd94500000,0x000000bd94600000)]
  0x000001eb370e6000 JavaThread "RMI TCP Accept-0" daemon [_thread_in_native, id=5192, stack(0x000000bd94600000,0x000000bd94700000)]
  0x000001eb371c6800 JavaThread "Thread-0" [_thread_blocked, id=3172, stack(0x000000bd94200000,0x000000bd94300000)]
  0x000001eb37376000 JavaThread "restartedMain" [_thread_in_vm, id=14460, stack(0x000000bd94b00000,0x000000bd94c00000)]
  0x000001eb37dfd800 JavaThread "C2 CompilerThread1" daemon [_thread_in_native, id=16928, stack(0x000000bd94d00000,0x000000bd94e00000)]

Other Threads:
  0x000001eb35c63800 VMThread "VM Thread" [stack: 0x000000bd93900000,0x000000bd93a00000] [id=7436]
  0x000001eb370fb000 WatcherThread [stack: 0x000000bd94700000,0x000000bd94800000] [id=9480]
  0x000001eb17562800 GCTaskThread "GC Thread#0" [stack: 0x000000bd93400000,0x000000bd93500000] [id=14656]
  0x000001eb370fc000 GCTaskThread "GC Thread#1" [stack: 0x000000bd94800000,0x000000bd94900000] [id=6604]
  0x000001eb370e2000 GCTaskThread "GC Thread#2" [stack: 0x000000bd94900000,0x000000bd94a00000] [id=13460]
  0x000001eb374c1000 GCTaskThread "GC Thread#3" [stack: 0x000000bd94c00000,0x000000bd94d00000] [id=17332]
  0x000001eb17594800 ConcurrentGCThread "G1 Main Marker" [stack: 0x000000bd93500000,0x000000bd93600000] [id=2676]
  0x000001eb17596000 ConcurrentGCThread "G1 Conc#0" [stack: 0x000000bd93600000,0x000000bd93700000] [id=244]
  0x000001eb35ac9800 ConcurrentGCThread "G1 Refine#0" [stack: 0x000000bd93700000,0x000000bd93800000] [id=5972]
  0x000001eb37147000 ConcurrentGCThread "G1 Refine#1" [stack: 0x000000bd94a00000,0x000000bd94b00000] [id=8652]
  0x000001eb35aca000 ConcurrentGCThread "G1 Young RemSet Sampling" [stack: 0x000000bd93800000,0x000000bd93900000] [id=3220]

Threads with active compile tasks:
C2 CompilerThread0   9042 3388       4       org.springframework.boot.context.properties.source.ConfigurationPropertyName$ElementsParser::parse (234 bytes)
C2 CompilerThread1   9042 3419   !   4       java.util.concurrent.ConcurrentHashMap::putVal (432 bytes)

VM state:not at safepoint (normal execution)

VM Mutex/Monitor currently owned by a thread: None

Heap address: 0x0000000081e00000, size: 2018 MB, Compressed Oops mode: 32-bit
Narrow klass base: 0x0000000000000000, Narrow klass shift: 3
Compressed class space size: 1073741824 Address: 0x0000000100000000

Heap:
 garbage-first heap   total 131072K, used 27238K [0x0000000081e00000, 0x0000000100000000)
  region size 1024K, 22 young (22528K), 6 survivors (6144K)
 Metaspace       used 33747K, capacity 34683K, committed 34816K, reserved 1079296K
  class space    used 3920K, capacity 4283K, committed 4352K, reserved 1048576K
Heap Regions: E=young(eden), S=young(survivor), O=old, HS=humongous(starts), HC=humongous(continues), CS=collection set, F=free, A=archive, TAMS=top-at-mark-start (previous, next)
|   0|0x0000000081e00000, 0x0000000081f00000, 0x0000000081f00000|100%|HS|  |TAMS 0x0000000081f00000, 0x0000000081e00000| Complete 
|   1|0x0000000081f00000, 0x0000000082000000, 0x0000000082000000|100%| O|  |TAMS 0x0000000082000000, 0x0000000081f00000| Untracked 
|   2|0x0000000082000000, 0x0000000082100000, 0x0000000082100000|100%| O|  |TAMS 0x0000000082100000, 0x0000000082000000| Untracked 
|   3|0x0000000082100000, 0x0000000082200000, 0x0000000082200000|100%| O|  |TAMS 0x0000000082200000, 0x0000000082100000| Untracked 
|   4|0x0000000082200000, 0x0000000082300000, 0x0000000082300000|100%| O|  |TAMS 0x0000000082300000, 0x0000000082200000| Untracked 
|   5|0x0000000082300000, 0x00000000823f9400, 0x0000000082400000| 97%| O|  |TAMS 0x00000000823f9400, 0x0000000082300000| Untracked 
|   6|0x0000000082400000, 0x0000000082400000, 0x0000000082500000|  0%| F|  |TAMS 0x0000000082400000, 0x0000000082400000| Untracked 
|   7|0x0000000082500000, 0x0000000082500000, 0x0000000082600000|  0%| F|  |TAMS 0x0000000082500000, 0x0000000082500000| Untracked 
|   8|0x0000000082600000, 0x0000000082600000, 0x0000000082700000|  0%| F|  |TAMS 0x0000000082600000, 0x0000000082600000| Untracked 
|   9|0x0000000082700000, 0x0000000082700000, 0x0000000082800000|  0%| F|  |TAMS 0x0000000082700000, 0x0000000082700000| Untracked 
|  10|0x0000000082800000, 0x0000000082800000, 0x0000000082900000|  0%| F|  |TAMS 0x0000000082800000, 0x0000000082800000| Untracked 
|  11|0x0000000082900000, 0x0000000082900000, 0x0000000082a00000|  0%| F|  |TAMS 0x0000000082900000, 0x0000000082900000| Untracked 
|  12|0x0000000082a00000, 0x0000000082a00000, 0x0000000082b00000|  0%| F|  |TAMS 0x0000000082a00000, 0x0000000082a00000| Untracked 
|  13|0x0000000082b00000, 0x0000000082b00000, 0x0000000082c00000|  0%| F|  |TAMS 0x0000000082b00000, 0x0000000082b00000| Untracked 
|  14|0x0000000082c00000, 0x0000000082c00000, 0x0000000082d00000|  0%| F|  |TAMS 0x0000000082c00000, 0x0000000082c00000| Untracked 
|  15|0x0000000082d00000, 0x0000000082d00000, 0x0000000082e00000|  0%| F|  |TAMS 0x0000000082d00000, 0x0000000082d00000| Untracked 
|  16|0x0000000082e00000, 0x0000000082e00000, 0x0000000082f00000|  0%| F|  |TAMS 0x0000000082e00000, 0x0000000082e00000| Untracked 
|  17|0x0000000082f00000, 0x0000000082f00000, 0x0000000083000000|  0%| F|  |TAMS 0x0000000082f00000, 0x0000000082f00000| Untracked 
|  18|0x0000000083000000, 0x0000000083000000, 0x0000000083100000|  0%| F|  |TAMS 0x0000000083000000, 0x0000000083000000| Untracked 
|  19|0x0000000083100000, 0x0000000083100000, 0x0000000083200000|  0%| F|  |TAMS 0x0000000083100000, 0x0000000083100000| Untracked 
|  20|0x0000000083200000, 0x0000000083200000, 0x0000000083300000|  0%| F|  |TAMS 0x0000000083200000, 0x0000000083200000| Untracked 
|  21|0x0000000083300000, 0x0000000083300000, 0x0000000083400000|  0%| F|  |TAMS 0x0000000083300000, 0x0000000083300000| Untracked 
|  22|0x0000000083400000, 0x0000000083400000, 0x0000000083500000|  0%| F|  |TAMS 0x0000000083400000, 0x0000000083400000| Untracked 
|  23|0x0000000083500000, 0x0000000083500000, 0x0000000083600000|  0%| F|  |TAMS 0x0000000083500000, 0x0000000083500000| Untracked 
|  24|0x0000000083600000, 0x0000000083600000, 0x0000000083700000|  0%| F|  |TAMS 0x0000000083600000, 0x0000000083600000| Untracked 
|  25|0x0000000083700000, 0x0000000083700000, 0x0000000083800000|  0%| F|  |TAMS 0x0000000083700000, 0x0000000083700000| Untracked 
|  26|0x0000000083800000, 0x0000000083800000, 0x0000000083900000|  0%| F|  |TAMS 0x0000000083800000, 0x0000000083800000| Untracked 
|  27|0x0000000083900000, 0x0000000083900000, 0x0000000083a00000|  0%| F|  |TAMS 0x0000000083900000, 0x0000000083900000| Untracked 
|  28|0x0000000083a00000, 0x0000000083a00000, 0x0000000083b00000|  0%| F|  |TAMS 0x0000000083a00000, 0x0000000083a00000| Untracked 
|  29|0x0000000083b00000, 0x0000000083b00000, 0x0000000083c00000|  0%| F|  |TAMS 0x0000000083b00000, 0x0000000083b00000| Untracked 
|  30|0x0000000083c00000, 0x0000000083c00000, 0x0000000083d00000|  0%| F|  |TAMS 0x0000000083c00000, 0x0000000083c00000| Untracked 
|  31|0x0000000083d00000, 0x0000000083d00000, 0x0000000083e00000|  0%| F|  |TAMS 0x0000000083d00000, 0x0000000083d00000| Untracked 
|  32|0x0000000083e00000, 0x0000000083e00000, 0x0000000083f00000|  0%| F|  |TAMS 0x0000000083e00000, 0x0000000083e00000| Untracked 
|  33|0x0000000083f00000, 0x0000000083f00000, 0x0000000084000000|  0%| F|  |TAMS 0x0000000083f00000, 0x0000000083f00000| Untracked 
|  34|0x0000000084000000, 0x0000000084000000, 0x0000000084100000|  0%| F|  |TAMS 0x0000000084000000, 0x0000000084000000| Untracked 
|  35|0x0000000084100000, 0x0000000084100000, 0x0000000084200000|  0%| F|  |TAMS 0x0000000084100000, 0x0000000084100000| Untracked 
|  36|0x0000000084200000, 0x0000000084200000, 0x0000000084300000|  0%| F|  |TAMS 0x0000000084200000, 0x0000000084200000| Untracked 
|  37|0x0000000084300000, 0x0000000084300000, 0x0000000084400000|  0%| F|  |TAMS 0x0000000084300000, 0x0000000084300000| Untracked 
|  38|0x0000000084400000, 0x0000000084400000, 0x0000000084500000|  0%| F|  |TAMS 0x0000000084400000, 0x0000000084400000| Untracked 
|  39|0x0000000084500000, 0x0000000084500000, 0x0000000084600000|  0%| F|  |TAMS 0x0000000084500000, 0x0000000084500000| Untracked 
|  40|0x0000000084600000, 0x0000000084600000, 0x0000000084700000|  0%| F|  |TAMS 0x0000000084600000, 0x0000000084600000| Untracked 
|  41|0x0000000084700000, 0x0000000084700000, 0x0000000084800000|  0%| F|  |TAMS 0x0000000084700000, 0x0000000084700000| Untracked 
|  42|0x0000000084800000, 0x0000000084800000, 0x0000000084900000|  0%| F|  |TAMS 0x0000000084800000, 0x0000000084800000| Untracked 
|  43|0x0000000084900000, 0x0000000084900000, 0x0000000084a00000|  0%| F|  |TAMS 0x0000000084900000, 0x0000000084900000| Untracked 
|  44|0x0000000084a00000, 0x0000000084a00000, 0x0000000084b00000|  0%| F|  |TAMS 0x0000000084a00000, 0x0000000084a00000| Untracked 
|  45|0x0000000084b00000, 0x0000000084b00000, 0x0000000084c00000|  0%| F|  |TAMS 0x0000000084b00000, 0x0000000084b00000| Untracked 
|  46|0x0000000084c00000, 0x0000000084c00000, 0x0000000084d00000|  0%| F|  |TAMS 0x0000000084c00000, 0x0000000084c00000| Untracked 
|  47|0x0000000084d00000, 0x0000000084d00000, 0x0000000084e00000|  0%| F|  |TAMS 0x0000000084d00000, 0x0000000084d00000| Untracked 
|  48|0x0000000084e00000, 0x0000000084e00000, 0x0000000084f00000|  0%| F|  |TAMS 0x0000000084e00000, 0x0000000084e00000| Untracked 
|  49|0x0000000084f00000, 0x0000000084f00000, 0x0000000085000000|  0%| F|  |TAMS 0x0000000084f00000, 0x0000000084f00000| Untracked 
|  50|0x0000000085000000, 0x0000000085000000, 0x0000000085100000|  0%| F|  |TAMS 0x0000000085000000, 0x0000000085000000| Untracked 
|  51|0x0000000085100000, 0x00000000851a0760, 0x0000000085200000| 62%| S|CS|TAMS 0x0000000085100000, 0x0000000085100000| Complete 
|  52|0x0000000085200000, 0x0000000085300000, 0x0000000085300000|100%| S|CS|TAMS 0x0000000085200000, 0x0000000085200000| Complete 
|  53|0x0000000085300000, 0x0000000085400000, 0x0000000085400000|100%| S|CS|TAMS 0x0000000085300000, 0x0000000085300000| Complete 
|  54|0x0000000085400000, 0x0000000085500000, 0x0000000085500000|100%| S|CS|TAMS 0x0000000085400000, 0x0000000085400000| Complete 
|  55|0x0000000085500000, 0x0000000085600000, 0x0000000085600000|100%| S|CS|TAMS 0x0000000085500000, 0x0000000085500000| Complete 
|  56|0x0000000085600000, 0x0000000085700000, 0x0000000085700000|100%| S|CS|TAMS 0x0000000085600000, 0x0000000085600000| Complete 
|  57|0x0000000085700000, 0x0000000085700000, 0x0000000085800000|  0%| F|  |TAMS 0x0000000085700000, 0x0000000085700000| Untracked 
|  58|0x0000000085800000, 0x0000000085800000, 0x0000000085900000|  0%| F|  |TAMS 0x0000000085800000, 0x0000000085800000| Untracked 
|  59|0x0000000085900000, 0x0000000085900000, 0x0000000085a00000|  0%| F|  |TAMS 0x0000000085900000, 0x0000000085900000| Untracked 
|  60|0x0000000085a00000, 0x0000000085a00000, 0x0000000085b00000|  0%| F|  |TAMS 0x0000000085a00000, 0x0000000085a00000| Untracked 
|  61|0x0000000085b00000, 0x0000000085b00000, 0x0000000085c00000|  0%| F|  |TAMS 0x0000000085b00000, 0x0000000085b00000| Untracked 
|  62|0x0000000085c00000, 0x0000000085c00000, 0x0000000085d00000|  0%| F|  |TAMS 0x0000000085c00000, 0x0000000085c00000| Untracked 
|  63|0x0000000085d00000, 0x0000000085d00000, 0x0000000085e00000|  0%| F|  |TAMS 0x0000000085d00000, 0x0000000085d00000| Untracked 
|  64|0x0000000085e00000, 0x0000000085e00000, 0x0000000085f00000|  0%| F|  |TAMS 0x0000000085e00000, 0x0000000085e00000| Untracked 
|  65|0x0000000085f00000, 0x0000000085f00000, 0x0000000086000000|  0%| F|  |TAMS 0x0000000085f00000, 0x0000000085f00000| Untracked 
|  66|0x0000000086000000, 0x0000000086000000, 0x0000000086100000|  0%| F|  |TAMS 0x0000000086000000, 0x0000000086000000| Untracked 
|  67|0x0000000086100000, 0x0000000086100000, 0x0000000086200000|  0%| F|  |TAMS 0x0000000086100000, 0x0000000086100000| Untracked 
|  68|0x0000000086200000, 0x0000000086200000, 0x0000000086300000|  0%| F|  |TAMS 0x0000000086200000, 0x0000000086200000| Untracked 
|  69|0x0000000086300000, 0x0000000086300000, 0x0000000086400000|  0%| F|  |TAMS 0x0000000086300000, 0x0000000086300000| Untracked 
|  70|0x0000000086400000, 0x0000000086400000, 0x0000000086500000|  0%| F|  |TAMS 0x0000000086400000, 0x0000000086400000| Untracked 
|  71|0x0000000086500000, 0x0000000086500000, 0x0000000086600000|  0%| F|  |TAMS 0x0000000086500000, 0x0000000086500000| Untracked 
|  72|0x0000000086600000, 0x0000000086600000, 0x0000000086700000|  0%| F|  |TAMS 0x0000000086600000, 0x0000000086600000| Untracked 
|  73|0x0000000086700000, 0x0000000086700000, 0x0000000086800000|  0%| F|  |TAMS 0x0000000086700000, 0x0000000086700000| Untracked 
|  74|0x0000000086800000, 0x0000000086800000, 0x0000000086900000|  0%| F|  |TAMS 0x0000000086800000, 0x0000000086800000| Untracked 
|  75|0x0000000086900000, 0x0000000086900000, 0x0000000086a00000|  0%| F|  |TAMS 0x0000000086900000, 0x0000000086900000| Untracked 
|  76|0x0000000086a00000, 0x0000000086a00000, 0x0000000086b00000|  0%| F|  |TAMS 0x0000000086a00000, 0x0000000086a00000| Untracked 
|  77|0x0000000086b00000, 0x0000000086b00000, 0x0000000086c00000|  0%| F|  |TAMS 0x0000000086b00000, 0x0000000086b00000| Untracked 
|  78|0x0000000086c00000, 0x0000000086c00000, 0x0000000086d00000|  0%| F|  |TAMS 0x0000000086c00000, 0x0000000086c00000| Untracked 
|  79|0x0000000086d00000, 0x0000000086d00000, 0x0000000086e00000|  0%| F|  |TAMS 0x0000000086d00000, 0x0000000086d00000| Untracked 
|  80|0x0000000086e00000, 0x0000000086e00000, 0x0000000086f00000|  0%| F|  |TAMS 0x0000000086e00000, 0x0000000086e00000| Untracked 
|  81|0x0000000086f00000, 0x0000000086f00000, 0x0000000087000000|  0%| F|  |TAMS 0x0000000086f00000, 0x0000000086f00000| Untracked 
|  82|0x0000000087000000, 0x0000000087000000, 0x0000000087100000|  0%| F|  |TAMS 0x0000000087000000, 0x0000000087000000| Untracked 
|  83|0x0000000087100000, 0x0000000087100000, 0x0000000087200000|  0%| F|  |TAMS 0x0000000087100000, 0x0000000087100000| Untracked 
|  84|0x0000000087200000, 0x0000000087200000, 0x0000000087300000|  0%| F|  |TAMS 0x0000000087200000, 0x0000000087200000| Untracked 
|  85|0x0000000087300000, 0x0000000087300000, 0x0000000087400000|  0%| F|  |TAMS 0x0000000087300000, 0x0000000087300000| Untracked 
|  86|0x0000000087400000, 0x0000000087400000, 0x0000000087500000|  0%| F|  |TAMS 0x0000000087400000, 0x0000000087400000| Untracked 
|  87|0x0000000087500000, 0x0000000087500000, 0x0000000087600000|  0%| F|  |TAMS 0x0000000087500000, 0x0000000087500000| Untracked 
|  88|0x0000000087600000, 0x0000000087600000, 0x0000000087700000|  0%| F|  |TAMS 0x0000000087600000, 0x0000000087600000| Untracked 
|  89|0x0000000087700000, 0x0000000087700000, 0x0000000087800000|  0%| F|  |TAMS 0x0000000087700000, 0x0000000087700000| Untracked 
|  90|0x0000000087800000, 0x0000000087800000, 0x0000000087900000|  0%| F|  |TAMS 0x0000000087800000, 0x0000000087800000| Untracked 
|  91|0x0000000087900000, 0x0000000087900000, 0x0000000087a00000|  0%| F|  |TAMS 0x0000000087900000, 0x0000000087900000| Untracked 
|  92|0x0000000087a00000, 0x0000000087a00000, 0x0000000087b00000|  0%| F|  |TAMS 0x0000000087a00000, 0x0000000087a00000| Untracked 
|  93|0x0000000087b00000, 0x0000000087b00000, 0x0000000087c00000|  0%| F|  |TAMS 0x0000000087b00000, 0x0000000087b00000| Untracked 
|  94|0x0000000087c00000, 0x0000000087c00000, 0x0000000087d00000|  0%| F|  |TAMS 0x0000000087c00000, 0x0000000087c00000| Untracked 
|  95|0x0000000087d00000, 0x0000000087d00000, 0x0000000087e00000|  0%| F|  |TAMS 0x0000000087d00000, 0x0000000087d00000| Untracked 
|  96|0x0000000087e00000, 0x0000000087e00000, 0x0000000087f00000|  0%| F|  |TAMS 0x0000000087e00000, 0x0000000087e00000| Untracked 
|  97|0x0000000087f00000, 0x0000000087f00000, 0x0000000088000000|  0%| F|  |TAMS 0x0000000087f00000, 0x0000000087f00000| Untracked 
|  98|0x0000000088000000, 0x0000000088000000, 0x0000000088100000|  0%| F|  |TAMS 0x0000000088000000, 0x0000000088000000| Untracked 
|  99|0x0000000088100000, 0x0000000088100000, 0x0000000088200000|  0%| F|  |TAMS 0x0000000088100000, 0x0000000088100000| Untracked 
| 100|0x0000000088200000, 0x0000000088200000, 0x0000000088300000|  0%| F|  |TAMS 0x0000000088200000, 0x0000000088200000| Untracked 
| 101|0x0000000088300000, 0x0000000088300000, 0x0000000088400000|  0%| F|  |TAMS 0x0000000088300000, 0x0000000088300000| Untracked 
| 102|0x0000000088400000, 0x0000000088400000, 0x0000000088500000|  0%| F|  |TAMS 0x0000000088400000, 0x0000000088400000| Untracked 
| 103|0x0000000088500000, 0x0000000088500000, 0x0000000088600000|  0%| F|  |TAMS 0x0000000088500000, 0x0000000088500000| Untracked 
| 104|0x0000000088600000, 0x0000000088600000, 0x0000000088700000|  0%| F|  |TAMS 0x0000000088600000, 0x0000000088600000| Untracked 
| 105|0x0000000088700000, 0x0000000088700000, 0x0000000088800000|  0%| F|  |TAMS 0x0000000088700000, 0x0000000088700000| Untracked 
| 106|0x0000000088800000, 0x0000000088800000, 0x0000000088900000|  0%| F|  |TAMS 0x0000000088800000, 0x0000000088800000| Untracked 
| 107|0x0000000088900000, 0x0000000088900000, 0x0000000088a00000|  0%| F|  |TAMS 0x0000000088900000, 0x0000000088900000| Untracked 
| 108|0x0000000088a00000, 0x0000000088a00000, 0x0000000088b00000|  0%| F|  |TAMS 0x0000000088a00000, 0x0000000088a00000| Untracked 
| 109|0x0000000088b00000, 0x0000000088b00000, 0x0000000088c00000|  0%| F|  |TAMS 0x0000000088b00000, 0x0000000088b00000| Untracked 
| 110|0x0000000088c00000, 0x0000000088c00000, 0x0000000088d00000|  0%| F|  |TAMS 0x0000000088c00000, 0x0000000088c00000| Untracked 
| 111|0x0000000088d00000, 0x0000000088d00000, 0x0000000088e00000|  0%| F|  |TAMS 0x0000000088d00000, 0x0000000088d00000| Untracked 
| 112|0x0000000088e00000, 0x0000000088e80c10, 0x0000000088f00000| 50%| E|  |TAMS 0x0000000088e00000, 0x0000000088e00000| Complete 
| 113|0x0000000088f00000, 0x0000000089000000, 0x0000000089000000|100%| E|CS|TAMS 0x0000000088f00000, 0x0000000088f00000| Complete 
| 114|0x0000000089000000, 0x0000000089100000, 0x0000000089100000|100%| E|CS|TAMS 0x0000000089000000, 0x0000000089000000| Complete 
| 115|0x0000000089100000, 0x0000000089200000, 0x0000000089200000|100%| E|CS|TAMS 0x0000000089100000, 0x0000000089100000| Complete 
| 116|0x0000000089200000, 0x0000000089300000, 0x0000000089300000|100%| E|CS|TAMS 0x0000000089200000, 0x0000000089200000| Complete 
| 117|0x0000000089300000, 0x0000000089400000, 0x0000000089400000|100%| E|CS|TAMS 0x0000000089300000, 0x0000000089300000| Complete 
| 118|0x0000000089400000, 0x0000000089500000, 0x0000000089500000|100%| E|CS|TAMS 0x0000000089400000, 0x0000000089400000| Complete 
| 119|0x0000000089500000, 0x0000000089600000, 0x0000000089600000|100%| E|CS|TAMS 0x0000000089500000, 0x0000000089500000| Complete 
| 120|0x0000000089600000, 0x0000000089700000, 0x0000000089700000|100%| E|CS|TAMS 0x0000000089600000, 0x0000000089600000| Complete 
| 121|0x0000000089700000, 0x0000000089800000, 0x0000000089800000|100%| E|CS|TAMS 0x0000000089700000, 0x0000000089700000| Complete 
| 122|0x0000000089800000, 0x0000000089900000, 0x0000000089900000|100%| E|CS|TAMS 0x0000000089800000, 0x0000000089800000| Complete 
| 123|0x0000000089900000, 0x0000000089a00000, 0x0000000089a00000|100%| E|CS|TAMS 0x0000000089900000, 0x0000000089900000| Complete 
| 124|0x0000000089a00000, 0x0000000089b00000, 0x0000000089b00000|100%| E|CS|TAMS 0x0000000089a00000, 0x0000000089a00000| Complete 
| 125|0x0000000089b00000, 0x0000000089c00000, 0x0000000089c00000|100%| E|CS|TAMS 0x0000000089b00000, 0x0000000089b00000| Complete 
| 126|0x0000000089c00000, 0x0000000089d00000, 0x0000000089d00000|100%| E|CS|TAMS 0x0000000089c00000, 0x0000000089c00000| Complete 
| 127|0x0000000089d00000, 0x0000000089e00000, 0x0000000089e00000|100%| E|CS|TAMS 0x0000000089d00000, 0x0000000089d00000| Complete 

Card table byte_map: [0x000001eb2f020000,0x000001eb2f420000] _byte_map_base: 0x000001eb2ec11000

Marking Bits (Prev, Next): (CMBitMap*) 0x000001eb1758bae0, (CMBitMap*) 0x000001eb1758baa8
 Prev Bits: [0x000001eb317b0000, 0x000001eb33738000)
 Next Bits: [0x000001eb2f820000, 0x000001eb317a8000)

Polling page: 0x000001eb15360000

Metaspace:

Usage:
  Non-class:     29.75 MB capacity,    29.14 MB ( 98%) used,   513.98 KB (  2%) free+waste,   114.38 KB ( <1%) overhead. 
      Class:      4.18 MB capacity,     3.83 MB ( 92%) used,   306.70 KB (  7%) free+waste,    55.06 KB (  1%) overhead. 
       Both:     33.93 MB capacity,    32.97 MB ( 97%) used,   820.67 KB (  2%) free+waste,   169.44 KB ( <1%) overhead. 

Virtual space:
  Non-class space:       30.00 MB reserved,      30.00 MB (100%) committed 
      Class space:        1.00 GB reserved,       4.25 MB ( <1%) committed 
             Both:        1.03 GB reserved,      34.25 MB (  3%) committed 

Chunk freelists:
   Non-Class:  0 bytes
       Class:  4.00 KB
        Both:  4.00 KB

MaxMetaspaceSize: 17179869184.00 GB
CompressedClassSpaceSize: 1.00 GB

CodeHeap 'non-profiled nmethods': size=120064Kb used=1651Kb max_used=1651Kb free=118412Kb
 bounds [0x000001eb276e0000, 0x000001eb27950000, 0x000001eb2ec20000]
CodeHeap 'profiled nmethods': size=120000Kb used=7443Kb max_used=7443Kb free=112557Kb
 bounds [0x000001eb201b0000, 0x000001eb20900000, 0x000001eb276e0000]
CodeHeap 'non-nmethods': size=5696Kb used=1144Kb max_used=1190Kb free=4551Kb
 bounds [0x000001eb1fc20000, 0x000001eb1fe90000, 0x000001eb201b0000]
 total_blobs=3902 nmethods=3423 adapters=390
 compilation: enabled
              stopped_count=0, restarted_count=0
 full_count=0

Compilation events (20 events):
Event: 8.999 Thread 0x000001eb364fb000 nmethod 3406 0x000001eb2787a010 code [0x000001eb2787a1c0, 0x000001eb2787a258]
Event: 8.999 Thread 0x000001eb364fb000 3409       2       org.springframework.util.ClassUtils::isAssignable (84 bytes)
Event: 8.999 Thread 0x000001eb364fb000 nmethod 3409 0x000001eb208e4b90 code [0x000001eb208e4da0, 0x000001eb208e5178]
Event: 8.999 Thread 0x000001eb364fb000 3410       3       org.springframework.core.SerializableTypeWrapper$MethodParameterTypeProvider::<init> (59 bytes)
Event: 9.000 Thread 0x000001eb364fb000 nmethod 3410 0x000001eb208e5390 code [0x000001eb208e55c0, 0x000001eb208e62b8]
Event: 9.000 Thread 0x000001eb364fb000 3411       3       org.springframework.core.ResolvableType::getNested (121 bytes)
Event: 9.001 Thread 0x000001eb364fb000 nmethod 3411 0x000001eb208e6510 code [0x000001eb208e67e0, 0x000001eb208e7928]
Event: 9.001 Thread 0x000001eb37dfd800 nmethod 3404 0x000001eb2787a310 code [0x000001eb2787a4c0, 0x000001eb2787a758]
Event: 9.001 Thread 0x000001eb37dfd800 3408       4       java.util.concurrent.ConcurrentHashMap::sumCount (60 bytes)
Event: 9.002 Thread 0x000001eb364fb000 3412       3       org.springframework.util.ClassUtils::getUserClass (31 bytes)
Event: 9.002 Thread 0x000001eb364fb000 nmethod 3412 0x000001eb208e7f10 code [0x000001eb208e8120, 0x000001eb208e8568]
Event: 9.003 Thread 0x000001eb37dfd800 nmethod 3408 0x000001eb2787a910 code [0x000001eb2787aaa0, 0x000001eb2787abb8]
Event: 9.003 Thread 0x000001eb37dfd800 3413       4       org.springframework.beans.factory.support.DefaultSingletonBeanRegistry::isSingletonCurrentlyInCreation (11 bytes)
Event: 9.004 Thread 0x000001eb364fb000 3414   !   3       com.sun.proxy.$Proxy26::annotationType (29 bytes)
Event: 9.004 Thread 0x000001eb364fb000 nmethod 3414 0x000001eb208e8710 code [0x000001eb208e8900, 0x000001eb208e8cd8]
Event: 9.005 Thread 0x000001eb364fb000 3416       3       org.springframework.core.ResolvableType::forMethodParameter (40 bytes)
Event: 9.006 Thread 0x000001eb364fb000 nmethod 3416 0x000001eb208e8e90 code [0x000001eb208e9100, 0x000001eb208e9c28]
Event: 9.006 Thread 0x000001eb364fb000 3417       3       jdk.internal.reflect.ReflectionFactory::copyField (10 bytes)
Event: 9.006 Thread 0x000001eb364fb000 nmethod 3417 0x000001eb208ea010 code [0x000001eb208ea200, 0x000001eb208ea508]
Event: 9.006 Thread 0x000001eb364fb000 3418       3       java.lang.reflect.ReflectAccess::copyField (5 bytes)

GC Heap History (14 events):
Event: 1.081 GC heap before
{Heap before GC invocations=0 (full 0):
 garbage-first heap   total 131072K, used 14336K [0x0000000081e00000, 0x0000000100000000)
  region size 1024K, 14 young (14336K), 0 survivors (0K)
 Metaspace       used 12962K, capacity 13312K, committed 13440K, reserved 1060864K
  class space    used 1298K, capacity 1404K, committed 1408K, reserved 1048576K
}
Event: 1.096 GC heap after
{Heap after GC invocations=1 (full 0):
 garbage-first heap   total 131072K, used 6024K [0x0000000081e00000, 0x0000000100000000)
  region size 1024K, 2 young (2048K), 2 survivors (2048K)
 Metaspace       used 12962K, capacity 13312K, committed 13440K, reserved 1060864K
  class space    used 1298K, capacity 1404K, committed 1408K, reserved 1048576K
}
Event: 1.505 GC heap before
{Heap before GC invocations=1 (full 0):
 garbage-first heap   total 131072K, used 13192K [0x0000000081e00000, 0x0000000100000000)
  region size 1024K, 9 young (9216K), 2 survivors (2048K)
 Metaspace       used 14871K, capacity 15290K, committed 15488K, reserved 1062912K
  class space    used 1497K, capacity 1618K, committed 1664K, reserved 1048576K
}
Event: 1.509 GC heap after
{Heap after GC invocations=2 (full 0):
 garbage-first heap   total 131072K, used 6913K [0x0000000081e00000, 0x0000000100000000)
  region size 1024K, 1 young (1024K), 1 survivors (1024K)
 Metaspace       used 14871K, capacity 15290K, committed 15488K, reserved 1062912K
  class space    used 1497K, capacity 1618K, committed 1664K, reserved 1048576K
}
Event: 1.751 GC heap before
{Heap before GC invocations=2 (full 0):
 garbage-first heap   total 131072K, used 29441K [0x0000000081e00000, 0x0000000100000000)
  region size 1024K, 24 young (24576K), 1 survivors (1024K)
 Metaspace       used 15944K, capacity 16374K, committed 16640K, reserved 1064960K
  class space    used 1622K, capacity 1767K, committed 1792K, reserved 1048576K
}
Event: 1.753 GC heap after
{Heap after GC invocations=3 (full 0):
 garbage-first heap   total 131072K, used 7293K [0x0000000081e00000, 0x0000000100000000)
  region size 1024K, 2 young (2048K), 2 survivors (2048K)
 Metaspace       used 15944K, capacity 16374K, committed 16640K, reserved 1064960K
  class space    used 1622K, capacity 1767K, committed 1792K, reserved 1048576K
}
Event: 2.582 GC heap before
{Heap before GC invocations=3 (full 0):
 garbage-first heap   total 131072K, used 42109K [0x0000000081e00000, 0x0000000100000000)
  region size 1024K, 37 young (37888K), 2 survivors (2048K)
 Metaspace       used 18578K, capacity 19077K, committed 19328K, reserved 1067008K
  class space    used 1957K, capacity 2143K, committed 2176K, reserved 1048576K
}
Event: 2.689 GC heap after
{Heap after GC invocations=4 (full 0):
 garbage-first heap   total 131072K, used 7947K [0x0000000081e00000, 0x0000000100000000)
  region size 1024K, 2 young (2048K), 2 survivors (2048K)
 Metaspace       used 18578K, capacity 19077K, committed 19328K, reserved 1067008K
  class space    used 1957K, capacity 2143K, committed 2176K, reserved 1048576K
}
Event: 3.308 GC heap before
{Heap before GC invocations=4 (full 0):
 garbage-first heap   total 131072K, used 19211K [0x0000000081e00000, 0x0000000100000000)
  region size 1024K, 15 young (15360K), 2 survivors (2048K)
 Metaspace       used 20566K, capacity 21141K, committed 21248K, reserved 1069056K
  class space    used 2250K, capacity 2472K, committed 2560K, reserved 1048576K
}
Event: 3.311 GC heap after
{Heap after GC invocations=5 (full 0):
 garbage-first heap   total 131072K, used 8685K [0x0000000081e00000, 0x0000000100000000)
  region size 1024K, 3 young (3072K), 3 survivors (3072K)
 Metaspace       used 20566K, capacity 21141K, committed 21248K, reserved 1069056K
  class space    used 2250K, capacity 2472K, committed 2560K, reserved 1048576K
}
Event: 4.655 GC heap before
{Heap before GC invocations=6 (full 0):
 garbage-first heap   total 131072K, used 67053K [0x0000000081e00000, 0x0000000100000000)
  region size 1024K, 61 young (62464K), 3 survivors (3072K)
 Metaspace       used 26901K, capacity 27675K, committed 27776K, reserved 1073152K
  class space    used 3048K, capacity 3361K, committed 3456K, reserved 1048576K
}
Event: 4.660 GC heap after
{Heap after GC invocations=7 (full 0):
 garbage-first heap   total 131072K, used 9923K [0x0000000081e00000, 0x0000000100000000)
  region size 1024K, 4 young (4096K), 4 survivors (4096K)
 Metaspace       used 26901K, capacity 27675K, committed 27776K, reserved 1073152K
  class space    used 3048K, capacity 3361K, committed 3456K, reserved 1048576K
}
Event: 7.946 GC heap before
{Heap before GC invocations=7 (full 0):
 garbage-first heap   total 131072K, used 77507K [0x0000000081e00000, 0x0000000100000000)
  region size 1024K, 71 young (72704K), 4 survivors (4096K)
 Metaspace       used 31558K, capacity 32496K, committed 32768K, reserved 1077248K
  class space    used 3617K, capacity 3992K, committed 4096K, reserved 1048576K
}
Event: 7.953 GC heap after
{Heap after GC invocations=8 (full 0):
 garbage-first heap   total 131072K, used 11878K [0x0000000081e00000, 0x0000000100000000)
  region size 1024K, 6 young (6144K), 6 survivors (6144K)
 Metaspace       used 31558K, capacity 32496K, committed 32768K, reserved 1077248K
  class space    used 3617K, capacity 3992K, committed 4096K, reserved 1048576K
}

Deoptimization events (20 events):
Event: 8.980 Thread 0x000001eb37376000 Uncommon trap: trap_request=0xffffffde fr.pc=0x000001eb2777df78 relative=0x0000000000000118
Event: 8.980 Thread 0x000001eb37376000 Uncommon trap: reason=class_check action=maybe_recompile pc=0x000001eb2777df78 method=org.springframework.boot.context.properties.source.ConfigurationPropertyName$Elements.charAt(II)C @ 43 c2
Event: 8.980 Thread 0x000001eb37376000 DEOPT PACKING pc=0x000001eb2777df78 sp=0x000000bd94bfaff0
Event: 8.980 Thread 0x000001eb37376000 DEOPT UNPACKING pc=0x000001eb1fc474af sp=0x000000bd94bfaf68 mode 2
Event: 8.981 Thread 0x000001eb37376000 Uncommon trap: trap_request=0xffffffc6 fr.pc=0x000001eb27714acc relative=0x000000000000036c
Event: 8.981 Thread 0x000001eb37376000 Uncommon trap: reason=bimorphic_or_optimized_type_check action=maybe_recompile pc=0x000001eb27714acc method=java.util.HashMap.getNode(ILjava/lang/Object;)Ljava/util/HashMap$Node; @ 126 c2
Event: 8.981 Thread 0x000001eb37376000 DEOPT PACKING pc=0x000001eb27714acc sp=0x000000bd94bfb1a0
Event: 8.981 Thread 0x000001eb37376000 DEOPT UNPACKING pc=0x000001eb1fc474af sp=0x000000bd94bfb118 mode 2
Event: 8.992 Thread 0x000001eb37376000 Uncommon trap: trap_request=0xfffffff4 fr.pc=0x000001eb2782e35c relative=0x000000000000021c
Event: 8.992 Thread 0x000001eb37376000 Uncommon trap: reason=null_check action=make_not_entrant pc=0x000001eb2782e35c method=org.springframework.util.ClassUtils.isAssignable(Ljava/lang/Class;Ljava/lang/Class;)Z @ 14 c2
Event: 8.992 Thread 0x000001eb37376000 DEOPT PACKING pc=0x000001eb2782e35c sp=0x000000bd94bfa7b0
Event: 8.992 Thread 0x000001eb37376000 DEOPT UNPACKING pc=0x000001eb1fc474af sp=0x000000bd94bfa750 mode 2
Event: 9.000 Thread 0x000001eb37376000 Uncommon trap: trap_request=0xffffffde fr.pc=0x000001eb277fe3f8 relative=0x0000000000001118
Event: 9.000 Thread 0x000001eb37376000 Uncommon trap: reason=class_check action=maybe_recompile pc=0x000001eb277fe3f8 method=java.util.concurrent.ConcurrentHashMap.putVal(Ljava/lang/Object;Ljava/lang/Object;Z)Ljava/lang/Object; @ 242 c2
Event: 9.000 Thread 0x000001eb37376000 DEOPT PACKING pc=0x000001eb277fe3f8 sp=0x000000bd94bfcd10
Event: 9.000 Thread 0x000001eb37376000 DEOPT UNPACKING pc=0x000001eb1fc474af sp=0x000000bd94bfcc80 mode 2
Event: 9.002 Thread 0x000001eb37376000 Uncommon trap: trap_request=0xffffffde fr.pc=0x000001eb277fe3f8 relative=0x0000000000001118
Event: 9.002 Thread 0x000001eb37376000 Uncommon trap: reason=class_check action=maybe_recompile pc=0x000001eb277fe3f8 method=java.util.concurrent.ConcurrentHashMap.putVal(Ljava/lang/Object;Ljava/lang/Object;Z)Ljava/lang/Object; @ 242 c2
Event: 9.002 Thread 0x000001eb37376000 DEOPT PACKING pc=0x000001eb277fe3f8 sp=0x000000bd94bfcd10
Event: 9.003 Thread 0x000001eb37376000 DEOPT UNPACKING pc=0x000001eb1fc474af sp=0x000000bd94bfcc80 mode 2

Classes redefined (0 events):
No events

Internal exceptions (20 events):
Event: 8.198 Thread 0x000001eb37376000 Exception <a 'java/lang/ClassNotFoundException'{0x0000000089ad61f0}: org/springframework/aop/framework/autoproxy/AbstractAdvisorAutoProxyCreatorCustomizer> (0x0000000089ad61f0) thrown at [./src/hotspot/share/classfile/systemDictionary.cpp, line 231]
Event: 8.199 Thread 0x000001eb37376000 Exception <a 'java/lang/ClassNotFoundException'{0x0000000089ae9308}: org/springframework/aop/aspectj/autoproxy/AspectJAwareAdvisorAutoProxyCreatorCustomizer> (0x0000000089ae9308) thrown at [./src/hotspot/share/classfile/systemDictionary.cpp, line 231]
Event: 8.200 Thread 0x000001eb37376000 Exception <a 'java/lang/ClassNotFoundException'{0x0000000089afb5c0}: org/springframework/aop/aspectj/annotation/AnnotationAwareAspectJAutoProxyCreatorCustomizer> (0x0000000089afb5c0) thrown at [./src/hotspot/share/classfile/systemDictionary.cpp, line 231]
Event: 8.202 Thread 0x000001eb37376000 Exception <a 'java/lang/ClassNotFoundException'{0x000000008991ed68}: org/springframework/beans/factory/config/SmartInstantiationAwareBeanPostProcessorCustomizer> (0x000000008991ed68) thrown at [./src/hotspot/share/classfile/systemDictionary.cpp, line 231]
Event: 8.203 Thread 0x000001eb37376000 Exception <a 'java/lang/ClassNotFoundException'{0x0000000089931bf8}: org/springframework/beans/factory/config/InstantiationAwareBeanPostProcessorCustomizer> (0x0000000089931bf8) thrown at [./src/hotspot/share/classfile/systemDictionary.cpp, line 231]
Event: 8.204 Thread 0x000001eb37376000 Exception <a 'java/lang/ClassNotFoundException'{0x0000000089942b48}: org/springframework/beans/factory/config/BeanPostProcessorCustomizer> (0x0000000089942b48) thrown at [./src/hotspot/share/classfile/systemDictionary.cpp, line 231]
Event: 8.204 Thread 0x000001eb37376000 Exception <a 'java/lang/ClassNotFoundException'{0x0000000089950a40}: org/springframework/beans/factory/BeanFactoryAwareCustomizer> (0x0000000089950a40) thrown at [./src/hotspot/share/classfile/systemDictionary.cpp, line 231]
Event: 8.205 Thread 0x000001eb37376000 Exception <a 'java/lang/ClassNotFoundException'{0x000000008995d4e8}: org/springframework/beans/factory/AwareCustomizer> (0x000000008995d4e8) thrown at [./src/hotspot/share/classfile/systemDictionary.cpp, line 231]
Event: 8.205 Thread 0x000001eb37376000 Exception <a 'java/lang/ClassNotFoundException'{0x0000000089967ec0}: org/springframework/core/OrderedCustomizer> (0x0000000089967ec0) thrown at [./src/hotspot/share/classfile/systemDictionary.cpp, line 231]
Event: 8.206 Thread 0x000001eb37376000 Exception <a 'java/lang/ClassNotFoundException'{0x0000000089975590}: org/springframework/beans/factory/BeanClassLoaderAwareCustomizer> (0x0000000089975590) thrown at [./src/hotspot/share/classfile/systemDictionary.cpp, line 231]
Event: 8.207 Thread 0x000001eb37376000 Exception <a 'java/lang/ClassNotFoundException'{0x0000000089981910}: org/springframework/beans/factory/AwareCustomizer> (0x0000000089981910) thrown at [./src/hotspot/share/classfile/systemDictionary.cpp, line 231]
Event: 8.207 Thread 0x000001eb37376000 Exception <a 'java/lang/ClassNotFoundException'{0x000000008998e4d0}: org/springframework/aop/framework/AopInfrastructureBeanCustomizer> (0x000000008998e4d0) thrown at [./src/hotspot/share/classfile/systemDictionary.cpp, line 231]
Event: 8.398 Thread 0x000001eb37376000 Exception <a 'java/lang/ClassNotFoundException'{0x000000008962ba68}: java/lang/ObjectCustomizer> (0x000000008962ba68) thrown at [./src/hotspot/share/classfile/systemDictionary.cpp, line 231]
Event: 8.444 Thread 0x000001eb37376000 Exception <a 'java/lang/ClassNotFoundException'{0x000000008963f488}: org/springframework/transaction/annotation/AbstractTransactionManagementConfigurationCustomizer> (0x000000008963f488) thrown at [./src/hotspot/share/classfile/systemDictionary.cpp, line 231]
Event: 8.447 Thread 0x000001eb37376000 Exception <a 'java/lang/ClassNotFoundException'{0x0000000089651f98}: org/springframework/transaction/annotation/ProxyTransactionManagementConfigurationCustomizer> (0x0000000089651f98) thrown at [./src/hotspot/share/classfile/systemDictionary.cpp, line 231]
Event: 8.459 Thread 0x000001eb37376000 Exception <a 'java/lang/ClassNotFoundException'{0x0000000089662f78}: org/springframework/context/annotation/ImportAwareCustomizer> (0x0000000089662f78) thrown at [./src/hotspot/share/classfile/systemDictionary.cpp, line 231]
Event: 8.459 Thread 0x000001eb37376000 Exception <a 'java/lang/ClassNotFoundException'{0x000000008966fce0}: org/springframework/beans/factory/AwareCustomizer> (0x000000008966fce0) thrown at [./src/hotspot/share/classfile/systemDictionary.cpp, line 231]
Event: 8.610 Thread 0x000001eb37376000 Exception <a 'java/lang/NoSuchMethodError'{0x0000000089468780}: 'java.lang.Object java.lang.invoke.DirectMethodHandle$Holder.invokeSpecialIFC(java.lang.Object, java.lang.Object, java.lang.Object)'> (0x0000000089468780) thrown at [./src/hotspot/share/interpreter/linkResolver.cpp, line 773]
Event: 8.798 Thread 0x000001eb37376000 Exception <a 'java/lang/NoSuchMethodError'{0x000000008923f128}: 'int java.lang.invoke.DirectMethodHandle$Holder.invokeSpecial(java.lang.Object, java.lang.Object, java.lang.Object, java.lang.Object, java.lang.Object)'> (0x000000008923f128) thrown at [./src/hotspot/share/interpreter/linkResolver.cpp, line 773]
Event: 8.992 Thread 0x000001eb37376000 Implicit null exception at 0x000001eb2782e157 to 0x000001eb2782e348

Events (20 events):
Event: 8.935 loading class org/springframework/beans/propertyeditors/CustomNumberEditor
Event: 8.935 loading class org/springframework/beans/propertyeditors/CustomNumberEditor done
Event: 8.936 loading class org/springframework/beans/propertyeditors/StringArrayPropertyEditor
Event: 8.936 loading class org/springframework/beans/propertyeditors/StringArrayPropertyEditor done
Event: 8.936 loading class org/springframework/boot/autoconfigure/web/ErrorProperties$IncludeAttributeEditor
Event: 8.936 loading class org/springframework/boot/autoconfigure/web/ErrorProperties$IncludeAttributeEditor done
Event: 8.937 loading class org/springframework/boot/convert/LenientObjectToEnumConverterFactory$LenientToEnumConverter
Event: 8.937 loading class org/springframework/boot/convert/LenientObjectToEnumConverterFactory$LenientToEnumConverter done
Event: 8.938 loading class org/springframework/boot/autoconfigure/web/ErrorProperties$IncludeStacktraceEditor
Event: 8.938 loading class org/springframework/boot/autoconfigure/web/ErrorProperties$IncludeStacktraceEditor done
Event: 8.990 loading class org/springframework/boot/context/properties/source/ConfigurationPropertyName
Event: 8.990 loading class org/springframework/boot/context/properties/source/ConfigurationPropertyName done
Event: 8.990 loading class org/springframework/boot/context/properties/bind/MapBinder$EntryBinder
Event: 8.990 loading class org/springframework/boot/context/properties/bind/MapBinder$EntryBinder done
Event: 8.993 loading class org/springframework/boot/convert/DurationUnit
Event: 8.993 loading class org/springframework/boot/convert/DurationUnit done
Event: 8.995 loading class org/springframework/boot/web/servlet/server/Session$SessionTrackingMode
Event: 8.995 loading class org/springframework/boot/web/servlet/server/Session$SessionTrackingMode done
Event: 9.006 loading class org/apache/catalina/LifecycleEvent
Event: 9.006 loading class org/apache/catalina/LifecycleEvent done


Dynamic libraries:
0x00007ff71ef00000 - 0x00007ff71ef0d000 	C:\Program Files\AdoptOpenJDK\jdk-11.0.9.101-hotspot\bin\java.exe
0x00007ffd4ea60000 - 0x00007ffd4ec41000 	C:\WINDOWS\SYSTEM32\ntdll.dll
0x00007ffd4e450000 - 0x00007ffd4e501000 	C:\WINDOWS\System32\KERNEL32.DLL
0x00007ffd4ba20000 - 0x00007ffd4bc93000 	C:\WINDOWS\System32\KERNELBASE.dll
0x00007ffd4b780000 - 0x00007ffd4b878000 	C:\WINDOWS\System32\ucrtbase.dll
0x00007ffd307c0000 - 0x00007ffd307d5000 	C:\Program Files\AdoptOpenJDK\jdk-11.0.9.101-hotspot\bin\VCRUNTIME140.dll
0x00007ffd30590000 - 0x00007ffd305a7000 	C:\Program Files\AdoptOpenJDK\jdk-11.0.9.101-hotspot\bin\jli.dll
0x00007ffd4e830000 - 0x00007ffd4e9c0000 	C:\WINDOWS\System32\USER32.dll
0x00007ffd4afb0000 - 0x00007ffd4afd0000 	C:\WINDOWS\System32\win32u.dll
0x00007ffd4c220000 - 0x00007ffd4c248000 	C:\WINDOWS\System32\GDI32.dll
0x00007ffd3b1b0000 - 0x00007ffd3b419000 	C:\WINDOWS\WinSxS\amd64_microsoft.windows.common-controls_6595b64144ccf1df_6.0.17134.1246_none_d3ffb9d77c90723d\COMCTL32.dll
0x00007ffd4b880000 - 0x00007ffd4ba11000 	C:\WINDOWS\System32\gdi32full.dll
0x00007ffd4cb00000 - 0x00007ffd4cb9e000 	C:\WINDOWS\System32\msvcrt.dll
0x00007ffd4b6e0000 - 0x00007ffd4b77f000 	C:\WINDOWS\System32\msvcp_win.dll
0x00007ffd4c700000 - 0x00007ffd4ca21000 	C:\WINDOWS\System32\combase.dll
0x00007ffd4c010000 - 0x00007ffd4c134000 	C:\WINDOWS\System32\RPCRT4.dll
0x00007ffd4ae20000 - 0x00007ffd4ae99000 	C:\WINDOWS\System32\bcryptPrimitives.dll
0x00007ffd4c260000 - 0x00007ffd4c28d000 	C:\WINDOWS\System32\IMM32.DLL
0x00007ffd17880000 - 0x00007ffd1791b000 	C:\Program Files\AdoptOpenJDK\jdk-11.0.9.101-hotspot\bin\msvcp140.dll
0x00007ffd07e10000 - 0x00007ffd08953000 	C:\Program Files\AdoptOpenJDK\jdk-11.0.9.101-hotspot\bin\server\jvm.dll
0x00007ffd4e780000 - 0x00007ffd4e821000 	C:\WINDOWS\System32\ADVAPI32.dll
0x00007ffd4c290000 - 0x00007ffd4c2eb000 	C:\WINDOWS\System32\sechost.dll
0x00007ffd4dff0000 - 0x00007ffd4dff8000 	C:\WINDOWS\System32\PSAPI.DLL
0x00007ffd43740000 - 0x00007ffd43749000 	C:\WINDOWS\SYSTEM32\WSOCK32.dll
0x00007ffd3f960000 - 0x00007ffd3f96a000 	C:\WINDOWS\SYSTEM32\VERSION.dll
0x00007ffd4e9c0000 - 0x00007ffd4ea2c000 	C:\WINDOWS\System32\WS2_32.dll
0x00007ffd478e0000 - 0x00007ffd47903000 	C:\WINDOWS\SYSTEM32\WINMM.dll
0x00007ffd478b0000 - 0x00007ffd478da000 	C:\WINDOWS\SYSTEM32\WINMMBASE.dll
0x00007ffd4bca0000 - 0x00007ffd4bce9000 	C:\WINDOWS\System32\cfgmgr32.dll
0x00007ffd4ae00000 - 0x00007ffd4ae11000 	C:\WINDOWS\System32\kernel.appcore.dll
0x00007ffd3f560000 - 0x00007ffd3f570000 	C:\Program Files\AdoptOpenJDK\jdk-11.0.9.101-hotspot\bin\verify.dll
0x00007ffd49870000 - 0x00007ffd49a39000 	C:\WINDOWS\SYSTEM32\DBGHELP.DLL
0x00007ffd380f0000 - 0x00007ffd38119000 	C:\WINDOWS\SYSTEM32\dbgcore.DLL
0x00007ffd2b460000 - 0x00007ffd2b488000 	C:\Program Files\AdoptOpenJDK\jdk-11.0.9.101-hotspot\bin\java.dll
0x00007ffd3dca0000 - 0x00007ffd3dcaa000 	C:\Program Files\AdoptOpenJDK\jdk-11.0.9.101-hotspot\bin\jimage.dll
0x00007ffd2c9d0000 - 0x00007ffd2c9e7000 	C:\Program Files\AdoptOpenJDK\jdk-11.0.9.101-hotspot\bin\zip.dll
0x00007ffd4cba0000 - 0x00007ffd4dfe5000 	C:\WINDOWS\System32\SHELL32.dll
0x00007ffd4ca50000 - 0x00007ffd4caf9000 	C:\WINDOWS\System32\shcore.dll
0x00007ffd4afd0000 - 0x00007ffd4b6e0000 	C:\WINDOWS\System32\windows.storage.dll
0x00007ffd4e710000 - 0x00007ffd4e761000 	C:\WINDOWS\System32\shlwapi.dll
0x00007ffd4ad60000 - 0x00007ffd4ad7f000 	C:\WINDOWS\System32\profapi.dll
0x00007ffd4adb0000 - 0x00007ffd4adfc000 	C:\WINDOWS\System32\powrprof.dll
0x00007ffd4ad80000 - 0x00007ffd4ad8a000 	C:\WINDOWS\System32\FLTLIB.DLL
0x00007ffd2b3e0000 - 0x00007ffd2b3f9000 	C:\Program Files\AdoptOpenJDK\jdk-11.0.9.101-hotspot\bin\net.dll
0x00007ffd3f3e0000 - 0x00007ffd3f4bd000 	C:\WINDOWS\SYSTEM32\WINHTTP.dll
0x00007ffd4a5e0000 - 0x00007ffd4a646000 	C:\WINDOWS\system32\mswsock.dll
0x00007ffd245f0000 - 0x00007ffd24602000 	C:\Program Files\AdoptOpenJDK\jdk-11.0.9.101-hotspot\bin\nio.dll
0x00007ffd43ac0000 - 0x00007ffd43ac9000 	C:\Program Files\AdoptOpenJDK\jdk-11.0.9.101-hotspot\bin\management.dll
0x00007ffd43090000 - 0x00007ffd4309b000 	C:\Program Files\AdoptOpenJDK\jdk-11.0.9.101-hotspot\bin\management_ext.dll
0x00007ffd2d1f0000 - 0x00007ffd2d206000 	C:\WINDOWS\system32\napinsp.dll
0x00007ffd2d1d0000 - 0x00007ffd2d1ea000 	C:\WINDOWS\system32\pnrpnsp.dll
0x00007ffd474c0000 - 0x00007ffd474d9000 	C:\WINDOWS\system32\NLAapi.dll
0x00007ffd4a370000 - 0x00007ffd4a42e000 	C:\WINDOWS\SYSTEM32\DNSAPI.dll
0x00007ffd4e770000 - 0x00007ffd4e778000 	C:\WINDOWS\System32\NSI.dll
0x00007ffd4a330000 - 0x00007ffd4a368000 	C:\WINDOWS\SYSTEM32\IPHLPAPI.DLL
0x00007ffd2cb90000 - 0x00007ffd2cb9e000 	C:\WINDOWS\System32\winrnr.dll
0x00007ffd41eb0000 - 0x00007ffd41ec5000 	C:\WINDOWS\System32\wshbth.dll
0x00007ffd3ae10000 - 0x00007ffd3ae1a000 	C:\Windows\System32\rasadhlp.dll
0x00007ffd3b750000 - 0x00007ffd3b7c2000 	C:\WINDOWS\System32\fwpuclnt.dll
0x00007ffd4a8c0000 - 0x00007ffd4a8e5000 	C:\WINDOWS\SYSTEM32\bcrypt.dll
0x00007ffd4a7a0000 - 0x00007ffd4a7b7000 	C:\WINDOWS\SYSTEM32\CRYPTSP.dll
0x00007ffd4a190000 - 0x00007ffd4a1c3000 	C:\WINDOWS\system32\rsaenh.dll
0x00007ffd4ac90000 - 0x00007ffd4acb8000 	C:\WINDOWS\SYSTEM32\USERENV.dll
0x00007ffd4a790000 - 0x00007ffd4a79b000 	C:\WINDOWS\SYSTEM32\CRYPTBASE.dll
0x00007ffd3e830000 - 0x00007ffd3e846000 	C:\WINDOWS\SYSTEM32\dhcpcsvc6.DLL
0x00007ffd3eea0000 - 0x00007ffd3eeba000 	C:\WINDOWS\SYSTEM32\dhcpcsvc.DLL

dbghelp: loaded successfully - version: 4.0.5 - missing functions: none
symbol engine: initialized successfully - sym options: 0x614 - pdb path: .;C:\Program Files\AdoptOpenJDK\jdk-11.0.9.101-hotspot\bin;C:\WINDOWS\SYSTEM32;C:\WINDOWS\WinSxS\amd64_microsoft.windows.common-controls_6595b64144ccf1df_6.0.17134.1246_none_d3ffb9d77c90723d;C:\Program Files\AdoptOpenJDK\jdk-11.0.9.101-hotspot\bin\server

VM Arguments:
jvm_args: -Dcom.sun.management.jmxremote -Dcom.sun.management.jmxremote.port=51023 -Dcom.sun.management.jmxremote.authenticate=false -Dcom.sun.management.jmxremote.ssl=false -Djava.rmi.server.hostname=localhost -Dspring.application.admin.enabled=true -Dspring.jmx.enabled=true -Dfile.encoding=UTF-8 
java_command: com.gilmar.numeros.NumerosApplication
java_class_path (initial): C:\zupTeste\numeros\target\classes;C:\Users\Thas Carneiro\.m2\repository\org\springframework\boot\spring-boot-starter-data-jpa\2.4.1\spring-boot-starter-data-jpa-2.4.1.jar;C:\Users\Thas Carneiro\.m2\repository\org\springframework\boot\spring-boot-starter-aop\2.4.1\spring-boot-starter-aop-2.4.1.jar;C:\Users\Thas Carneiro\.m2\repository\org\springframework\spring-aop\5.3.2\spring-aop-5.3.2.jar;C:\Users\Thas Carneiro\.m2\repository\org\aspectj\aspectjweaver\1.9.6\aspectjweaver-1.9.6.jar;C:\Users\Thas Carneiro\.m2\repository\org\springframework\boot\spring-boot-starter-jdbc\2.4.1\spring-boot-starter-jdbc-2.4.1.jar;C:\Users\Thas Carneiro\.m2\repository\com\zaxxer\HikariCP\3.4.5\HikariCP-3.4.5.jar;C:\Users\Thas Carneiro\.m2\repository\org\springframework\spring-jdbc\5.3.2\spring-jdbc-5.3.2.jar;C:\Users\Thas Carneiro\.m2\repository\jakarta\transaction\jakarta.transaction-api\1.3.3\jakarta.transaction-api-1.3.3.jar;C:\Users\Thas Carneiro\.m2\repository\jakarta\persistence\jakarta.persistence-api\2.2.3\jakarta.persistence-api-2.2.3.jar;C:\Users\Thas Carneiro\.m2\repository\org\hibernate\hibernate-core\5.4.25.Final\hibernate-core-5.4.25.Final.jar;C:\Users\Thas Carneiro\.m2\repository\org\jboss\logging\jboss-logging\3.4.1.Final\jboss-logging-3.4.1.Final.jar;C:\Users\Thas Carneiro\.m2\repository\org\javassist\javassist\3.27.0-GA\javassist-3.27.0-GA.jar;C:\Users\Thas Carneiro\.m2\repository\net\bytebuddy\byte-buddy\1.10.18\byte-buddy-1.10.18.jar;C:\Users\Thas Carneiro\.m2\repository\antlr\antlr\2.7.7\antlr-2.7.7.jar;C:\Users\Thas Carneiro\.m2\repository\org\jboss\jandex\2.1.3.Final\jandex-2.1.3.Final.jar;C:\Users\Thas Carneiro\.m2\repository\com\fasterxml\classmate\1.5.1\classmate-1.5.1.jar;C:\Users\Thas Carneiro\.m2\repository\org\dom4j\dom4j\2.1.3\dom4j-2.1.3.jar;C:\Users\Thas Carneiro\.m2\repository\org\hibernate\common\hibernate-commons-annotations\5.1.2.Final\hibernate-commons-annotations-5.1.2.Final.jar;C:\Users\Thas Carneiro
Launcher Type: SUN_STANDARD

[Global flags]
     intx CICompilerCount                          = 3                                         {product} {ergonomic}
     uint ConcGCThreads                            = 1                                         {product} {ergonomic}
     uint G1ConcRefinementThreads                  = 4                                         {product} {ergonomic}
   size_t G1HeapRegionSize                         = 1048576                                   {product} {ergonomic}
    uintx GCDrainStackTargetSize                   = 64                                        {product} {ergonomic}
   size_t InitialHeapSize                          = 134217728                                 {product} {ergonomic}
     bool ManagementServer                         = true                                      {product} {command line}
   size_t MarkStackSize                            = 4194304                                   {product} {ergonomic}
   size_t MaxHeapSize                              = 2116026368                                {product} {ergonomic}
   size_t MaxNewSize                               = 1268776960                                {product} {ergonomic}
   size_t MinHeapDeltaBytes                        = 1048576                                   {product} {ergonomic}
    uintx NonNMethodCodeHeapSize                   = 5830732                                {pd product} {ergonomic}
    uintx NonProfiledCodeHeapSize                  = 122913754                              {pd product} {ergonomic}
    uintx ProfiledCodeHeapSize                     = 122913754                              {pd product} {ergonomic}
    uintx ReservedCodeCacheSize                    = 251658240                              {pd product} {ergonomic}
     bool SegmentedCodeCache                       = true                                      {product} {ergonomic}
     bool UseCompressedClassPointers               = true                                 {lp64_product} {ergonomic}
     bool UseCompressedOops                        = true                                 {lp64_product} {ergonomic}
     bool UseG1GC                                  = true                                      {product} {ergonomic}
     bool UseLargePagesIndividualAllocation        = false                                  {pd product} {ergonomic}

Logging:
Log output configuration:
 #0: stdout all=warning uptime,level,tags
 #1: stderr all=off uptime,level,tags

Environment Variables:
PATH=C:\Program Files\AdoptOpenJDK\jdk-11.0.9.101-hotspot\bin;C:\Program Files (x86)\Common Files\Oracle\Java\javapath;C:\Windows\system32;C:\Windows;C:\Windows\System32\Wbem;C:\Windows\System32\WindowsPowerShell\v1.0\;C:\Program Files (x86)\NVIDIA Corporation\PhysX\Common;C:\WINDOWS\system32;C:\WINDOWS;C:\WINDOWS\System32\Wbem;C:\WINDOWS\System32\WindowsPowerShell\v1.0\;C:\WINDOWS\System32\OpenSSH\;C:\Program Files\nodejs\;C:\Program Files\dotnet\;C:\Program Files\Microsoft SQL Server\130\Tools\Binn\;C:\Program Files\Microsoft SQL Server\Client SDK\ODBC\170\Tools\Binn\;C:\Users\Thas Carneiro\AppData\Local\Microsoft\WindowsApps;C:\Users\Thas Carneiro\AppData\Local\Programs\Microsoft VS Code\bin;C:\Users\Thas Carneiro\AppData\Roaming\npm;C:\Users\Thas Carneiro\.dotnet\tools
USERNAME=Thas Carneiro
OS=Windows_NT
PROCESSOR_IDENTIFIER=Intel64 Family 6 Model 142 Stepping 9, GenuineIntel



---------------  S Y S T E M  ---------------

OS: Windows 10 , 64 bit Build 17134 (10.0.17134.753)
OS uptime: 0 days 20:51 hours

CPU:total 4 (initial active 4) (2 cores per cpu, 2 threads per core) family 6 model 142 stepping 9, cmov, cx8, fxsr, mmx, sse, sse2, sse3, ssse3, sse4.1, sse4.2, popcnt, avx, avx2, aes, clmul, erms, 3dnowpref, lzcnt, ht, tsc, tscinvbit, bmi1, bmi2, adx, fma

Memory: 4k page, system-wide physical 8066M (1208M free)
TotalPageFile size 9970M (AvailPageFile size 5M)
current process WorkingSet (physical memory assigned to process): 194M, peak: 200M
current process commit charge ("private bytes"): 275M, peak: 279M

vm_info: OpenJDK 64-Bit Server VM (11.0.9.1+1) for windows-amd64 JRE (11.0.9.1+1), built on Nov 10 2020 15:18:49 by "" with MS VC++ 15.9 (VS2017)

END.
