#
# There is insufficient memory for the Java Runtime Environment to continue.
# Native memory allocation (malloc) failed to allocate 2100016 bytes for Chunk::new
# Possible reasons:
#   The system is out of physical RAM or swap space
#   The process is running with CompressedOops enabled, and the Java Heap may be blocking the growth of the native heap
# Possible solutions:
#   Reduce memory load on the system
#   Increase physical memory or swap space
#   Check if swap backing store is full
#   Decrease Java heap size (-Xmx/-Xms)
#   Decrease number of Java threads
#   Decrease Java thread stack sizes (-Xss)
#   Set larger code cache with -XX:ReservedCodeCacheSize=
#   JVM is running with Unscaled Compressed Oops mode in which the Java heap is
#     placed in the first 4GB address space. The Java Heap base address is the
#     maximum limit for the native heap growth. Please use -XX:HeapBaseMinAddress
#     to set the Java Heap base and to place the Java Heap above 4GB virtual address.
# This output file may be truncated or incomplete.
#
#  Out of Memory Error (./src/hotspot/share/memory/arena.cpp:197), pid=10984, tid=9252
#
# JRE version: OpenJDK Runtime Environment AdoptOpenJDK (11.0.9.1+1) (build 11.0.9.1+1)
# Java VM: OpenJDK 64-Bit Server VM AdoptOpenJDK (11.0.9.1+1, mixed mode, tiered, compressed oops, g1 gc, windows-amd64)
# No core dump will be written. Minidumps are not enabled by default on client versions of Windows
#

---------------  S U M M A R Y ------------

Command Line: -ea -Dfile.encoding=UTF-8 org.eclipse.jdt.internal.junit.runner.RemoteTestRunner -version 3 -port 50592 -testLoaderClass org.eclipse.jdt.internal.junit5.runner.JUnit5TestLoader -loaderpluginname org.eclipse.jdt.junit5.runtime -packageNameFile C:\Users\THASCA~1\AppData\Local\Temp\packageNames8351422862730842773.txt

Host: Intel(R) Core(TM) i5-7200U CPU @ 2.50GHz, 4 cores, 7G,  Windows 10 , 64 bit Build 17134 (10.0.17134.753)
Time: Sun Jan 10 15:10:21 2021 Hora oficial do Brasil elapsed time: 5.302128 seconds (0d 0h 0m 5s)

---------------  T H R E A D  ---------------

Current thread (0x0000029df443b000):  JavaThread "C2 CompilerThread1" daemon [_thread_in_native, id=9252, stack(0x000000ae30500000,0x000000ae30600000)]


Current CompileTask:
C2:   5302 3623   !   4       jdk.internal.loader.BuiltinClassLoader::loadClassOrNull (143 bytes)

Stack: [0x000000ae30500000,0x000000ae30600000]
Native frames: (J=compiled Java code, j=interpreted, Vv=VM code, C=native code)
V  [jvm.dll+0x5f465a]
V  [jvm.dll+0x77c78e]
V  [jvm.dll+0x77de5f]
V  [jvm.dll+0x77e523]
V  [jvm.dll+0x2477c8]
V  [jvm.dll+0xbe2ec]
V  [jvm.dll+0xbe9ec]
V  [jvm.dll+0x34d112]
V  [jvm.dll+0x31ae63]
V  [jvm.dll+0x31a19a]
V  [jvm.dll+0x201085]
V  [jvm.dll+0x20023f]
V  [jvm.dll+0x184fbc]
V  [jvm.dll+0x20f7f7]
V  [jvm.dll+0x20d9db]
V  [jvm.dll+0x741029]
V  [jvm.dll+0x73a0d4]
V  [jvm.dll+0x5f3586]
C  [ucrtbase.dll+0x1e3fe]
C  [KERNEL32.DLL+0x14034]
C  [ntdll.dll+0x73691]


---------------  P R O C E S S  ---------------

Threads class SMR info:
_java_thread_list=0x0000029df6c135c0, length=15, elements={
0x0000029dd4b1c800, 0x0000029df3a58000, 0x0000029df3a61000, 0x0000029df3aae800,
0x0000029df3ab0000, 0x0000029df3ab4000, 0x0000029df3ab9000, 0x0000029df3ac8000,
0x0000029df3c32800, 0x0000029df3c49800, 0x0000029df440e000, 0x0000029df443b000,
0x0000029df8d5d000, 0x0000029df7194000, 0x0000029df719d000
}

Java Threads: ( => current thread )
  0x0000029dd4b1c800 JavaThread "main" [_thread_in_native, id=12352, stack(0x000000ae2f300000,0x000000ae2f400000)]
  0x0000029df3a58000 JavaThread "Reference Handler" daemon [_thread_blocked, id=19192, stack(0x000000ae2fa00000,0x000000ae2fb00000)]
  0x0000029df3a61000 JavaThread "Finalizer" daemon [_thread_blocked, id=11512, stack(0x000000ae2fb00000,0x000000ae2fc00000)]
  0x0000029df3aae800 JavaThread "Signal Dispatcher" daemon [_thread_blocked, id=18760, stack(0x000000ae2fc00000,0x000000ae2fd00000)]
  0x0000029df3ab0000 JavaThread "Attach Listener" daemon [_thread_blocked, id=16180, stack(0x000000ae2fd00000,0x000000ae2fe00000)]
  0x0000029df3ab4000 JavaThread "C2 CompilerThread0" daemon [_thread_in_native, id=12804, stack(0x000000ae2fe00000,0x000000ae2ff00000)]
  0x0000029df3ab9000 JavaThread "C1 CompilerThread0" daemon [_thread_blocked, id=8568, stack(0x000000ae2ff00000,0x000000ae30000000)]
  0x0000029df3ac8000 JavaThread "Sweeper thread" daemon [_thread_blocked, id=11932, stack(0x000000ae30000000,0x000000ae30100000)]
  0x0000029df3c32800 JavaThread "Service Thread" daemon [_thread_blocked, id=15540, stack(0x000000ae30100000,0x000000ae30200000)]
  0x0000029df3c49800 JavaThread "Common-Cleaner" daemon [_thread_blocked, id=9200, stack(0x000000ae30300000,0x000000ae30400000)]
  0x0000029df440e000 JavaThread "ReaderThread" [_thread_in_native, id=18912, stack(0x000000ae30400000,0x000000ae30500000)]
=>0x0000029df443b000 JavaThread "C2 CompilerThread1" daemon [_thread_in_native, id=9252, stack(0x000000ae30500000,0x000000ae30600000)]
  0x0000029df8d5d000 JavaThread "mysql-cj-abandoned-connection-cleanup" daemon [_thread_blocked, id=12572, stack(0x000000ae30900000,0x000000ae30a00000)]
  0x0000029df7194000 JavaThread "HikariPool-1 housekeeper" daemon [_thread_blocked, id=6936, stack(0x000000ae30a00000,0x000000ae30b00000)]
  0x0000029df719d000 JavaThread "HikariPool-1 connection adder" daemon [_thread_blocked, id=11976, stack(0x000000ae30b00000,0x000000ae30c00000)]

Other Threads:
  0x0000029df3a4c000 VMThread "VM Thread" [stack: 0x000000ae2f900000,0x000000ae2fa00000] [id=17460]
  0x0000029df3c3b800 WatcherThread [stack: 0x000000ae30200000,0x000000ae30300000] [id=5988]
  0x0000029dd4b35800 GCTaskThread "GC Thread#0" [stack: 0x000000ae2f400000,0x000000ae2f500000] [id=15760]
  0x0000029df4c0f800 GCTaskThread "GC Thread#1" [stack: 0x000000ae30600000,0x000000ae30700000] [id=5944]
  0x0000029df449a800 GCTaskThread "GC Thread#2" [stack: 0x000000ae30700000,0x000000ae30800000] [id=13952]
  0x0000029df4440800 GCTaskThread "GC Thread#3" [stack: 0x000000ae30800000,0x000000ae30900000] [id=1528]
  0x0000029dd4b66000 ConcurrentGCThread "G1 Main Marker" [stack: 0x000000ae2f500000,0x000000ae2f600000] [id=17464]
  0x0000029dd4b68800 ConcurrentGCThread "G1 Conc#0" [stack: 0x000000ae2f600000,0x000000ae2f700000] [id=2904]
  0x0000029df3098800 ConcurrentGCThread "G1 Refine#0" [stack: 0x000000ae2f700000,0x000000ae2f800000] [id=6128]
  0x0000029df309a000 ConcurrentGCThread "G1 Young RemSet Sampling" [stack: 0x000000ae2f800000,0x000000ae2f900000] [id=2076]

Threads with active compile tasks:
C2 CompilerThread0   5324 3624       4       java.lang.ClassLoader::loadClass (7 bytes)
C2 CompilerThread1   5324 3623   !   4       jdk.internal.loader.BuiltinClassLoader::loadClassOrNull (143 bytes)

VM state:not at safepoint (normal execution)

VM Mutex/Monitor currently owned by a thread: None

Heap address: 0x0000000081e00000, size: 2018 MB, Compressed Oops mode: 32-bit
Narrow klass base: 0x0000000000000000, Narrow klass shift: 3
Compressed class space size: 1073741824 Address: 0x0000000100000000

Heap:
 garbage-first heap   total 157696K, used 64618K [0x0000000081e00000, 0x0000000100000000)
  region size 1024K, 58 young (59392K), 8 survivors (8192K)
 Metaspace       used 43759K, capacity 44982K, committed 45056K, reserved 1089536K
  class space    used 5399K, capacity 5887K, committed 5888K, reserved 1048576K
Heap Regions: E=young(eden), S=young(survivor), O=old, HS=humongous(starts), HC=humongous(continues), CS=collection set, F=free, A=archive, TAMS=top-at-mark-start (previous, next)
|   0|0x0000000081e00000, 0x0000000081f00000, 0x0000000081f00000|100%|HS|  |TAMS 0x0000000081f00000, 0x0000000081e00000| Complete 
|   1|0x0000000081f00000, 0x0000000082000000, 0x0000000082000000|100%| O|  |TAMS 0x0000000082000000, 0x0000000081f00000| Untracked 
|   2|0x0000000082000000, 0x0000000082100000, 0x0000000082100000|100%| O|  |TAMS 0x0000000082100000, 0x0000000082000000| Untracked 
|   3|0x0000000082100000, 0x0000000082200000, 0x0000000082200000|100%| O|  |TAMS 0x0000000082200000, 0x0000000082100000| Untracked 
|   4|0x0000000082200000, 0x0000000082300000, 0x0000000082300000|100%| O|  |TAMS 0x0000000082300000, 0x0000000082200000| Untracked 
|   5|0x0000000082300000, 0x0000000082400000, 0x0000000082400000|100%| O|  |TAMS 0x0000000082400000, 0x0000000082300000| Untracked 
|   6|0x0000000082400000, 0x000000008243e600, 0x0000000082500000| 24%| O|  |TAMS 0x000000008243e600, 0x0000000082400000| Untracked 
|   7|0x0000000082500000, 0x0000000082500000, 0x0000000082600000|  0%| F|  |TAMS 0x0000000082500000, 0x0000000082500000| Untracked 
|   8|0x0000000082600000, 0x0000000082600000, 0x0000000082700000|  0%| F|  |TAMS 0x0000000082600000, 0x0000000082600000| Untracked 
|   9|0x0000000082700000, 0x0000000082700000, 0x0000000082800000|  0%| F|  |TAMS 0x0000000082700000, 0x0000000082700000| Untracked 
|  10|0x0000000082800000, 0x0000000082800000, 0x0000000082900000|  0%| F|  |TAMS 0x0000000082800000, 0x0000000082800000| Untracked 
|  11|0x0000000082900000, 0x0000000082900000, 0x0000000082a00000|  0%| F|  |TAMS 0x0000000082900000, 0x0000000082900000| Untracked 
|  12|0x0000000082a00000, 0x0000000082a00000, 0x0000000082b00000|  0%| F|  |TAMS 0x0000000082a00000, 0x0000000082a00000| Untracked 
|  13|0x0000000082b00000, 0x0000000082b00000, 0x0000000082c00000|  0%| F|  |TAMS 0x0000000082b00000, 0x0000000082b00000| Untracked 
|  14|0x0000000082c00000, 0x0000000082c00000, 0x0000000082d00000|  0%| F|  |TAMS 0x0000000082c00000, 0x0000000082c00000| Untracked 
|  15|0x0000000082d00000, 0x0000000082d00000, 0x0000000082e00000|  0%| F|  |TAMS 0x0000000082d00000, 0x0000000082d00000| Untracked 
|  16|0x0000000082e00000, 0x0000000082e00000, 0x0000000082f00000|  0%| F|  |TAMS 0x0000000082e00000, 0x0000000082e00000| Untracked 
|  17|0x0000000082f00000, 0x0000000082f00000, 0x0000000083000000|  0%| F|  |TAMS 0x0000000082f00000, 0x0000000082f00000| Untracked 
|  18|0x0000000083000000, 0x0000000083000000, 0x0000000083100000|  0%| F|  |TAMS 0x0000000083000000, 0x0000000083000000| Untracked 
|  19|0x0000000083100000, 0x0000000083100000, 0x0000000083200000|  0%| F|  |TAMS 0x0000000083100000, 0x0000000083100000| Untracked 
|  20|0x0000000083200000, 0x0000000083200000, 0x0000000083300000|  0%| F|  |TAMS 0x0000000083200000, 0x0000000083200000| Untracked 
|  21|0x0000000083300000, 0x0000000083300000, 0x0000000083400000|  0%| F|  |TAMS 0x0000000083300000, 0x0000000083300000| Untracked 
|  22|0x0000000083400000, 0x0000000083400000, 0x0000000083500000|  0%| F|  |TAMS 0x0000000083400000, 0x0000000083400000| Untracked 
|  23|0x0000000083500000, 0x0000000083500000, 0x0000000083600000|  0%| F|  |TAMS 0x0000000083500000, 0x0000000083500000| Untracked 
|  24|0x0000000083600000, 0x0000000083600000, 0x0000000083700000|  0%| F|  |TAMS 0x0000000083600000, 0x0000000083600000| Untracked 
|  25|0x0000000083700000, 0x0000000083700000, 0x0000000083800000|  0%| F|  |TAMS 0x0000000083700000, 0x0000000083700000| Untracked 
|  26|0x0000000083800000, 0x0000000083800000, 0x0000000083900000|  0%| F|  |TAMS 0x0000000083800000, 0x0000000083800000| Untracked 
|  27|0x0000000083900000, 0x0000000083900000, 0x0000000083a00000|  0%| F|  |TAMS 0x0000000083900000, 0x0000000083900000| Untracked 
|  28|0x0000000083a00000, 0x0000000083a00000, 0x0000000083b00000|  0%| F|  |TAMS 0x0000000083a00000, 0x0000000083a00000| Untracked 
|  29|0x0000000083b00000, 0x0000000083b00000, 0x0000000083c00000|  0%| F|  |TAMS 0x0000000083b00000, 0x0000000083b00000| Untracked 
|  30|0x0000000083c00000, 0x0000000083c00000, 0x0000000083d00000|  0%| F|  |TAMS 0x0000000083c00000, 0x0000000083c00000| Untracked 
|  31|0x0000000083d00000, 0x0000000083d00000, 0x0000000083e00000|  0%| F|  |TAMS 0x0000000083d00000, 0x0000000083d00000| Untracked 
|  32|0x0000000083e00000, 0x0000000083e00000, 0x0000000083f00000|  0%| F|  |TAMS 0x0000000083e00000, 0x0000000083e00000| Untracked 
|  33|0x0000000083f00000, 0x0000000083f00000, 0x0000000084000000|  0%| F|  |TAMS 0x0000000083f00000, 0x0000000083f00000| Untracked 
|  34|0x0000000084000000, 0x0000000084000000, 0x0000000084100000|  0%| F|  |TAMS 0x0000000084000000, 0x0000000084000000| Untracked 
|  35|0x0000000084100000, 0x0000000084100000, 0x0000000084200000|  0%| F|  |TAMS 0x0000000084100000, 0x0000000084100000| Untracked 
|  36|0x0000000084200000, 0x0000000084200000, 0x0000000084300000|  0%| F|  |TAMS 0x0000000084200000, 0x0000000084200000| Untracked 
|  37|0x0000000084300000, 0x0000000084300000, 0x0000000084400000|  0%| F|  |TAMS 0x0000000084300000, 0x0000000084300000| Untracked 
|  38|0x0000000084400000, 0x0000000084400000, 0x0000000084500000|  0%| F|  |TAMS 0x0000000084400000, 0x0000000084400000| Untracked 
|  39|0x0000000084500000, 0x0000000084500000, 0x0000000084600000|  0%| F|  |TAMS 0x0000000084500000, 0x0000000084500000| Untracked 
|  40|0x0000000084600000, 0x0000000084600000, 0x0000000084700000|  0%| F|  |TAMS 0x0000000084600000, 0x0000000084600000| Untracked 
|  41|0x0000000084700000, 0x0000000084700000, 0x0000000084800000|  0%| F|  |TAMS 0x0000000084700000, 0x0000000084700000| Untracked 
|  42|0x0000000084800000, 0x0000000084800000, 0x0000000084900000|  0%| F|  |TAMS 0x0000000084800000, 0x0000000084800000| Untracked 
|  43|0x0000000084900000, 0x0000000084900000, 0x0000000084a00000|  0%| F|  |TAMS 0x0000000084900000, 0x0000000084900000| Untracked 
|  44|0x0000000084a00000, 0x0000000084a00000, 0x0000000084b00000|  0%| F|  |TAMS 0x0000000084a00000, 0x0000000084a00000| Untracked 
|  45|0x0000000084b00000, 0x0000000084b00000, 0x0000000084c00000|  0%| F|  |TAMS 0x0000000084b00000, 0x0000000084b00000| Untracked 
|  46|0x0000000084c00000, 0x0000000084c00000, 0x0000000084d00000|  0%| F|  |TAMS 0x0000000084c00000, 0x0000000084c00000| Untracked 
|  47|0x0000000084d00000, 0x0000000084d00000, 0x0000000084e00000|  0%| F|  |TAMS 0x0000000084d00000, 0x0000000084d00000| Untracked 
|  48|0x0000000084e00000, 0x0000000084e00000, 0x0000000084f00000|  0%| F|  |TAMS 0x0000000084e00000, 0x0000000084e00000| Untracked 
|  49|0x0000000084f00000, 0x0000000084f00000, 0x0000000085000000|  0%| F|  |TAMS 0x0000000084f00000, 0x0000000084f00000| Untracked 
|  50|0x0000000085000000, 0x0000000085000000, 0x0000000085100000|  0%| F|  |TAMS 0x0000000085000000, 0x0000000085000000| Untracked 
|  51|0x0000000085100000, 0x0000000085100000, 0x0000000085200000|  0%| F|  |TAMS 0x0000000085100000, 0x0000000085100000| Untracked 
|  52|0x0000000085200000, 0x0000000085200000, 0x0000000085300000|  0%| F|  |TAMS 0x0000000085200000, 0x0000000085200000| Untracked 
|  53|0x0000000085300000, 0x0000000085300000, 0x0000000085400000|  0%| F|  |TAMS 0x0000000085300000, 0x0000000085300000| Untracked 
|  54|0x0000000085400000, 0x0000000085400000, 0x0000000085500000|  0%| F|  |TAMS 0x0000000085400000, 0x0000000085400000| Untracked 
|  55|0x0000000085500000, 0x0000000085500000, 0x0000000085600000|  0%| F|  |TAMS 0x0000000085500000, 0x0000000085500000| Untracked 
|  56|0x0000000085600000, 0x0000000085600000, 0x0000000085700000|  0%| F|  |TAMS 0x0000000085600000, 0x0000000085600000| Untracked 
|  57|0x0000000085700000, 0x0000000085700000, 0x0000000085800000|  0%| F|  |TAMS 0x0000000085700000, 0x0000000085700000| Untracked 
|  58|0x0000000085800000, 0x0000000085800000, 0x0000000085900000|  0%| F|  |TAMS 0x0000000085800000, 0x0000000085800000| Untracked 
|  59|0x0000000085900000, 0x0000000085900000, 0x0000000085a00000|  0%| F|  |TAMS 0x0000000085900000, 0x0000000085900000| Untracked 
|  60|0x0000000085a00000, 0x0000000085a00000, 0x0000000085b00000|  0%| F|  |TAMS 0x0000000085a00000, 0x0000000085a00000| Untracked 
|  61|0x0000000085b00000, 0x0000000085b00000, 0x0000000085c00000|  0%| F|  |TAMS 0x0000000085b00000, 0x0000000085b00000| Untracked 
|  62|0x0000000085c00000, 0x0000000085c00000, 0x0000000085d00000|  0%| F|  |TAMS 0x0000000085c00000, 0x0000000085c00000| Untracked 
|  63|0x0000000085d00000, 0x0000000085d00000, 0x0000000085e00000|  0%| F|  |TAMS 0x0000000085d00000, 0x0000000085d00000| Untracked 
|  64|0x0000000085e00000, 0x0000000085e00000, 0x0000000085f00000|  0%| F|  |TAMS 0x0000000085e00000, 0x0000000085e00000| Untracked 
|  65|0x0000000085f00000, 0x0000000085f00000, 0x0000000086000000|  0%| F|  |TAMS 0x0000000085f00000, 0x0000000085f00000| Untracked 
|  66|0x0000000086000000, 0x0000000086000000, 0x0000000086100000|  0%| F|  |TAMS 0x0000000086000000, 0x0000000086000000| Untracked 
|  67|0x0000000086100000, 0x0000000086100000, 0x0000000086200000|  0%| F|  |TAMS 0x0000000086100000, 0x0000000086100000| Untracked 
|  68|0x0000000086200000, 0x0000000086200000, 0x0000000086300000|  0%| F|  |TAMS 0x0000000086200000, 0x0000000086200000| Untracked 
|  69|0x0000000086300000, 0x0000000086300000, 0x0000000086400000|  0%| F|  |TAMS 0x0000000086300000, 0x0000000086300000| Untracked 
|  70|0x0000000086400000, 0x0000000086400000, 0x0000000086500000|  0%| F|  |TAMS 0x0000000086400000, 0x0000000086400000| Untracked 
|  71|0x0000000086500000, 0x0000000086500000, 0x0000000086600000|  0%| F|  |TAMS 0x0000000086500000, 0x0000000086500000| Untracked 
|  72|0x0000000086600000, 0x0000000086600000, 0x0000000086700000|  0%| F|  |TAMS 0x0000000086600000, 0x0000000086600000| Untracked 
|  73|0x0000000086700000, 0x0000000086700000, 0x0000000086800000|  0%| F|  |TAMS 0x0000000086700000, 0x0000000086700000| Untracked 
|  74|0x0000000086800000, 0x0000000086800000, 0x0000000086900000|  0%| F|  |TAMS 0x0000000086800000, 0x0000000086800000| Untracked 
|  75|0x0000000086900000, 0x0000000086900000, 0x0000000086a00000|  0%| F|  |TAMS 0x0000000086900000, 0x0000000086900000| Untracked 
|  76|0x0000000086a00000, 0x0000000086a00000, 0x0000000086b00000|  0%| F|  |TAMS 0x0000000086a00000, 0x0000000086a00000| Untracked 
|  77|0x0000000086b00000, 0x0000000086b00000, 0x0000000086c00000|  0%| F|  |TAMS 0x0000000086b00000, 0x0000000086b00000| Untracked 
|  78|0x0000000086c00000, 0x0000000086c00000, 0x0000000086d00000|  0%| F|  |TAMS 0x0000000086c00000, 0x0000000086c00000| Untracked 
|  79|0x0000000086d00000, 0x0000000086d00000, 0x0000000086e00000|  0%| F|  |TAMS 0x0000000086d00000, 0x0000000086d00000| Untracked 
|  80|0x0000000086e00000, 0x0000000086e00000, 0x0000000086f00000|  0%| F|  |TAMS 0x0000000086e00000, 0x0000000086e00000| Untracked 
|  81|0x0000000086f00000, 0x0000000086f00000, 0x0000000087000000|  0%| F|  |TAMS 0x0000000086f00000, 0x0000000086f00000| Untracked 
|  82|0x0000000087000000, 0x0000000087000000, 0x0000000087100000|  0%| F|  |TAMS 0x0000000087000000, 0x0000000087000000| Untracked 
|  83|0x0000000087100000, 0x0000000087100000, 0x0000000087200000|  0%| F|  |TAMS 0x0000000087100000, 0x0000000087100000| Untracked 
|  84|0x0000000087200000, 0x0000000087200000, 0x0000000087300000|  0%| F|  |TAMS 0x0000000087200000, 0x0000000087200000| Untracked 
|  85|0x0000000087300000, 0x0000000087300000, 0x0000000087400000|  0%| F|  |TAMS 0x0000000087300000, 0x0000000087300000| Untracked 
|  86|0x0000000087400000, 0x0000000087400000, 0x0000000087500000|  0%| F|  |TAMS 0x0000000087400000, 0x0000000087400000| Untracked 
|  87|0x0000000087500000, 0x0000000087500000, 0x0000000087600000|  0%| F|  |TAMS 0x0000000087500000, 0x0000000087500000| Untracked 
|  88|0x0000000087600000, 0x0000000087600000, 0x0000000087700000|  0%| F|  |TAMS 0x0000000087600000, 0x0000000087600000| Untracked 
|  89|0x0000000087700000, 0x0000000087700000, 0x0000000087800000|  0%| F|  |TAMS 0x0000000087700000, 0x0000000087700000| Untracked 
|  90|0x0000000087800000, 0x0000000087800000, 0x0000000087900000|  0%| F|  |TAMS 0x0000000087800000, 0x0000000087800000| Untracked 
|  91|0x0000000087900000, 0x0000000087900000, 0x0000000087a00000|  0%| F|  |TAMS 0x0000000087900000, 0x0000000087900000| Untracked 
|  92|0x0000000087a00000, 0x0000000087a00000, 0x0000000087b00000|  0%| F|  |TAMS 0x0000000087a00000, 0x0000000087a00000| Untracked 
|  93|0x0000000087b00000, 0x0000000087b00000, 0x0000000087c00000|  0%| F|  |TAMS 0x0000000087b00000, 0x0000000087b00000| Untracked 
|  94|0x0000000087c00000, 0x0000000087c00000, 0x0000000087d00000|  0%| F|  |TAMS 0x0000000087c00000, 0x0000000087c00000| Untracked 
|  95|0x0000000087d00000, 0x0000000087d00000, 0x0000000087e00000|  0%| F|  |TAMS 0x0000000087d00000, 0x0000000087d00000| Untracked 
|  96|0x0000000087e00000, 0x0000000087f00000, 0x0000000087f00000|100%| E|  |TAMS 0x0000000087e00000, 0x0000000087e00000| Complete 
|  97|0x0000000087f00000, 0x0000000088000000, 0x0000000088000000|100%| E|CS|TAMS 0x0000000087f00000, 0x0000000087f00000| Complete 
|  98|0x0000000088000000, 0x0000000088100000, 0x0000000088100000|100%| E|CS|TAMS 0x0000000088000000, 0x0000000088000000| Complete 
|  99|0x0000000088100000, 0x0000000088200000, 0x0000000088200000|100%| E|CS|TAMS 0x0000000088100000, 0x0000000088100000| Complete 
| 100|0x0000000088200000, 0x0000000088300000, 0x0000000088300000|100%| E|CS|TAMS 0x0000000088200000, 0x0000000088200000| Complete 
| 101|0x0000000088300000, 0x0000000088400000, 0x0000000088400000|100%| E|CS|TAMS 0x0000000088300000, 0x0000000088300000| Complete 
| 102|0x0000000088400000, 0x0000000088500000, 0x0000000088500000|100%| E|CS|TAMS 0x0000000088400000, 0x0000000088400000| Complete 
| 103|0x0000000088500000, 0x0000000088600000, 0x0000000088600000|100%| E|CS|TAMS 0x0000000088500000, 0x0000000088500000| Complete 
| 104|0x0000000088600000, 0x0000000088700000, 0x0000000088700000|100%| E|CS|TAMS 0x0000000088600000, 0x0000000088600000| Complete 
| 105|0x0000000088700000, 0x0000000088800000, 0x0000000088800000|100%| E|CS|TAMS 0x0000000088700000, 0x0000000088700000| Complete 
| 106|0x0000000088800000, 0x0000000088900000, 0x0000000088900000|100%| E|CS|TAMS 0x0000000088800000, 0x0000000088800000| Complete 
| 107|0x0000000088900000, 0x0000000088a00000, 0x0000000088a00000|100%| E|CS|TAMS 0x0000000088900000, 0x0000000088900000| Complete 
| 108|0x0000000088a00000, 0x0000000088b00000, 0x0000000088b00000|100%| E|CS|TAMS 0x0000000088a00000, 0x0000000088a00000| Complete 
| 109|0x0000000088b00000, 0x0000000088c00000, 0x0000000088c00000|100%| E|CS|TAMS 0x0000000088b00000, 0x0000000088b00000| Complete 
| 110|0x0000000088c00000, 0x0000000088d00000, 0x0000000088d00000|100%| E|CS|TAMS 0x0000000088c00000, 0x0000000088c00000| Complete 
| 111|0x0000000088d00000, 0x0000000088e00000, 0x0000000088e00000|100%| E|CS|TAMS 0x0000000088d00000, 0x0000000088d00000| Complete 
| 112|0x0000000088e00000, 0x0000000088edc380, 0x0000000088f00000| 86%| S|CS|TAMS 0x0000000088e00000, 0x0000000088e00000| Complete 
| 113|0x0000000088f00000, 0x0000000089000000, 0x0000000089000000|100%| S|CS|TAMS 0x0000000088f00000, 0x0000000088f00000| Complete 
| 114|0x0000000089000000, 0x0000000089100000, 0x0000000089100000|100%| S|CS|TAMS 0x0000000089000000, 0x0000000089000000| Complete 
| 115|0x0000000089100000, 0x0000000089200000, 0x0000000089200000|100%| S|CS|TAMS 0x0000000089100000, 0x0000000089100000| Complete 
| 116|0x0000000089200000, 0x0000000089300000, 0x0000000089300000|100%| S|CS|TAMS 0x0000000089200000, 0x0000000089200000| Complete 
| 117|0x0000000089300000, 0x0000000089400000, 0x0000000089400000|100%| S|CS|TAMS 0x0000000089300000, 0x0000000089300000| Complete 
| 118|0x0000000089400000, 0x0000000089500000, 0x0000000089500000|100%| S|CS|TAMS 0x0000000089400000, 0x0000000089400000| Complete 
| 119|0x0000000089500000, 0x0000000089600000, 0x0000000089600000|100%| S|CS|TAMS 0x0000000089500000, 0x0000000089500000| Complete 
| 120|0x0000000089600000, 0x0000000089700000, 0x0000000089700000|100%| E|CS|TAMS 0x0000000089600000, 0x0000000089600000| Complete 
| 121|0x0000000089700000, 0x0000000089800000, 0x0000000089800000|100%| E|CS|TAMS 0x0000000089700000, 0x0000000089700000| Complete 
| 122|0x0000000089800000, 0x0000000089900000, 0x0000000089900000|100%| E|CS|TAMS 0x0000000089800000, 0x0000000089800000| Complete 
| 123|0x0000000089900000, 0x0000000089a00000, 0x0000000089a00000|100%| E|CS|TAMS 0x0000000089900000, 0x0000000089900000| Complete 
| 124|0x0000000089a00000, 0x0000000089b00000, 0x0000000089b00000|100%| E|CS|TAMS 0x0000000089a00000, 0x0000000089a00000| Complete 
| 125|0x0000000089b00000, 0x0000000089c00000, 0x0000000089c00000|100%| E|CS|TAMS 0x0000000089b00000, 0x0000000089b00000| Complete 
| 126|0x0000000089c00000, 0x0000000089d00000, 0x0000000089d00000|100%| E|CS|TAMS 0x0000000089c00000, 0x0000000089c00000| Complete 
| 127|0x0000000089d00000, 0x0000000089e00000, 0x0000000089e00000|100%| E|CS|TAMS 0x0000000089d00000, 0x0000000089d00000| Complete 
| 128|0x0000000089e00000, 0x0000000089f00000, 0x0000000089f00000|100%| E|CS|TAMS 0x0000000089e00000, 0x0000000089e00000| Complete 
| 129|0x0000000089f00000, 0x000000008a000000, 0x000000008a000000|100%| E|CS|TAMS 0x0000000089f00000, 0x0000000089f00000| Complete 
| 130|0x000000008a000000, 0x000000008a100000, 0x000000008a100000|100%| E|CS|TAMS 0x000000008a000000, 0x000000008a000000| Complete 
| 131|0x000000008a100000, 0x000000008a200000, 0x000000008a200000|100%| E|CS|TAMS 0x000000008a100000, 0x000000008a100000| Complete 
| 132|0x000000008a200000, 0x000000008a300000, 0x000000008a300000|100%| E|CS|TAMS 0x000000008a200000, 0x000000008a200000| Complete 
| 133|0x000000008a300000, 0x000000008a400000, 0x000000008a400000|100%| E|CS|TAMS 0x000000008a300000, 0x000000008a300000| Complete 
| 134|0x000000008a400000, 0x000000008a500000, 0x000000008a500000|100%| E|CS|TAMS 0x000000008a400000, 0x000000008a400000| Complete 
| 135|0x000000008a500000, 0x000000008a600000, 0x000000008a600000|100%| E|CS|TAMS 0x000000008a500000, 0x000000008a500000| Complete 
| 136|0x000000008a600000, 0x000000008a700000, 0x000000008a700000|100%| E|CS|TAMS 0x000000008a600000, 0x000000008a600000| Complete 
| 137|0x000000008a700000, 0x000000008a800000, 0x000000008a800000|100%| E|CS|TAMS 0x000000008a700000, 0x000000008a700000| Complete 
| 138|0x000000008a800000, 0x000000008a900000, 0x000000008a900000|100%| E|CS|TAMS 0x000000008a800000, 0x000000008a800000| Complete 
| 139|0x000000008a900000, 0x000000008aa00000, 0x000000008aa00000|100%| E|CS|TAMS 0x000000008a900000, 0x000000008a900000| Complete 
| 140|0x000000008aa00000, 0x000000008ab00000, 0x000000008ab00000|100%| E|CS|TAMS 0x000000008aa00000, 0x000000008aa00000| Complete 
| 141|0x000000008ab00000, 0x000000008ac00000, 0x000000008ac00000|100%| E|CS|TAMS 0x000000008ab00000, 0x000000008ab00000| Complete 
| 142|0x000000008ac00000, 0x000000008ad00000, 0x000000008ad00000|100%| E|CS|TAMS 0x000000008ac00000, 0x000000008ac00000| Complete 
| 143|0x000000008ad00000, 0x000000008ae00000, 0x000000008ae00000|100%| E|CS|TAMS 0x000000008ad00000, 0x000000008ad00000| Complete 
| 144|0x000000008ae00000, 0x000000008af00000, 0x000000008af00000|100%| E|CS|TAMS 0x000000008ae00000, 0x000000008ae00000| Complete 
| 145|0x000000008af00000, 0x000000008b000000, 0x000000008b000000|100%| E|CS|TAMS 0x000000008af00000, 0x000000008af00000| Complete 
| 146|0x000000008b000000, 0x000000008b100000, 0x000000008b100000|100%| E|CS|TAMS 0x000000008b000000, 0x000000008b000000| Complete 
| 147|0x000000008b100000, 0x000000008b200000, 0x000000008b200000|100%| E|CS|TAMS 0x000000008b100000, 0x000000008b100000| Complete 
| 148|0x000000008b200000, 0x000000008b300000, 0x000000008b300000|100%| E|CS|TAMS 0x000000008b200000, 0x000000008b200000| Complete 
| 149|0x000000008b300000, 0x000000008b400000, 0x000000008b400000|100%| E|CS|TAMS 0x000000008b300000, 0x000000008b300000| Complete 
| 150|0x000000008b400000, 0x000000008b500000, 0x000000008b500000|100%| E|CS|TAMS 0x000000008b400000, 0x000000008b400000| Complete 
| 151|0x000000008b500000, 0x000000008b600000, 0x000000008b600000|100%| E|CS|TAMS 0x000000008b500000, 0x000000008b500000| Complete 
| 152|0x000000008b600000, 0x000000008b700000, 0x000000008b700000|100%| E|CS|TAMS 0x000000008b600000, 0x000000008b600000| Complete 
| 153|0x000000008b700000, 0x000000008b800000, 0x000000008b800000|100%| E|CS|TAMS 0x000000008b700000, 0x000000008b700000| Complete 

Card table byte_map: [0x0000029dec5f0000,0x0000029dec9f0000] _byte_map_base: 0x0000029dec1e1000

Marking Bits (Prev, Next): (CMBitMap*) 0x0000029dd4b5d388, (CMBitMap*) 0x0000029dd4b5d3c0
 Prev Bits: [0x0000029decdf0000, 0x0000029deed78000)
 Next Bits: [0x0000029deed80000, 0x0000029df0d08000)

Polling page: 0x0000029dd2940000

Metaspace:

Usage:
  Non-class:     38.24 MB capacity,    37.50 MB ( 98%) used,   605.70 KB (  2%) free+waste,   149.25 KB ( <1%) overhead. 
      Class:      5.75 MB capacity,     5.28 MB ( 92%) used,   408.65 KB (  7%) free+waste,    72.00 KB (  1%) overhead. 
       Both:     43.99 MB capacity,    42.78 MB ( 97%) used,  1014.34 KB (  2%) free+waste,   221.25 KB ( <1%) overhead. 

Virtual space:
  Non-class space:       40.00 MB reserved,      38.25 MB ( 96%) committed 
      Class space:        1.00 GB reserved,       5.75 MB ( <1%) committed 
             Both:        1.04 GB reserved,      44.00 MB (  4%) committed 

Chunk freelists:
   Non-Class:  9.00 KB
       Class:  1.00 KB
        Both:  10.00 KB

MaxMetaspaceSize: 17179869184.00 GB
CompressedClassSpaceSize: 1.00 GB

CodeHeap 'non-profiled nmethods': size=120064Kb used=1799Kb max_used=1799Kb free=118264Kb
 bounds [0x0000029de4cb0000, 0x0000029de4f20000, 0x0000029dec1f0000]
CodeHeap 'profiled nmethods': size=120000Kb used=7779Kb max_used=7779Kb free=112220Kb
 bounds [0x0000029ddd780000, 0x0000029dddf20000, 0x0000029de4cb0000]
CodeHeap 'non-nmethods': size=5696Kb used=1164Kb max_used=1206Kb free=4531Kb
 bounds [0x0000029ddd1f0000, 0x0000029ddd460000, 0x0000029ddd780000]
 total_blobs=3916 nmethods=3401 adapters=426
 compilation: enabled
              stopped_count=0, restarted_count=0
 full_count=0

Compilation events (20 events):
Event: 5.043 Thread 0x0000029df443b000 3619   !   4       jdk.internal.ref.PhantomCleanable::remove (60 bytes)
Event: 5.043 Thread 0x0000029df3ab9000 3620       3       java.util.AbstractList$Itr::hasNext (20 bytes)
Event: 5.044 Thread 0x0000029df3ab9000 nmethod 3620 0x0000029dddf0d010 code [0x0000029dddf0d1e0, 0x0000029dddf0d408]
Event: 5.049 Thread 0x0000029df443b000 nmethod 3619 0x0000029de4e6a510 code [0x0000029de4e6a6a0, 0x0000029de4e6ac98]
Event: 5.049 Thread 0x0000029df443b000 3622       4       java.io.File::isInvalid (48 bytes)
Event: 5.055 Thread 0x0000029df443b000 nmethod 3622 0x0000029de4e6ae10 code [0x0000029de4e6afc0, 0x0000029de4e6b2b8]
Event: 5.055 Thread 0x0000029df443b000 3623   !   4       jdk.internal.loader.BuiltinClassLoader::loadClassOrNull (143 bytes)
Event: 5.062 Thread 0x0000029df3ab4000 nmethod 3615 0x0000029de4e6b490 code [0x0000029de4e6b860, 0x0000029de4e6f248]
Event: 5.062 Thread 0x0000029df3ab4000 3621       4       java.lang.String::equalsIgnoreCase (45 bytes)
Event: 5.072 Thread 0x0000029df3ab4000 nmethod 3621 0x0000029de4e70f10 code [0x0000029de4e710c0, 0x0000029de4e71738]
Event: 5.072 Thread 0x0000029df3ab4000 3624       4       java.lang.ClassLoader::loadClass (7 bytes)
Event: 5.095 Thread 0x0000029df3ab9000 3625       3       java.lang.invoke.MethodHandles$Lookup::linkMethodHandleConstant (220 bytes)
Event: 5.097 Thread 0x0000029df3ab9000 nmethod 3625 0x0000029dddf0d510 code [0x0000029dddf0d900, 0x0000029dddf0f538]
Event: 5.236 Thread 0x0000029df3ab9000 3630       3       java.lang.Character::hashCode (8 bytes)
Event: 5.237 Thread 0x0000029df3ab9000 nmethod 3630 0x0000029dddf0fd90 code [0x0000029dddf0ff40, 0x0000029dddf10098]
Event: 5.237 Thread 0x0000029df3ab9000 3631       3       java.lang.Character::hashCode (2 bytes)
Event: 5.237 Thread 0x0000029df3ab9000 nmethod 3631 0x0000029dddf10190 code [0x0000029dddf10340, 0x0000029dddf10418]
Event: 5.263 Thread 0x0000029df3ab9000 3632       1       org.apache.logging.log4j.Level::getStandardLevel (5 bytes)
Event: 5.263 Thread 0x0000029df3ab9000 nmethod 3632 0x0000029de4e71c90 code [0x0000029de4e71e40, 0x0000029de4e71ef8]
Event: 5.295 Thread 0x0000029df3ab9000 3633       3       jdk.internal.loader.BuiltinClassLoader::findResources (182 bytes)

GC Heap History (14 events):
Event: 0.501 GC heap before
{Heap before GC invocations=0 (full 0):
 garbage-first heap   total 131072K, used 14336K [0x0000000081e00000, 0x0000000100000000)
  region size 1024K, 14 young (14336K), 0 survivors (0K)
 Metaspace       used 9038K, capacity 9206K, committed 9472K, reserved 1058816K
  class space    used 854K, capacity 903K, committed 1024K, reserved 1048576K
}
Event: 0.506 GC heap after
{Heap after GC invocations=1 (full 0):
 garbage-first heap   total 131072K, used 6464K [0x0000000081e00000, 0x0000000100000000)
  region size 1024K, 2 young (2048K), 2 survivors (2048K)
 Metaspace       used 9038K, capacity 9206K, committed 9472K, reserved 1058816K
  class space    used 854K, capacity 903K, committed 1024K, reserved 1048576K
}
Event: 0.748 GC heap before
{Heap before GC invocations=1 (full 0):
 garbage-first heap   total 131072K, used 16704K [0x0000000081e00000, 0x0000000100000000)
  region size 1024K, 12 young (12288K), 2 survivors (2048K)
 Metaspace       used 11124K, capacity 11595K, committed 11904K, reserved 1060864K
  class space    used 1156K, capacity 1322K, committed 1408K, reserved 1048576K
}
Event: 0.751 GC heap after
{Heap after GC invocations=2 (full 0):
 garbage-first heap   total 131072K, used 6878K [0x0000000081e00000, 0x0000000100000000)
  region size 1024K, 1 young (1024K), 1 survivors (1024K)
 Metaspace       used 11124K, capacity 11595K, committed 11904K, reserved 1060864K
  class space    used 1156K, capacity 1322K, committed 1408K, reserved 1048576K
}
Event: 1.296 GC heap before
{Heap before GC invocations=2 (full 0):
 garbage-first heap   total 131072K, used 37598K [0x0000000081e00000, 0x0000000100000000)
  region size 1024K, 31 young (31744K), 1 survivors (1024K)
 Metaspace       used 17516K, capacity 18118K, committed 18304K, reserved 1064960K
  class space    used 1887K, capacity 2096K, committed 2176K, reserved 1048576K
}
Event: 1.300 GC heap after
{Heap after GC invocations=3 (full 0):
 garbage-first heap   total 131072K, used 8514K [0x0000000081e00000, 0x0000000100000000)
  region size 1024K, 3 young (3072K), 3 survivors (3072K)
 Metaspace       used 17516K, capacity 18118K, committed 18304K, reserved 1064960K
  class space    used 1887K, capacity 2096K, committed 2176K, reserved 1048576K
}
Event: 1.687 GC heap before
{Heap before GC invocations=3 (full 0):
 garbage-first heap   total 131072K, used 27970K [0x0000000081e00000, 0x0000000100000000)
  region size 1024K, 23 young (23552K), 3 survivors (3072K)
 Metaspace       used 20333K, capacity 21068K, committed 21248K, reserved 1069056K
  class space    used 2285K, capacity 2551K, committed 2560K, reserved 1048576K
}
Event: 1.692 GC heap after
{Heap after GC invocations=4 (full 0):
 garbage-first heap   total 131072K, used 9465K [0x0000000081e00000, 0x0000000100000000)
  region size 1024K, 3 young (3072K), 3 survivors (3072K)
 Metaspace       used 20333K, capacity 21068K, committed 21248K, reserved 1069056K
  class space    used 2285K, capacity 2551K, committed 2560K, reserved 1048576K
}
Event: 2.142 GC heap before
{Heap before GC invocations=5 (full 0):
 garbage-first heap   total 131072K, used 68857K [0x0000000081e00000, 0x0000000100000000)
  region size 1024K, 62 young (63488K), 3 survivors (3072K)
 Metaspace       used 26560K, capacity 27403K, committed 27520K, reserved 1073152K
  class space    used 3066K, capacity 3413K, committed 3456K, reserved 1048576K
}
Event: 2.147 GC heap after
{Heap after GC invocations=6 (full 0):
 garbage-first heap   total 131072K, used 10879K [0x0000000081e00000, 0x0000000100000000)
  region size 1024K, 5 young (5120K), 5 survivors (5120K)
 Metaspace       used 26560K, capacity 27403K, committed 27520K, reserved 1073152K
  class space    used 3066K, capacity 3413K, committed 3456K, reserved 1048576K
}
Event: 3.090 GC heap before
{Heap before GC invocations=6 (full 0):
 garbage-first heap   total 131072K, used 78463K [0x0000000081e00000, 0x0000000100000000)
  region size 1024K, 72 young (73728K), 5 survivors (5120K)
 Metaspace       used 31014K, capacity 32023K, committed 32256K, reserved 1077248K
  class space    used 3648K, capacity 4054K, committed 4096K, reserved 1048576K
}
Event: 3.099 GC heap after
{Heap after GC invocations=7 (full 0):
 garbage-first heap   total 157696K, used 12727K [0x0000000081e00000, 0x0000000100000000)
  region size 1024K, 7 young (7168K), 7 survivors (7168K)
 Metaspace       used 31014K, capacity 32023K, committed 32256K, reserved 1077248K
  class space    used 3648K, capacity 4054K, committed 4096K, reserved 1048576K
}
Event: 4.192 GC heap before
{Heap before GC invocations=7 (full 0):
 garbage-first heap   total 157696K, used 46519K [0x0000000081e00000, 0x0000000100000000)
  region size 1024K, 41 young (41984K), 7 survivors (7168K)
 Metaspace       used 34312K, capacity 35512K, committed 35584K, reserved 1081344K
  class space    used 4075K, capacity 4569K, committed 4608K, reserved 1048576K
}
Event: 4.208 GC heap after
{Heap after GC invocations=8 (full 0):
 garbage-first heap   total 157696K, used 14442K [0x0000000081e00000, 0x0000000100000000)
  region size 1024K, 8 young (8192K), 8 survivors (8192K)
 Metaspace       used 34312K, capacity 35512K, committed 35584K, reserved 1081344K
  class space    used 4075K, capacity 4569K, committed 4608K, reserved 1048576K
}

Deoptimization events (20 events):
Event: 4.519 Thread 0x0000029dd4b1c800 DEOPT PACKING pc=0x0000029ddded46b0 sp=0x000000ae2f3f7b50
Event: 4.519 Thread 0x0000029dd4b1c800 DEOPT UNPACKING pc=0x0000029ddd2172ce sp=0x000000ae2f3f7068 mode 0
Event: 4.520 Thread 0x0000029dd4b1c800 DEOPT PACKING pc=0x0000029ddded396f sp=0x000000ae2f3f7c20
Event: 4.520 Thread 0x0000029dd4b1c800 DEOPT UNPACKING pc=0x0000029ddd2172ce sp=0x000000ae2f3f70a8 mode 0
Event: 4.568 Thread 0x0000029dd4b1c800 DEOPT PACKING pc=0x0000029ddded46b0 sp=0x000000ae2f3f7740
Event: 4.568 Thread 0x0000029dd4b1c800 DEOPT UNPACKING pc=0x0000029ddd2172ce sp=0x000000ae2f3f6c58 mode 0
Event: 4.578 Thread 0x0000029dd4b1c800 DEOPT PACKING pc=0x0000029ddded396f sp=0x000000ae2f3f7970
Event: 4.578 Thread 0x0000029dd4b1c800 DEOPT UNPACKING pc=0x0000029ddd2172ce sp=0x000000ae2f3f6df8 mode 0
Event: 4.602 Thread 0x0000029dd4b1c800 DEOPT PACKING pc=0x0000029ddded46b0 sp=0x000000ae2f3f76b0
Event: 4.602 Thread 0x0000029dd4b1c800 DEOPT UNPACKING pc=0x0000029ddd2172ce sp=0x000000ae2f3f6bc8 mode 0
Event: 4.627 Thread 0x0000029dd4b1c800 Uncommon trap: trap_request=0xffffff4d fr.pc=0x0000029de4d20c94 relative=0x00000000000004d4
Event: 4.627 Thread 0x0000029dd4b1c800 Uncommon trap: reason=unstable_if action=reinterpret pc=0x0000029de4d20c94 method=java.lang.String.regionMatches(ZILjava/lang/String;II)Z @ 1 c2
Event: 4.627 Thread 0x0000029dd4b1c800 DEOPT PACKING pc=0x0000029de4d20c94 sp=0x000000ae2f3fa470
Event: 4.627 Thread 0x0000029dd4b1c800 DEOPT UNPACKING pc=0x0000029ddd2174af sp=0x000000ae2f3fa420 mode 2
Event: 4.684 Thread 0x0000029dd4b1c800 DEOPT PACKING pc=0x0000029ddded46b0 sp=0x000000ae2f3fa2f0
Event: 4.684 Thread 0x0000029dd4b1c800 DEOPT UNPACKING pc=0x0000029ddd2172ce sp=0x000000ae2f3f9808 mode 0
Event: 4.691 Thread 0x0000029dd4b1c800 DEOPT PACKING pc=0x0000029ddded396f sp=0x000000ae2f3f8a60
Event: 4.691 Thread 0x0000029dd4b1c800 DEOPT UNPACKING pc=0x0000029ddd2172ce sp=0x000000ae2f3f7ee8 mode 0
Event: 4.929 Thread 0x0000029dd4b1c800 DEOPT PACKING pc=0x0000029ddded396f sp=0x000000ae2f3fa200
Event: 4.929 Thread 0x0000029dd4b1c800 DEOPT UNPACKING pc=0x0000029ddd2172ce sp=0x000000ae2f3f9688 mode 0

Classes redefined (0 events):
No events

Internal exceptions (20 events):
Event: 4.290 Thread 0x0000029dd4b1c800 Exception <a 'java/lang/ClassNotFoundException'{0x000000008b4696e8}: org/springframework/boot/orm/jpa/EntityManagerFactoryBuilderCustomizer> (0x000000008b4696e8) thrown at [./src/hotspot/share/classfile/systemDictionary.cpp, line 231]
Event: 4.667 Thread 0x0000029dd4b1c800 Exception <a 'java/lang/NoSuchMethodError'{0x000000008a09c048}: 'java.lang.Object java.lang.invoke.DirectMethodHandle$Holder.invokeStaticInit(java.lang.Object, java.lang.Object, java.lang.Object, java.lang.Object)'> (0x000000008a09c048) thrown at [./src/hotspot/share/interpreter/linkResolver.cpp, line 773]
Event: 4.697 Thread 0x0000029dd4b1c800 Exception <a 'java/lang/ClassNotFoundException'{0x0000000089fafb20}: java/lang/ObjectCustomizer> (0x0000000089fafb20) thrown at [./src/hotspot/share/classfile/systemDictionary.cpp, line 231]
Event: 4.698 Thread 0x0000029dd4b1c800 Exception <a 'java/lang/ClassNotFoundException'{0x0000000089fc8888}: org/springframework/orm/jpa/AbstractEntityManagerFactoryBeanCustomizer> (0x0000000089fc8888) thrown at [./src/hotspot/share/classfile/systemDictionary.cpp, line 231]
Event: 4.700 Thread 0x0000029dd4b1c800 Exception <a 'java/lang/ClassNotFoundException'{0x0000000089e00ed8}: org/springframework/orm/jpa/LocalContainerEntityManagerFactoryBeanCustomizer> (0x0000000089e00ed8) thrown at [./src/hotspot/share/classfile/systemDictionary.cpp, line 231]
Event: 4.704 Thread 0x0000029dd4b1c800 Exception <a 'java/lang/ClassNotFoundException'{0x0000000089e54c10}: org/springframework/context/ResourceLoaderAwareCustomizer> (0x0000000089e54c10) thrown at [./src/hotspot/share/classfile/systemDictionary.cpp, line 231]
Event: 4.705 Thread 0x0000029dd4b1c800 Exception <a 'java/lang/ClassNotFoundException'{0x0000000089e67fe0}: org/springframework/beans/factory/AwareCustomizer> (0x0000000089e67fe0) thrown at [./src/hotspot/share/classfile/systemDictionary.cpp, line 231]
Event: 4.705 Thread 0x0000029dd4b1c800 Exception <a 'java/lang/ClassNotFoundException'{0x0000000089e7cb38}: org/springframework/context/weaving/LoadTimeWeaverAwareCustomizer> (0x0000000089e7cb38) thrown at [./src/hotspot/share/classfile/systemDictionary.cpp, line 231]
Event: 4.709 Thread 0x0000029dd4b1c800 Exception <a 'java/lang/ClassNotFoundException'{0x0000000089e90668}: org/springframework/beans/factory/AwareCustomizer> (0x0000000089e90668) thrown at [./src/hotspot/share/classfile/systemDictionary.cpp, line 231]
Event: 4.710 Thread 0x0000029dd4b1c800 Exception <a 'java/lang/ClassNotFoundException'{0x0000000089ea3f80}: org/springframework/beans/factory/FactoryBeanCustomizer> (0x0000000089ea3f80) thrown at [./src/hotspot/share/classfile/systemDictionary.cpp, line 231]
Event: 4.711 Thread 0x0000029dd4b1c800 Exception <a 'java/lang/ClassNotFoundException'{0x0000000089ebca90}: org/springframework/beans/factory/BeanClassLoaderAwareCustomizer> (0x0000000089ebca90) thrown at [./src/hotspot/share/classfile/systemDictionary.cpp, line 231]
Event: 4.712 Thread 0x0000029dd4b1c800 Exception <a 'java/lang/ClassNotFoundException'{0x0000000089ecfeb8}: org/springframework/beans/factory/AwareCustomizer> (0x0000000089ecfeb8) thrown at [./src/hotspot/share/classfile/systemDictionary.cpp, line 231]
Event: 4.713 Thread 0x0000029dd4b1c800 Exception <a 'java/lang/ClassNotFoundException'{0x0000000089ee4360}: org/springframework/beans/factory/BeanFactoryAwareCustomizer> (0x0000000089ee4360) thrown at [./src/hotspot/share/classfile/systemDictionary.cpp, line 231]
Event: 4.713 Thread 0x0000029dd4b1c800 Exception <a 'java/lang/ClassNotFoundException'{0x0000000089ef7c88}: org/springframework/beans/factory/AwareCustomizer> (0x0000000089ef7c88) thrown at [./src/hotspot/share/classfile/systemDictionary.cpp, line 231]
Event: 4.714 Thread 0x0000029dd4b1c800 Exception <a 'java/lang/ClassNotFoundException'{0x0000000089d0ba00}: org/springframework/beans/factory/BeanNameAwareCustomizer> (0x0000000089d0ba00) thrown at [./src/hotspot/share/classfile/systemDictionary.cpp, line 231]
Event: 4.715 Thread 0x0000029dd4b1c800 Exception <a 'java/lang/ClassNotFoundException'{0x0000000089d1f1e8}: org/springframework/beans/factory/AwareCustomizer> (0x0000000089d1f1e8) thrown at [./src/hotspot/share/classfile/systemDictionary.cpp, line 231]
Event: 4.716 Thread 0x0000029dd4b1c800 Exception <a 'java/lang/ClassNotFoundException'{0x0000000089d33690}: org/springframework/beans/factory/InitializingBeanCustomizer> (0x0000000089d33690) thrown at [./src/hotspot/share/classfile/systemDictionary.cpp, line 231]
Event: 4.716 Thread 0x0000029dd4b1c800 Exception <a 'java/lang/ClassNotFoundException'{0x0000000089d47cb8}: org/springframework/beans/factory/DisposableBeanCustomizer> (0x0000000089d47cb8) thrown at [./src/hotspot/share/classfile/systemDictionary.cpp, line 231]
Event: 4.717 Thread 0x0000029dd4b1c800 Exception <a 'java/lang/ClassNotFoundException'{0x0000000089d5d300}: org/springframework/orm/jpa/EntityManagerFactoryInfoCustomizer> (0x0000000089d5d300) thrown at [./src/hotspot/share/classfile/systemDictionary.cpp, line 231]
Event: 4.718 Thread 0x0000029dd4b1c800 Exception <a 'java/lang/ClassNotFoundException'{0x0000000089d7d898}: org/springframework/dao/support/PersistenceExceptionTranslatorCustomizer> (0x0000000089d7d898) thrown at [./src/hotspot/share/classfile/systemDictionary.cpp, line 231]

Events (20 events):
Event: 5.285 loading class org/hibernate/type/spi/TypeConfiguration
Event: 5.285 loading class org/hibernate/type/spi/TypeConfiguration done
Event: 5.285 loading class org/hibernate/type/TypeFactory$TypeScope
Event: 5.285 loading class org/hibernate/type/TypeFactory$TypeScope done
Event: 5.286 loading class org/hibernate/type/TypeResolver
Event: 5.286 loading class org/hibernate/type/TypeResolver done
Event: 5.287 loading class org/hibernate/type/internal/TypeConfigurationRegistry
Event: 5.287 loading class org/hibernate/type/internal/TypeConfigurationRegistry done
Event: 5.287 loading class org/hibernate/boot/spi/MetadataSourcesContributor
Event: 5.287 loading class org/hibernate/boot/spi/MetadataSourcesContributor done
Event: 5.291 loading class org/hibernate/boot/cfgxml/internal/CfgXmlAccessServiceImpl
Event: 5.291 loading class org/hibernate/boot/cfgxml/internal/CfgXmlAccessServiceImpl done
Event: 5.292 loading class org/hibernate/boot/spi/MetadataBuilderInitializer
Event: 5.292 loading class org/hibernate/boot/spi/MetadataBuilderInitializer done
Event: 5.294 loading class org/hibernate/boot/spi/MetadataBuilderFactory
Event: 5.294 loading class org/hibernate/boot/spi/MetadataBuilderFactory done
Event: 5.297 loading class org/hibernate/jpa/boot/internal/StandardJpaScanEnvironmentImpl
Event: 5.297 loading class org/hibernate/jpa/boot/internal/StandardJpaScanEnvironmentImpl done
Event: 5.297 loading class org/hibernate/boot/model/process/spi/MetadataBuildingProcess
Event: 5.297 loading class org/hibernate/boot/model/process/spi/MetadataBuildingProcess done


Dynamic libraries:
0x00007ff71ef00000 - 0x00007ff71ef0d000 	C:\Program Files\AdoptOpenJDK\jdk-11.0.9.101-hotspot\bin\java.exe
0x00007ffd4ea60000 - 0x00007ffd4ec41000 	C:\WINDOWS\SYSTEM32\ntdll.dll
0x00007ffd4e450000 - 0x00007ffd4e501000 	C:\WINDOWS\System32\KERNEL32.DLL
0x00007ffd4ba20000 - 0x00007ffd4bc93000 	C:\WINDOWS\System32\KERNELBASE.dll
0x00007ffd4b780000 - 0x00007ffd4b878000 	C:\WINDOWS\System32\ucrtbase.dll
0x00007ffd30590000 - 0x00007ffd305a5000 	C:\Program Files\AdoptOpenJDK\jdk-11.0.9.101-hotspot\bin\VCRUNTIME140.dll
0x00007ffd34740000 - 0x00007ffd34757000 	C:\Program Files\AdoptOpenJDK\jdk-11.0.9.101-hotspot\bin\jli.dll
0x00007ffd4e830000 - 0x00007ffd4e9c0000 	C:\WINDOWS\System32\USER32.dll
0x00007ffd4afb0000 - 0x00007ffd4afd0000 	C:\WINDOWS\System32\win32u.dll
0x00007ffd3b1b0000 - 0x00007ffd3b419000 	C:\WINDOWS\WinSxS\amd64_microsoft.windows.common-controls_6595b64144ccf1df_6.0.17134.1246_none_d3ffb9d77c90723d\COMCTL32.dll
0x00007ffd4c220000 - 0x00007ffd4c248000 	C:\WINDOWS\System32\GDI32.dll
0x00007ffd4cb00000 - 0x00007ffd4cb9e000 	C:\WINDOWS\System32\msvcrt.dll
0x00007ffd4b880000 - 0x00007ffd4ba11000 	C:\WINDOWS\System32\gdi32full.dll
0x00007ffd4c700000 - 0x00007ffd4ca21000 	C:\WINDOWS\System32\combase.dll
0x00007ffd4b6e0000 - 0x00007ffd4b77f000 	C:\WINDOWS\System32\msvcp_win.dll
0x00007ffd4c010000 - 0x00007ffd4c134000 	C:\WINDOWS\System32\RPCRT4.dll
0x00007ffd4ae20000 - 0x00007ffd4ae99000 	C:\WINDOWS\System32\bcryptPrimitives.dll
0x00007ffd4c260000 - 0x00007ffd4c28d000 	C:\WINDOWS\System32\IMM32.DLL
0x00007ffd1d400000 - 0x00007ffd1d49b000 	C:\Program Files\AdoptOpenJDK\jdk-11.0.9.101-hotspot\bin\msvcp140.dll
0x00007ffd07e10000 - 0x00007ffd08953000 	C:\Program Files\AdoptOpenJDK\jdk-11.0.9.101-hotspot\bin\server\jvm.dll
0x00007ffd4e780000 - 0x00007ffd4e821000 	C:\WINDOWS\System32\ADVAPI32.dll
0x00007ffd4c290000 - 0x00007ffd4c2eb000 	C:\WINDOWS\System32\sechost.dll
0x00007ffd4dff0000 - 0x00007ffd4dff8000 	C:\WINDOWS\System32\PSAPI.DLL
0x00007ffd478e0000 - 0x00007ffd47903000 	C:\WINDOWS\SYSTEM32\WINMM.dll
0x00007ffd43740000 - 0x00007ffd43749000 	C:\WINDOWS\SYSTEM32\WSOCK32.dll
0x00007ffd4e9c0000 - 0x00007ffd4ea2c000 	C:\WINDOWS\System32\WS2_32.dll
0x00007ffd3f960000 - 0x00007ffd3f96a000 	C:\WINDOWS\SYSTEM32\VERSION.dll
0x00007ffd478b0000 - 0x00007ffd478da000 	C:\WINDOWS\SYSTEM32\WINMMBASE.dll
0x00007ffd4bca0000 - 0x00007ffd4bce9000 	C:\WINDOWS\System32\cfgmgr32.dll
0x00007ffd4ae00000 - 0x00007ffd4ae11000 	C:\WINDOWS\System32\kernel.appcore.dll
0x00007ffd3ca10000 - 0x00007ffd3ca20000 	C:\Program Files\AdoptOpenJDK\jdk-11.0.9.101-hotspot\bin\verify.dll
0x00007ffd49870000 - 0x00007ffd49a39000 	C:\WINDOWS\SYSTEM32\DBGHELP.DLL
0x00007ffd380f0000 - 0x00007ffd38119000 	C:\WINDOWS\SYSTEM32\dbgcore.DLL
0x00007ffd2b480000 - 0x00007ffd2b4a8000 	C:\Program Files\AdoptOpenJDK\jdk-11.0.9.101-hotspot\bin\java.dll
0x00007ffd3c9d0000 - 0x00007ffd3c9da000 	C:\Program Files\AdoptOpenJDK\jdk-11.0.9.101-hotspot\bin\jimage.dll
0x00007ffd2b460000 - 0x00007ffd2b477000 	C:\Program Files\AdoptOpenJDK\jdk-11.0.9.101-hotspot\bin\zip.dll
0x00007ffd4cba0000 - 0x00007ffd4dfe5000 	C:\WINDOWS\System32\SHELL32.dll
0x00007ffd4ca50000 - 0x00007ffd4caf9000 	C:\WINDOWS\System32\shcore.dll
0x00007ffd4afd0000 - 0x00007ffd4b6e0000 	C:\WINDOWS\System32\windows.storage.dll
0x00007ffd4e710000 - 0x00007ffd4e761000 	C:\WINDOWS\System32\shlwapi.dll
0x00007ffd4ad60000 - 0x00007ffd4ad7f000 	C:\WINDOWS\System32\profapi.dll
0x00007ffd4adb0000 - 0x00007ffd4adfc000 	C:\WINDOWS\System32\powrprof.dll
0x00007ffd4ad80000 - 0x00007ffd4ad8a000 	C:\WINDOWS\System32\FLTLIB.DLL
0x00007ffd2b3e0000 - 0x00007ffd2b3f9000 	C:\Program Files\AdoptOpenJDK\jdk-11.0.9.101-hotspot\bin\net.dll
0x00007ffd3f3e0000 - 0x00007ffd3f4bd000 	C:\WINDOWS\SYSTEM32\WINHTTP.dll
0x00007ffd4a5e0000 - 0x00007ffd4a646000 	C:\WINDOWS\system32\mswsock.dll
0x00007ffd245f0000 - 0x00007ffd24602000 	C:\Program Files\AdoptOpenJDK\jdk-11.0.9.101-hotspot\bin\nio.dll
0x00007ffd3b530000 - 0x00007ffd3b539000 	C:\Program Files\AdoptOpenJDK\jdk-11.0.9.101-hotspot\bin\management.dll
0x00007ffd3a2f0000 - 0x00007ffd3a2fb000 	C:\Program Files\AdoptOpenJDK\jdk-11.0.9.101-hotspot\bin\management_ext.dll
0x00007ffd2d1f0000 - 0x00007ffd2d206000 	C:\WINDOWS\system32\napinsp.dll
0x00007ffd2d1d0000 - 0x00007ffd2d1ea000 	C:\WINDOWS\system32\pnrpnsp.dll
0x00007ffd474c0000 - 0x00007ffd474d9000 	C:\WINDOWS\system32\NLAapi.dll
0x00007ffd4a370000 - 0x00007ffd4a42e000 	C:\WINDOWS\SYSTEM32\DNSAPI.dll
0x00007ffd4e770000 - 0x00007ffd4e778000 	C:\WINDOWS\System32\NSI.dll
0x00007ffd4a330000 - 0x00007ffd4a368000 	C:\WINDOWS\SYSTEM32\IPHLPAPI.DLL
0x00007ffd2cb90000 - 0x00007ffd2cb9e000 	C:\WINDOWS\System32\winrnr.dll
0x00007ffd41eb0000 - 0x00007ffd41ec5000 	C:\WINDOWS\System32\wshbth.dll
0x00007ffd3ae10000 - 0x00007ffd3ae1a000 	C:\Windows\System32\rasadhlp.dll
0x00007ffd3b750000 - 0x00007ffd3b7c2000 	C:\WINDOWS\System32\fwpuclnt.dll
0x00007ffd4a8c0000 - 0x00007ffd4a8e5000 	C:\WINDOWS\SYSTEM32\bcrypt.dll
0x00007ffd4a7a0000 - 0x00007ffd4a7b7000 	C:\WINDOWS\SYSTEM32\CRYPTSP.dll
0x00007ffd4a190000 - 0x00007ffd4a1c3000 	C:\WINDOWS\system32\rsaenh.dll
0x00007ffd4ac90000 - 0x00007ffd4acb8000 	C:\WINDOWS\SYSTEM32\USERENV.dll
0x00007ffd4a790000 - 0x00007ffd4a79b000 	C:\WINDOWS\SYSTEM32\CRYPTBASE.dll
0x00007ffd3e830000 - 0x00007ffd3e846000 	C:\WINDOWS\SYSTEM32\dhcpcsvc6.DLL
0x00007ffd3eea0000 - 0x00007ffd3eeba000 	C:\WINDOWS\SYSTEM32\dhcpcsvc.DLL

dbghelp: loaded successfully - version: 4.0.5 - missing functions: none
symbol engine: initialized successfully - sym options: 0x614 - pdb path: .;C:\Program Files\AdoptOpenJDK\jdk-11.0.9.101-hotspot\bin;C:\WINDOWS\SYSTEM32;C:\WINDOWS\WinSxS\amd64_microsoft.windows.common-controls_6595b64144ccf1df_6.0.17134.1246_none_d3ffb9d77c90723d;C:\Program Files\AdoptOpenJDK\jdk-11.0.9.101-hotspot\bin\server

VM Arguments:
jvm_args: -ea -Dfile.encoding=UTF-8 
java_command: org.eclipse.jdt.internal.junit.runner.RemoteTestRunner -version 3 -port 50592 -testLoaderClass org.eclipse.jdt.internal.junit5.runner.JUnit5TestLoader -loaderpluginname org.eclipse.jdt.junit5.runtime -packageNameFile C:\Users\THASCA~1\AppData\Local\Temp\packageNames8351422862730842773.txt
java_class_path (initial): C:\zupTeste\numeros\target\test-classes;C:\zupTeste\numeros\target\classes;C:\Users\Thas Carneiro\.m2\repository\org\springframework\boot\spring-boot-starter-data-jpa\2.4.1\spring-boot-starter-data-jpa-2.4.1.jar;C:\Users\Thas Carneiro\.m2\repository\org\springframework\boot\spring-boot-starter-aop\2.4.1\spring-boot-starter-aop-2.4.1.jar;C:\Users\Thas Carneiro\.m2\repository\org\springframework\spring-aop\5.3.2\spring-aop-5.3.2.jar;C:\Users\Thas Carneiro\.m2\repository\org\aspectj\aspectjweaver\1.9.6\aspectjweaver-1.9.6.jar;C:\Users\Thas Carneiro\.m2\repository\org\springframework\boot\spring-boot-starter-jdbc\2.4.1\spring-boot-starter-jdbc-2.4.1.jar;C:\Users\Thas Carneiro\.m2\repository\com\zaxxer\HikariCP\3.4.5\HikariCP-3.4.5.jar;C:\Users\Thas Carneiro\.m2\repository\org\springframework\spring-jdbc\5.3.2\spring-jdbc-5.3.2.jar;C:\Users\Thas Carneiro\.m2\repository\jakarta\transaction\jakarta.transaction-api\1.3.3\jakarta.transaction-api-1.3.3.jar;C:\Users\Thas Carneiro\.m2\repository\jakarta\persistence\jakarta.persistence-api\2.2.3\jakarta.persistence-api-2.2.3.jar;C:\Users\Thas Carneiro\.m2\repository\org\hibernate\hibernate-core\5.4.25.Final\hibernate-core-5.4.25.Final.jar;C:\Users\Thas Carneiro\.m2\repository\org\jboss\logging\jboss-logging\3.4.1.Final\jboss-logging-3.4.1.Final.jar;C:\Users\Thas Carneiro\.m2\repository\org\javassist\javassist\3.27.0-GA\javassist-3.27.0-GA.jar;C:\Users\Thas Carneiro\.m2\repository\net\bytebuddy\byte-buddy\1.10.18\byte-buddy-1.10.18.jar;C:\Users\Thas Carneiro\.m2\repository\antlr\antlr\2.7.7\antlr-2.7.7.jar;C:\Users\Thas Carneiro\.m2\repository\org\jboss\jandex\2.1.3.Final\jandex-2.1.3.Final.jar;C:\Users\Thas Carneiro\.m2\repository\com\fasterxml\classmate\1.5.1\classmate-1.5.1.jar;C:\Users\Thas Carneiro\.m2\repository\org\dom4j\dom4j\2.1.3\dom4j-2.1.3.jar;C:\Users\Thas Carneiro\.m2\repository\org\hibernate\common\hibernate-commons-annotations\5.1.2.Final\hibernate-commons-annotations
Launcher Type: SUN_STANDARD

[Global flags]
     intx CICompilerCount                          = 3                                         {product} {ergonomic}
     uint ConcGCThreads                            = 1                                         {product} {ergonomic}
     uint G1ConcRefinementThreads                  = 4                                         {product} {ergonomic}
   size_t G1HeapRegionSize                         = 1048576                                   {product} {ergonomic}
    uintx GCDrainStackTargetSize                   = 64                                        {product} {ergonomic}
   size_t InitialHeapSize                          = 134217728                                 {product} {ergonomic}
   size_t MarkStackSize                            = 4194304                                   {product} {ergonomic}
   size_t MaxHeapSize                              = 2116026368                                {product} {ergonomic}
   size_t MaxNewSize                               = 1268776960                                {product} {ergonomic}
   size_t MinHeapDeltaBytes                        = 1048576                                   {product} {ergonomic}
    uintx NonNMethodCodeHeapSize                   = 5830732                                {pd product} {ergonomic}
    uintx NonProfiledCodeHeapSize                  = 122913754                              {pd product} {ergonomic}
    uintx ProfiledCodeHeapSize                     = 122913754                              {pd product} {ergonomic}
    uintx ReservedCodeCacheSize                    = 251658240                              {pd product} {ergonomic}
     bool SegmentedCodeCache                       = true                                      {product} {ergonomic}
     bool UseCompressedClassPointers               = true                                 {lp64_product} {ergonomic}
     bool UseCompressedOops                        = true                                 {lp64_product} {ergonomic}
     bool UseG1GC                                  = true                                      {product} {ergonomic}
     bool UseLargePagesIndividualAllocation        = false                                  {pd product} {ergonomic}

Logging:
Log output configuration:
 #0: stdout all=warning uptime,level,tags
 #1: stderr all=off uptime,level,tags

Environment Variables:
PATH=C:\Program Files\AdoptOpenJDK\jdk-11.0.9.101-hotspot\bin;C:\Program Files (x86)\Common Files\Oracle\Java\javapath;C:\Windows\system32;C:\Windows;C:\Windows\System32\Wbem;C:\Windows\System32\WindowsPowerShell\v1.0\;C:\Program Files (x86)\NVIDIA Corporation\PhysX\Common;C:\WINDOWS\system32;C:\WINDOWS;C:\WINDOWS\System32\Wbem;C:\WINDOWS\System32\WindowsPowerShell\v1.0\;C:\WINDOWS\System32\OpenSSH\;C:\Program Files\nodejs\;C:\Program Files\dotnet\;C:\Program Files\Microsoft SQL Server\130\Tools\Binn\;C:\Program Files\Microsoft SQL Server\Client SDK\ODBC\170\Tools\Binn\;C:\Users\Thas Carneiro\AppData\Local\Microsoft\WindowsApps;C:\Users\Thas Carneiro\AppData\Local\Programs\Microsoft VS Code\bin;C:\Users\Thas Carneiro\AppData\Roaming\npm;C:\Users\Thas Carneiro\.dotnet\tools
USERNAME=Thas Carneiro
OS=Windows_NT
PROCESSOR_IDENTIFIER=Intel64 Family 6 Model 142 Stepping 9, GenuineIntel



---------------  S Y S T E M  ---------------

OS: Windows 10 , 64 bit Build 17134 (10.0.17134.753)
OS uptime: 1 days 0:33 hours

CPU:total 4 (initial active 4) (2 cores per cpu, 2 threads per core) family 6 model 142 stepping 9, cmov, cx8, fxsr, mmx, sse, sse2, sse3, ssse3, sse4.1, sse4.2, popcnt, avx, avx2, aes, clmul, erms, 3dnowpref, lzcnt, ht, tsc, tscinvbit, bmi1, bmi2, adx, fma

Memory: 4k page, system-wide physical 8066M (295M free)
TotalPageFile size 9970M (AvailPageFile size 8M)
current process WorkingSet (physical memory assigned to process): 254M, peak: 257M
current process commit charge ("private bytes"): 335M, peak: 340M

vm_info: OpenJDK 64-Bit Server VM (11.0.9.1+1) for windows-amd64 JRE (11.0.9.1+1), built on Nov 10 2020 15:18:49 by "" with MS VC++ 15.9 (VS2017)

END.
