#
# There is insufficient memory for the Java Runtime Environment to continue.
# Native memory allocation (malloc) failed to allocate 32744 bytes for ChunkPool::allocate
# Possible reasons:
#   The system is out of physical RAM or swap space
#   The process is running with CompressedOops enabled, and the Java Heap may be blocking the growth of the native heap
# Possible solutions:
#   Reduce memory load on the system
#   Increase physical memory or swap space
#   Check if swap backing store is full
#   Decrease Java heap size (-Xmx/-Xms)
#   Decrease number of Java threads
#   Decrease Java thread stack sizes (-Xss)
#   Set larger code cache with -XX:ReservedCodeCacheSize=
#   JVM is running with Unscaled Compressed Oops mode in which the Java heap is
#     placed in the first 4GB address space. The Java Heap base address is the
#     maximum limit for the native heap growth. Please use -XX:HeapBaseMinAddress
#     to set the Java Heap base and to place the Java Heap above 4GB virtual address.
# This output file may be truncated or incomplete.
#
#  Out of Memory Error (./src/hotspot/share/memory/arena.cpp:81), pid=9908, tid=9976
#
# JRE version: OpenJDK Runtime Environment AdoptOpenJDK (11.0.9.1+1) (build 11.0.9.1+1)
# Java VM: OpenJDK 64-Bit Server VM AdoptOpenJDK (11.0.9.1+1, mixed mode, tiered, compressed oops, g1 gc, windows-amd64)
# No core dump will be written. Minidumps are not enabled by default on client versions of Windows
#

---------------  S U M M A R Y ------------

Command Line: -ea -Dfile.encoding=UTF-8 org.eclipse.jdt.internal.junit.runner.RemoteTestRunner -version 3 -port 50582 -testLoaderClass org.eclipse.jdt.internal.junit5.runner.JUnit5TestLoader -loaderpluginname org.eclipse.jdt.junit5.runtime -classNames com.gilmar.numeros.NumerosApplicationTests

Host: Intel(R) Core(TM) i5-7200U CPU @ 2.50GHz, 4 cores, 7G,  Windows 10 , 64 bit Build 17134 (10.0.17134.753)
Time: Sun Jan 10 15:10:00 2021 Hora oficial do Brasil elapsed time: 3.041769 seconds (0d 0h 0m 3s)

---------------  T H R E A D  ---------------

Current thread (0x0000022ffeb68000):  JavaThread "C2 CompilerThread0" daemon [_thread_in_native, id=9976, stack(0x0000009295300000,0x0000009295400000)]


Current CompileTask:
C2:   3041 2225   !   4       jdk.internal.loader.BuiltinClassLoader::loadClassOrNull (143 bytes)

Stack: [0x0000009295300000,0x0000009295400000]
Native frames: (J=compiled Java code, j=interpreted, Vv=VM code, C=native code)
V  [jvm.dll+0x5f465a]
V  [jvm.dll+0x77c78e]
V  [jvm.dll+0x77de5f]
V  [jvm.dll+0x77e523]
V  [jvm.dll+0x2477c8]
V  [jvm.dll+0xbe68b]
V  [jvm.dll+0xbe45d]
V  [jvm.dll+0x5d28af]
V  [jvm.dll+0x6251c3]
V  [jvm.dll+0x1996ad]
V  [jvm.dll+0x201192]
V  [jvm.dll+0x20023f]
V  [jvm.dll+0x184fbc]
V  [jvm.dll+0x20f7f7]
V  [jvm.dll+0x20d9db]
V  [jvm.dll+0x741029]
V  [jvm.dll+0x73a0d4]
V  [jvm.dll+0x5f3586]
C  [ucrtbase.dll+0x1e3fe]
C  [KERNEL32.DLL+0x14034]
C  [ntdll.dll+0x73691]


---------------  P R O C E S S  ---------------

Threads class SMR info:
_java_thread_list=0x0000022f91df99a0, length=11, elements={
0x0000022ff144b800, 0x0000022ffeb4e800, 0x0000022ffeb57000, 0x0000022ffeb63000,
0x0000022ffeb65000, 0x0000022ffeb68000, 0x0000022fff4c4000, 0x0000022fff4ce000,
0x0000022fff632000, 0x0000022fff639800, 0x0000022f910b6800
}

Java Threads: ( => current thread )
  0x0000022ff144b800 JavaThread "main" [_thread_in_Java, id=7672, stack(0x0000009294800000,0x0000009294900000)]
  0x0000022ffeb4e800 JavaThread "Reference Handler" daemon [_thread_blocked, id=15020, stack(0x0000009294f00000,0x0000009295000000)]
  0x0000022ffeb57000 JavaThread "Finalizer" daemon [_thread_blocked, id=17268, stack(0x0000009295000000,0x0000009295100000)]
  0x0000022ffeb63000 JavaThread "Signal Dispatcher" daemon [_thread_blocked, id=18128, stack(0x0000009295100000,0x0000009295200000)]
  0x0000022ffeb65000 JavaThread "Attach Listener" daemon [_thread_blocked, id=17084, stack(0x0000009295200000,0x0000009295300000)]
=>0x0000022ffeb68000 JavaThread "C2 CompilerThread0" daemon [_thread_in_native, id=9976, stack(0x0000009295300000,0x0000009295400000)]
  0x0000022fff4c4000 JavaThread "C1 CompilerThread0" daemon [_thread_blocked, id=12596, stack(0x0000009295400000,0x0000009295500000)]
  0x0000022fff4ce000 JavaThread "Sweeper thread" daemon [_thread_blocked, id=17896, stack(0x0000009295500000,0x0000009295600000)]
  0x0000022fff632000 JavaThread "Service Thread" daemon [_thread_blocked, id=14544, stack(0x0000009295600000,0x0000009295700000)]
  0x0000022fff639800 JavaThread "Common-Cleaner" daemon [_thread_blocked, id=15800, stack(0x0000009295800000,0x0000009295900000)]
  0x0000022f910b6800 JavaThread "ReaderThread" [_thread_in_native, id=14872, stack(0x0000009295900000,0x0000009295a00000)]

Other Threads:
  0x0000022ffeb28000 VMThread "VM Thread" [stack: 0x0000009294e00000,0x0000009294f00000] [id=14920]
  0x0000022fff634800 WatcherThread [stack: 0x0000009295700000,0x0000009295800000] [id=13768]
  0x0000022ff1463800 GCTaskThread "GC Thread#0" [stack: 0x0000009294900000,0x0000009294a00000] [id=17772]
  0x0000022f91573800 GCTaskThread "GC Thread#1" [stack: 0x0000009295a00000,0x0000009295b00000] [id=7408]
  0x0000022f9150c000 GCTaskThread "GC Thread#2" [stack: 0x0000009295b00000,0x0000009295c00000] [id=18136]
  0x0000022f9150c800 GCTaskThread "GC Thread#3" [stack: 0x0000009295c00000,0x0000009295d00000] [id=17428]
  0x0000022ff1494000 ConcurrentGCThread "G1 Main Marker" [stack: 0x0000009294a00000,0x0000009294b00000] [id=18584]
  0x0000022ff1495800 ConcurrentGCThread "G1 Conc#0" [stack: 0x0000009294b00000,0x0000009294c00000] [id=2472]
  0x0000022ffe992800 ConcurrentGCThread "G1 Refine#0" [stack: 0x0000009294c00000,0x0000009294d00000] [id=8456]
  0x0000022ffe994000 ConcurrentGCThread "G1 Young RemSet Sampling" [stack: 0x0000009294d00000,0x0000009294e00000] [id=16208]

Threads with active compile tasks:
C2 CompilerThread0   3085 2225   !   4       jdk.internal.loader.BuiltinClassLoader::loadClassOrNull (143 bytes)

VM state:not at safepoint (normal execution)

VM Mutex/Monitor currently owned by a thread: None

Heap address: 0x0000000081e00000, size: 2018 MB, Compressed Oops mode: 32-bit
Narrow klass base: 0x0000000000000000, Narrow klass shift: 3
Compressed class space size: 1073741824 Address: 0x0000000100000000

Heap:
 garbage-first heap   total 157696K, used 97764K [0x0000000081e00000, 0x0000000100000000)
  region size 1024K, 92 young (94208K), 5 survivors (5120K)
 Metaspace       used 32555K, capacity 33620K, committed 33968K, reserved 1081344K
  class space    used 3850K, capacity 4257K, committed 4352K, reserved 1048576K
Heap Regions: E=young(eden), S=young(survivor), O=old, HS=humongous(starts), HC=humongous(continues), CS=collection set, F=free, A=archive, TAMS=top-at-mark-start (previous, next)
|   0|0x0000000081e00000, 0x0000000081f00000, 0x0000000081f00000|100%|HS|  |TAMS 0x0000000081f00000, 0x0000000081e00000| Complete 
|   1|0x0000000081f00000, 0x0000000082000000, 0x0000000082000000|100%| O|  |TAMS 0x0000000082000000, 0x0000000081f00000| Untracked 
|   2|0x0000000082000000, 0x0000000082100000, 0x0000000082100000|100%| O|  |TAMS 0x0000000082100000, 0x0000000082000000| Untracked 
|   3|0x0000000082100000, 0x0000000082200000, 0x0000000082200000|100%| O|  |TAMS 0x0000000082200000, 0x0000000082100000| Untracked 
|   4|0x0000000082200000, 0x0000000082300000, 0x0000000082300000|100%| O|  |TAMS 0x0000000082300000, 0x0000000082200000| Untracked 
|   5|0x0000000082300000, 0x0000000082400000, 0x0000000082400000|100%| O|  |TAMS 0x0000000082400000, 0x0000000082300000| Untracked 
|   6|0x0000000082400000, 0x0000000082413800, 0x0000000082500000|  7%| O|  |TAMS 0x0000000082413800, 0x0000000082400000| Untracked 
|   7|0x0000000082500000, 0x0000000082500000, 0x0000000082600000|  0%| F|  |TAMS 0x0000000082500000, 0x0000000082500000| Untracked 
|   8|0x0000000082600000, 0x0000000082600000, 0x0000000082700000|  0%| F|  |TAMS 0x0000000082600000, 0x0000000082600000| Untracked 
|   9|0x0000000082700000, 0x0000000082700000, 0x0000000082800000|  0%| F|  |TAMS 0x0000000082700000, 0x0000000082700000| Untracked 
|  10|0x0000000082800000, 0x0000000082800000, 0x0000000082900000|  0%| F|  |TAMS 0x0000000082800000, 0x0000000082800000| Untracked 
|  11|0x0000000082900000, 0x0000000082900000, 0x0000000082a00000|  0%| F|  |TAMS 0x0000000082900000, 0x0000000082900000| Untracked 
|  12|0x0000000082a00000, 0x0000000082a00000, 0x0000000082b00000|  0%| F|  |TAMS 0x0000000082a00000, 0x0000000082a00000| Untracked 
|  13|0x0000000082b00000, 0x0000000082b00000, 0x0000000082c00000|  0%| F|  |TAMS 0x0000000082b00000, 0x0000000082b00000| Untracked 
|  14|0x0000000082c00000, 0x0000000082c00000, 0x0000000082d00000|  0%| F|  |TAMS 0x0000000082c00000, 0x0000000082c00000| Untracked 
|  15|0x0000000082d00000, 0x0000000082d00000, 0x0000000082e00000|  0%| F|  |TAMS 0x0000000082d00000, 0x0000000082d00000| Untracked 
|  16|0x0000000082e00000, 0x0000000082e00000, 0x0000000082f00000|  0%| F|  |TAMS 0x0000000082e00000, 0x0000000082e00000| Untracked 
|  17|0x0000000082f00000, 0x0000000082f00000, 0x0000000083000000|  0%| F|  |TAMS 0x0000000082f00000, 0x0000000082f00000| Untracked 
|  18|0x0000000083000000, 0x0000000083000000, 0x0000000083100000|  0%| F|  |TAMS 0x0000000083000000, 0x0000000083000000| Untracked 
|  19|0x0000000083100000, 0x0000000083100000, 0x0000000083200000|  0%| F|  |TAMS 0x0000000083100000, 0x0000000083100000| Untracked 
|  20|0x0000000083200000, 0x0000000083200000, 0x0000000083300000|  0%| F|  |TAMS 0x0000000083200000, 0x0000000083200000| Untracked 
|  21|0x0000000083300000, 0x0000000083300000, 0x0000000083400000|  0%| F|  |TAMS 0x0000000083300000, 0x0000000083300000| Untracked 
|  22|0x0000000083400000, 0x0000000083400000, 0x0000000083500000|  0%| F|  |TAMS 0x0000000083400000, 0x0000000083400000| Untracked 
|  23|0x0000000083500000, 0x0000000083500000, 0x0000000083600000|  0%| F|  |TAMS 0x0000000083500000, 0x0000000083500000| Untracked 
|  24|0x0000000083600000, 0x0000000083600000, 0x0000000083700000|  0%| F|  |TAMS 0x0000000083600000, 0x0000000083600000| Untracked 
|  25|0x0000000083700000, 0x0000000083700000, 0x0000000083800000|  0%| F|  |TAMS 0x0000000083700000, 0x0000000083700000| Untracked 
|  26|0x0000000083800000, 0x0000000083800000, 0x0000000083900000|  0%| F|  |TAMS 0x0000000083800000, 0x0000000083800000| Untracked 
|  27|0x0000000083900000, 0x0000000083900000, 0x0000000083a00000|  0%| F|  |TAMS 0x0000000083900000, 0x0000000083900000| Untracked 
|  28|0x0000000083a00000, 0x0000000083a00000, 0x0000000083b00000|  0%| F|  |TAMS 0x0000000083a00000, 0x0000000083a00000| Untracked 
|  29|0x0000000083b00000, 0x0000000083b00000, 0x0000000083c00000|  0%| F|  |TAMS 0x0000000083b00000, 0x0000000083b00000| Untracked 
|  30|0x0000000083c00000, 0x0000000083c00000, 0x0000000083d00000|  0%| F|  |TAMS 0x0000000083c00000, 0x0000000083c00000| Untracked 
|  31|0x0000000083d00000, 0x0000000083d00000, 0x0000000083e00000|  0%| F|  |TAMS 0x0000000083d00000, 0x0000000083d00000| Untracked 
|  32|0x0000000083e00000, 0x0000000083e00000, 0x0000000083f00000|  0%| F|  |TAMS 0x0000000083e00000, 0x0000000083e00000| Untracked 
|  33|0x0000000083f00000, 0x0000000083f00000, 0x0000000084000000|  0%| F|  |TAMS 0x0000000083f00000, 0x0000000083f00000| Untracked 
|  34|0x0000000084000000, 0x0000000084000000, 0x0000000084100000|  0%| F|  |TAMS 0x0000000084000000, 0x0000000084000000| Untracked 
|  35|0x0000000084100000, 0x0000000084100000, 0x0000000084200000|  0%| F|  |TAMS 0x0000000084100000, 0x0000000084100000| Untracked 
|  36|0x0000000084200000, 0x0000000084200000, 0x0000000084300000|  0%| F|  |TAMS 0x0000000084200000, 0x0000000084200000| Untracked 
|  37|0x0000000084300000, 0x0000000084300000, 0x0000000084400000|  0%| F|  |TAMS 0x0000000084300000, 0x0000000084300000| Untracked 
|  38|0x0000000084400000, 0x0000000084400000, 0x0000000084500000|  0%| F|  |TAMS 0x0000000084400000, 0x0000000084400000| Untracked 
|  39|0x0000000084500000, 0x0000000084500000, 0x0000000084600000|  0%| F|  |TAMS 0x0000000084500000, 0x0000000084500000| Untracked 
|  40|0x0000000084600000, 0x0000000084600000, 0x0000000084700000|  0%| F|  |TAMS 0x0000000084600000, 0x0000000084600000| Untracked 
|  41|0x0000000084700000, 0x0000000084700000, 0x0000000084800000|  0%| F|  |TAMS 0x0000000084700000, 0x0000000084700000| Untracked 
|  42|0x0000000084800000, 0x0000000084800000, 0x0000000084900000|  0%| F|  |TAMS 0x0000000084800000, 0x0000000084800000| Untracked 
|  43|0x0000000084900000, 0x0000000084900000, 0x0000000084a00000|  0%| F|  |TAMS 0x0000000084900000, 0x0000000084900000| Untracked 
|  44|0x0000000084a00000, 0x0000000084a00000, 0x0000000084b00000|  0%| F|  |TAMS 0x0000000084a00000, 0x0000000084a00000| Untracked 
|  45|0x0000000084b00000, 0x0000000084b00000, 0x0000000084c00000|  0%| F|  |TAMS 0x0000000084b00000, 0x0000000084b00000| Untracked 
|  46|0x0000000084c00000, 0x0000000084c00000, 0x0000000084d00000|  0%| F|  |TAMS 0x0000000084c00000, 0x0000000084c00000| Untracked 
|  47|0x0000000084d00000, 0x0000000084d00000, 0x0000000084e00000|  0%| F|  |TAMS 0x0000000084d00000, 0x0000000084d00000| Untracked 
|  48|0x0000000084e00000, 0x0000000084e00000, 0x0000000084f00000|  0%| F|  |TAMS 0x0000000084e00000, 0x0000000084e00000| Untracked 
|  49|0x0000000084f00000, 0x0000000084f00000, 0x0000000085000000|  0%| F|  |TAMS 0x0000000084f00000, 0x0000000084f00000| Untracked 
|  50|0x0000000085000000, 0x0000000085000000, 0x0000000085100000|  0%| F|  |TAMS 0x0000000085000000, 0x0000000085000000| Untracked 
|  51|0x0000000085100000, 0x0000000085100000, 0x0000000085200000|  0%| F|  |TAMS 0x0000000085100000, 0x0000000085100000| Untracked 
|  52|0x0000000085200000, 0x0000000085200000, 0x0000000085300000|  0%| F|  |TAMS 0x0000000085200000, 0x0000000085200000| Untracked 
|  53|0x0000000085300000, 0x0000000085300000, 0x0000000085400000|  0%| F|  |TAMS 0x0000000085300000, 0x0000000085300000| Untracked 
|  54|0x0000000085400000, 0x0000000085400000, 0x0000000085500000|  0%| F|  |TAMS 0x0000000085400000, 0x0000000085400000| Untracked 
|  55|0x0000000085500000, 0x0000000085500000, 0x0000000085600000|  0%| F|  |TAMS 0x0000000085500000, 0x0000000085500000| Untracked 
|  56|0x0000000085600000, 0x0000000085600000, 0x0000000085700000|  0%| F|  |TAMS 0x0000000085600000, 0x0000000085600000| Untracked 
|  57|0x0000000085700000, 0x0000000085700000, 0x0000000085800000|  0%| F|  |TAMS 0x0000000085700000, 0x0000000085700000| Untracked 
|  58|0x0000000085800000, 0x0000000085800000, 0x0000000085900000|  0%| F|  |TAMS 0x0000000085800000, 0x0000000085800000| Untracked 
|  59|0x0000000085900000, 0x0000000085900000, 0x0000000085a00000|  0%| F|  |TAMS 0x0000000085900000, 0x0000000085900000| Untracked 
|  60|0x0000000085a00000, 0x0000000085a00000, 0x0000000085b00000|  0%| F|  |TAMS 0x0000000085a00000, 0x0000000085a00000| Untracked 
|  61|0x0000000085b00000, 0x0000000085b00000, 0x0000000085c00000|  0%| F|  |TAMS 0x0000000085b00000, 0x0000000085b00000| Untracked 
|  62|0x0000000085c00000, 0x0000000085c80800, 0x0000000085d00000| 50%| E|  |TAMS 0x0000000085c00000, 0x0000000085c00000| Complete 
|  63|0x0000000085d00000, 0x0000000085d65a78, 0x0000000085e00000| 39%| S|CS|TAMS 0x0000000085d00000, 0x0000000085d00000| Complete 
|  64|0x0000000085e00000, 0x0000000085f00000, 0x0000000085f00000|100%| S|CS|TAMS 0x0000000085e00000, 0x0000000085e00000| Complete 
|  65|0x0000000085f00000, 0x0000000086000000, 0x0000000086000000|100%| S|CS|TAMS 0x0000000085f00000, 0x0000000085f00000| Complete 
|  66|0x0000000086000000, 0x0000000086100000, 0x0000000086100000|100%| S|CS|TAMS 0x0000000086000000, 0x0000000086000000| Complete 
|  67|0x0000000086100000, 0x0000000086200000, 0x0000000086200000|100%| S|CS|TAMS 0x0000000086100000, 0x0000000086100000| Complete 
|  68|0x0000000086200000, 0x0000000086300000, 0x0000000086300000|100%| E|CS|TAMS 0x0000000086200000, 0x0000000086200000| Complete 
|  69|0x0000000086300000, 0x0000000086400000, 0x0000000086400000|100%| E|CS|TAMS 0x0000000086300000, 0x0000000086300000| Complete 
|  70|0x0000000086400000, 0x0000000086500000, 0x0000000086500000|100%| E|CS|TAMS 0x0000000086400000, 0x0000000086400000| Complete 
|  71|0x0000000086500000, 0x0000000086600000, 0x0000000086600000|100%| E|CS|TAMS 0x0000000086500000, 0x0000000086500000| Complete 
|  72|0x0000000086600000, 0x0000000086700000, 0x0000000086700000|100%| E|CS|TAMS 0x0000000086600000, 0x0000000086600000| Complete 
|  73|0x0000000086700000, 0x0000000086800000, 0x0000000086800000|100%| E|CS|TAMS 0x0000000086700000, 0x0000000086700000| Complete 
|  74|0x0000000086800000, 0x0000000086900000, 0x0000000086900000|100%| E|CS|TAMS 0x0000000086800000, 0x0000000086800000| Complete 
|  75|0x0000000086900000, 0x0000000086a00000, 0x0000000086a00000|100%| E|CS|TAMS 0x0000000086900000, 0x0000000086900000| Complete 
|  76|0x0000000086a00000, 0x0000000086b00000, 0x0000000086b00000|100%| E|CS|TAMS 0x0000000086a00000, 0x0000000086a00000| Complete 
|  77|0x0000000086b00000, 0x0000000086c00000, 0x0000000086c00000|100%| E|CS|TAMS 0x0000000086b00000, 0x0000000086b00000| Complete 
|  78|0x0000000086c00000, 0x0000000086d00000, 0x0000000086d00000|100%| E|CS|TAMS 0x0000000086c00000, 0x0000000086c00000| Complete 
|  79|0x0000000086d00000, 0x0000000086e00000, 0x0000000086e00000|100%| E|CS|TAMS 0x0000000086d00000, 0x0000000086d00000| Complete 
|  80|0x0000000086e00000, 0x0000000086f00000, 0x0000000086f00000|100%| E|CS|TAMS 0x0000000086e00000, 0x0000000086e00000| Complete 
|  81|0x0000000086f00000, 0x0000000087000000, 0x0000000087000000|100%| E|CS|TAMS 0x0000000086f00000, 0x0000000086f00000| Complete 
|  82|0x0000000087000000, 0x0000000087100000, 0x0000000087100000|100%| E|CS|TAMS 0x0000000087000000, 0x0000000087000000| Complete 
|  83|0x0000000087100000, 0x0000000087200000, 0x0000000087200000|100%| E|CS|TAMS 0x0000000087100000, 0x0000000087100000| Complete 
|  84|0x0000000087200000, 0x0000000087300000, 0x0000000087300000|100%| E|CS|TAMS 0x0000000087200000, 0x0000000087200000| Complete 
|  85|0x0000000087300000, 0x0000000087400000, 0x0000000087400000|100%| E|CS|TAMS 0x0000000087300000, 0x0000000087300000| Complete 
|  86|0x0000000087400000, 0x0000000087500000, 0x0000000087500000|100%| E|CS|TAMS 0x0000000087400000, 0x0000000087400000| Complete 
|  87|0x0000000087500000, 0x0000000087600000, 0x0000000087600000|100%| E|CS|TAMS 0x0000000087500000, 0x0000000087500000| Complete 
|  88|0x0000000087600000, 0x0000000087700000, 0x0000000087700000|100%| E|CS|TAMS 0x0000000087600000, 0x0000000087600000| Complete 
|  89|0x0000000087700000, 0x0000000087800000, 0x0000000087800000|100%| E|CS|TAMS 0x0000000087700000, 0x0000000087700000| Complete 
|  90|0x0000000087800000, 0x0000000087900000, 0x0000000087900000|100%| E|CS|TAMS 0x0000000087800000, 0x0000000087800000| Complete 
|  91|0x0000000087900000, 0x0000000087a00000, 0x0000000087a00000|100%| E|CS|TAMS 0x0000000087900000, 0x0000000087900000| Complete 
|  92|0x0000000087a00000, 0x0000000087b00000, 0x0000000087b00000|100%| E|CS|TAMS 0x0000000087a00000, 0x0000000087a00000| Complete 
|  93|0x0000000087b00000, 0x0000000087c00000, 0x0000000087c00000|100%| E|CS|TAMS 0x0000000087b00000, 0x0000000087b00000| Complete 
|  94|0x0000000087c00000, 0x0000000087d00000, 0x0000000087d00000|100%| E|CS|TAMS 0x0000000087c00000, 0x0000000087c00000| Complete 
|  95|0x0000000087d00000, 0x0000000087e00000, 0x0000000087e00000|100%| E|CS|TAMS 0x0000000087d00000, 0x0000000087d00000| Complete 
|  96|0x0000000087e00000, 0x0000000087f00000, 0x0000000087f00000|100%| E|CS|TAMS 0x0000000087e00000, 0x0000000087e00000| Complete 
|  97|0x0000000087f00000, 0x0000000088000000, 0x0000000088000000|100%| E|CS|TAMS 0x0000000087f00000, 0x0000000087f00000| Complete 
|  98|0x0000000088000000, 0x0000000088100000, 0x0000000088100000|100%| E|CS|TAMS 0x0000000088000000, 0x0000000088000000| Complete 
|  99|0x0000000088100000, 0x0000000088200000, 0x0000000088200000|100%| E|CS|TAMS 0x0000000088100000, 0x0000000088100000| Complete 
| 100|0x0000000088200000, 0x0000000088300000, 0x0000000088300000|100%| E|CS|TAMS 0x0000000088200000, 0x0000000088200000| Complete 
| 101|0x0000000088300000, 0x0000000088400000, 0x0000000088400000|100%| E|CS|TAMS 0x0000000088300000, 0x0000000088300000| Complete 
| 102|0x0000000088400000, 0x0000000088500000, 0x0000000088500000|100%| E|CS|TAMS 0x0000000088400000, 0x0000000088400000| Complete 
| 103|0x0000000088500000, 0x0000000088600000, 0x0000000088600000|100%| E|CS|TAMS 0x0000000088500000, 0x0000000088500000| Complete 
| 104|0x0000000088600000, 0x0000000088700000, 0x0000000088700000|100%| E|CS|TAMS 0x0000000088600000, 0x0000000088600000| Complete 
| 105|0x0000000088700000, 0x0000000088800000, 0x0000000088800000|100%| E|CS|TAMS 0x0000000088700000, 0x0000000088700000| Complete 
| 106|0x0000000088800000, 0x0000000088900000, 0x0000000088900000|100%| E|CS|TAMS 0x0000000088800000, 0x0000000088800000| Complete 
| 107|0x0000000088900000, 0x0000000088a00000, 0x0000000088a00000|100%| E|CS|TAMS 0x0000000088900000, 0x0000000088900000| Complete 
| 108|0x0000000088a00000, 0x0000000088b00000, 0x0000000088b00000|100%| E|CS|TAMS 0x0000000088a00000, 0x0000000088a00000| Complete 
| 109|0x0000000088b00000, 0x0000000088c00000, 0x0000000088c00000|100%| E|CS|TAMS 0x0000000088b00000, 0x0000000088b00000| Complete 
| 110|0x0000000088c00000, 0x0000000088d00000, 0x0000000088d00000|100%| E|CS|TAMS 0x0000000088c00000, 0x0000000088c00000| Complete 
| 111|0x0000000088d00000, 0x0000000088e00000, 0x0000000088e00000|100%| E|CS|TAMS 0x0000000088d00000, 0x0000000088d00000| Complete 
| 112|0x0000000088e00000, 0x0000000088f00000, 0x0000000088f00000|100%| E|CS|TAMS 0x0000000088e00000, 0x0000000088e00000| Complete 
| 113|0x0000000088f00000, 0x0000000089000000, 0x0000000089000000|100%| E|CS|TAMS 0x0000000088f00000, 0x0000000088f00000| Complete 
| 114|0x0000000089000000, 0x0000000089100000, 0x0000000089100000|100%| E|CS|TAMS 0x0000000089000000, 0x0000000089000000| Complete 
| 115|0x0000000089100000, 0x0000000089200000, 0x0000000089200000|100%| E|CS|TAMS 0x0000000089100000, 0x0000000089100000| Complete 
| 116|0x0000000089200000, 0x0000000089300000, 0x0000000089300000|100%| E|CS|TAMS 0x0000000089200000, 0x0000000089200000| Complete 
| 117|0x0000000089300000, 0x0000000089400000, 0x0000000089400000|100%| E|CS|TAMS 0x0000000089300000, 0x0000000089300000| Complete 
| 118|0x0000000089400000, 0x0000000089500000, 0x0000000089500000|100%| E|CS|TAMS 0x0000000089400000, 0x0000000089400000| Complete 
| 119|0x0000000089500000, 0x0000000089600000, 0x0000000089600000|100%| E|CS|TAMS 0x0000000089500000, 0x0000000089500000| Complete 
| 120|0x0000000089600000, 0x0000000089700000, 0x0000000089700000|100%| E|CS|TAMS 0x0000000089600000, 0x0000000089600000| Complete 
| 121|0x0000000089700000, 0x0000000089800000, 0x0000000089800000|100%| E|CS|TAMS 0x0000000089700000, 0x0000000089700000| Complete 
| 122|0x0000000089800000, 0x0000000089900000, 0x0000000089900000|100%| E|CS|TAMS 0x0000000089800000, 0x0000000089800000| Complete 
| 123|0x0000000089900000, 0x0000000089a00000, 0x0000000089a00000|100%| E|CS|TAMS 0x0000000089900000, 0x0000000089900000| Complete 
| 124|0x0000000089a00000, 0x0000000089b00000, 0x0000000089b00000|100%| E|CS|TAMS 0x0000000089a00000, 0x0000000089a00000| Complete 
| 125|0x0000000089b00000, 0x0000000089c00000, 0x0000000089c00000|100%| E|CS|TAMS 0x0000000089b00000, 0x0000000089b00000| Complete 
| 126|0x0000000089c00000, 0x0000000089d00000, 0x0000000089d00000|100%| E|CS|TAMS 0x0000000089c00000, 0x0000000089c00000| Complete 
| 127|0x0000000089d00000, 0x0000000089e00000, 0x0000000089e00000|100%| E|CS|TAMS 0x0000000089d00000, 0x0000000089d00000| Complete 
| 128|0x0000000089e00000, 0x0000000089f00000, 0x0000000089f00000|100%| E|CS|TAMS 0x0000000089e00000, 0x0000000089e00000| Complete 
| 129|0x0000000089f00000, 0x000000008a000000, 0x000000008a000000|100%| E|CS|TAMS 0x0000000089f00000, 0x0000000089f00000| Complete 
| 130|0x000000008a000000, 0x000000008a100000, 0x000000008a100000|100%| E|CS|TAMS 0x000000008a000000, 0x000000008a000000| Complete 
| 131|0x000000008a100000, 0x000000008a200000, 0x000000008a200000|100%| E|CS|TAMS 0x000000008a100000, 0x000000008a100000| Complete 
| 132|0x000000008a200000, 0x000000008a300000, 0x000000008a300000|100%| E|CS|TAMS 0x000000008a200000, 0x000000008a200000| Complete 
| 133|0x000000008a300000, 0x000000008a400000, 0x000000008a400000|100%| E|CS|TAMS 0x000000008a300000, 0x000000008a300000| Complete 
| 134|0x000000008a400000, 0x000000008a500000, 0x000000008a500000|100%| E|CS|TAMS 0x000000008a400000, 0x000000008a400000| Complete 
| 135|0x000000008a500000, 0x000000008a600000, 0x000000008a600000|100%| E|CS|TAMS 0x000000008a500000, 0x000000008a500000| Complete 
| 136|0x000000008a600000, 0x000000008a700000, 0x000000008a700000|100%| E|CS|TAMS 0x000000008a600000, 0x000000008a600000| Complete 
| 137|0x000000008a700000, 0x000000008a800000, 0x000000008a800000|100%| E|CS|TAMS 0x000000008a700000, 0x000000008a700000| Complete 
| 138|0x000000008a800000, 0x000000008a900000, 0x000000008a900000|100%| E|CS|TAMS 0x000000008a800000, 0x000000008a800000| Complete 
| 139|0x000000008a900000, 0x000000008aa00000, 0x000000008aa00000|100%| E|  |TAMS 0x000000008a900000, 0x000000008a900000| Complete 
| 140|0x000000008aa00000, 0x000000008ab00000, 0x000000008ab00000|100%| E|CS|TAMS 0x000000008aa00000, 0x000000008aa00000| Complete 
| 141|0x000000008ab00000, 0x000000008ac00000, 0x000000008ac00000|100%| E|CS|TAMS 0x000000008ab00000, 0x000000008ab00000| Complete 
| 142|0x000000008ac00000, 0x000000008ad00000, 0x000000008ad00000|100%| E|CS|TAMS 0x000000008ac00000, 0x000000008ac00000| Complete 
| 143|0x000000008ad00000, 0x000000008ae00000, 0x000000008ae00000|100%| E|CS|TAMS 0x000000008ad00000, 0x000000008ad00000| Complete 
| 144|0x000000008ae00000, 0x000000008af00000, 0x000000008af00000|100%| E|CS|TAMS 0x000000008ae00000, 0x000000008ae00000| Complete 
| 145|0x000000008af00000, 0x000000008b000000, 0x000000008b000000|100%| E|CS|TAMS 0x000000008af00000, 0x000000008af00000| Complete 
| 146|0x000000008b000000, 0x000000008b100000, 0x000000008b100000|100%| E|CS|TAMS 0x000000008b000000, 0x000000008b000000| Complete 
| 147|0x000000008b100000, 0x000000008b200000, 0x000000008b200000|100%| E|CS|TAMS 0x000000008b100000, 0x000000008b100000| Complete 
| 148|0x000000008b200000, 0x000000008b300000, 0x000000008b300000|100%| E|CS|TAMS 0x000000008b200000, 0x000000008b200000| Complete 
| 149|0x000000008b300000, 0x000000008b400000, 0x000000008b400000|100%| E|CS|TAMS 0x000000008b300000, 0x000000008b300000| Complete 
| 150|0x000000008b400000, 0x000000008b500000, 0x000000008b500000|100%| E|CS|TAMS 0x000000008b400000, 0x000000008b400000| Complete 
| 151|0x000000008b500000, 0x000000008b600000, 0x000000008b600000|100%| E|CS|TAMS 0x000000008b500000, 0x000000008b500000| Complete 
| 152|0x000000008b600000, 0x000000008b700000, 0x000000008b700000|100%| E|CS|TAMS 0x000000008b600000, 0x000000008b600000| Complete 
| 153|0x000000008b700000, 0x000000008b800000, 0x000000008b800000|100%| E|CS|TAMS 0x000000008b700000, 0x000000008b700000| Complete 

Card table byte_map: [0x0000022ff9f20000,0x0000022ffa320000] _byte_map_base: 0x0000022ff9b11000

Marking Bits (Prev, Next): (CMBitMap*) 0x0000022ff148b750, (CMBitMap*) 0x0000022ff148b718
 Prev Bits: [0x0000022ffc6b0000, 0x0000022ffe638000)
 Next Bits: [0x0000022ffa720000, 0x0000022ffc6a8000)

Polling page: 0x0000022fef280000

Metaspace:

Usage:
  Non-class:     28.74 MB capacity,    28.09 MB ( 98%) used,   540.25 KB (  2%) free+waste,   124.50 KB ( <1%) overhead. 
      Class:      4.19 MB capacity,     3.77 MB ( 90%) used,   368.45 KB (  9%) free+waste,    61.25 KB (  1%) overhead. 
       Both:     32.93 MB capacity,    31.86 MB ( 97%) used,   908.70 KB (  3%) free+waste,   185.75 KB ( <1%) overhead. 

Virtual space:
  Non-class space:       32.00 MB reserved,      28.92 MB ( 90%) committed 
      Class space:        1.00 GB reserved,       4.25 MB ( <1%) committed 
             Both:        1.03 GB reserved,      33.17 MB (  3%) committed 

Chunk freelists:
   Non-Class:  61.00 KB
       Class:  31.00 KB
        Both:  92.00 KB

MaxMetaspaceSize: 17179869184.00 GB
CompressedClassSpaceSize: 1.00 GB

CodeHeap 'non-profiled nmethods': size=120064Kb used=910Kb max_used=910Kb free=119153Kb
 bounds [0x0000022f87ac0000, 0x0000022f87d30000, 0x0000022f8f000000]
CodeHeap 'profiled nmethods': size=120000Kb used=6033Kb max_used=6033Kb free=113966Kb
 bounds [0x0000022f80590000, 0x0000022f80b80000, 0x0000022f87ac0000]
CodeHeap 'non-nmethods': size=5696Kb used=1123Kb max_used=1140Kb free=4572Kb
 bounds [0x0000022f80000000, 0x0000022f80270000, 0x0000022f80590000]
 total_blobs=3312 nmethods=2864 adapters=359
 compilation: enabled
              stopped_count=0, restarted_count=0
 full_count=0

Compilation events (20 events):
Event: 3.025 Thread 0x0000022fff4c4000 3057       1       org.springframework.core.annotation.AnnotationTypeMapping::getSource (5 bytes)
Event: 3.025 Thread 0x0000022fff4c4000 nmethod 3057 0x0000022f87ba2010 code [0x0000022f87ba21c0, 0x0000022f87ba2278]
Event: 3.026 Thread 0x0000022fff4c4000 3059       2       java.util.ArrayList::indexOf (11 bytes)
Event: 3.026 Thread 0x0000022fff4c4000 nmethod 3059 0x0000022f80b67490 code [0x0000022f80b67640, 0x0000022f80b67768]
Event: 3.026 Thread 0x0000022fff4c4000 3060       2       java.util.ArrayList::contains (14 bytes)
Event: 3.026 Thread 0x0000022fff4c4000 nmethod 3060 0x0000022f80b67810 code [0x0000022f80b679c0, 0x0000022f80b67ae8]
Event: 3.027 Thread 0x0000022fff4c4000 3061       2       java.util.ArrayList::elementAt (4 bytes)
Event: 3.027 Thread 0x0000022fff4c4000 nmethod 3061 0x0000022f80b67b90 code [0x0000022f80b67d40, 0x0000022f80b67e38]
Event: 3.027 Thread 0x0000022fff4c4000 3062   !   2       com.sun.proxy.$Proxy37::annotationType (29 bytes)
Event: 3.027 Thread 0x0000022fff4c4000 nmethod 3062 0x0000022f80b67f10 code [0x0000022f80b680e0, 0x0000022f80b68338]
Event: 3.027 Thread 0x0000022fff4c4000 3063       2       org.springframework.beans.factory.support.AbstractBeanFactory::getType (235 bytes)
Event: 3.029 Thread 0x0000022fff4c4000 nmethod 3063 0x0000022f80b68490 code [0x0000022f80b68760, 0x0000022f80b690f8]
Event: 3.029 Thread 0x0000022fff4c4000 3065       2       java.util.Collections$EmptyMap::entrySet (4 bytes)
Event: 3.029 Thread 0x0000022fff4c4000 nmethod 3065 0x0000022f80b69710 code [0x0000022f80b698c0, 0x0000022f80b699b8]
Event: 3.029 Thread 0x0000022fff4c4000 3064       1       org.springframework.core.annotation.AttributeMethods::hasNestedAnnotation (5 bytes)
Event: 3.029 Thread 0x0000022fff4c4000 nmethod 3064 0x0000022f87ba2810 code [0x0000022f87ba29c0, 0x0000022f87ba2a78]
Event: 3.032 Thread 0x0000022fff4c4000 3066       2       java.util.Collections$UnmodifiableCollection::isEmpty (10 bytes)
Event: 3.032 Thread 0x0000022fff4c4000 nmethod 3066 0x0000022f80b69a90 code [0x0000022f80b69c40, 0x0000022f80b69d68]
Event: 3.033 Thread 0x0000022fff4c4000 3067       1       org.springframework.beans.GenericTypeAwarePropertyDescriptor::getReadMethod (5 bytes)
Event: 3.033 Thread 0x0000022fff4c4000 nmethod 3067 0x0000022f87ba2b10 code [0x0000022f87ba2cc0, 0x0000022f87ba2d78]

GC Heap History (10 events):
Event: 0.500 GC heap before
{Heap before GC invocations=0 (full 0):
 garbage-first heap   total 131072K, used 14336K [0x0000000081e00000, 0x0000000100000000)
  region size 1024K, 14 young (14336K), 0 survivors (0K)
 Metaspace       used 8989K, capacity 9193K, committed 9472K, reserved 1058816K
  class space    used 850K, capacity 899K, committed 1024K, reserved 1048576K
}
Event: 0.504 GC heap after
{Heap after GC invocations=1 (full 0):
 garbage-first heap   total 131072K, used 6500K [0x0000000081e00000, 0x0000000100000000)
  region size 1024K, 2 young (2048K), 2 survivors (2048K)
 Metaspace       used 8989K, capacity 9193K, committed 9472K, reserved 1058816K
  class space    used 850K, capacity 899K, committed 1024K, reserved 1048576K
}
Event: 0.738 GC heap before
{Heap before GC invocations=1 (full 0):
 garbage-first heap   total 131072K, used 18788K [0x0000000081e00000, 0x0000000100000000)
  region size 1024K, 14 young (14336K), 2 survivors (2048K)
 Metaspace       used 11457K, capacity 11941K, committed 12160K, reserved 1060864K
  class space    used 1205K, capacity 1375K, committed 1408K, reserved 1048576K
}
Event: 0.742 GC heap after
{Heap after GC invocations=2 (full 0):
 garbage-first heap   total 131072K, used 6763K [0x0000000081e00000, 0x0000000100000000)
  region size 1024K, 1 young (1024K), 1 survivors (1024K)
 Metaspace       used 11457K, capacity 11941K, committed 12160K, reserved 1060864K
  class space    used 1205K, capacity 1375K, committed 1408K, reserved 1048576K
}
Event: 1.327 GC heap before
{Heap before GC invocations=2 (full 0):
 garbage-first heap   total 131072K, used 41579K [0x0000000081e00000, 0x0000000100000000)
  region size 1024K, 35 young (35840K), 1 survivors (1024K)
 Metaspace       used 17924K, capacity 18566K, committed 18816K, reserved 1067008K
  class space    used 1952K, capacity 2161K, committed 2176K, reserved 1048576K
}
Event: 1.332 GC heap after
{Heap after GC invocations=3 (full 0):
 garbage-first heap   total 131072K, used 8512K [0x0000000081e00000, 0x0000000100000000)
  region size 1024K, 3 young (3072K), 3 survivors (3072K)
 Metaspace       used 17924K, capacity 18566K, committed 18816K, reserved 1067008K
  class space    used 1952K, capacity 2161K, committed 2176K, reserved 1048576K
}
Event: 1.637 GC heap before
{Heap before GC invocations=3 (full 0):
 garbage-first heap   total 131072K, used 23872K [0x0000000081e00000, 0x0000000100000000)
  region size 1024K, 20 young (20480K), 3 survivors (3072K)
 Metaspace       used 20440K, capacity 21109K, committed 21296K, reserved 1069056K
  class space    used 2315K, capacity 2563K, committed 2688K, reserved 1048576K
}
Event: 1.641 GC heap after
{Heap after GC invocations=4 (full 0):
 garbage-first heap   total 131072K, used 9561K [0x0000000081e00000, 0x0000000100000000)
  region size 1024K, 4 young (4096K), 4 survivors (4096K)
 Metaspace       used 20440K, capacity 21109K, committed 21296K, reserved 1069056K
  class space    used 2315K, capacity 2563K, committed 2688K, reserved 1048576K
}
Event: 2.010 GC heap before
{Heap before GC invocations=5 (full 0):
 garbage-first heap   total 131072K, used 65881K [0x0000000081e00000, 0x0000000100000000)
  region size 1024K, 60 young (61440K), 4 survivors (4096K)
 Metaspace       used 26636K, capacity 27447K, committed 27696K, reserved 1073152K
  class space    used 3090K, capacity 3410K, committed 3456K, reserved 1048576K
}
Event: 2.016 GC heap after
{Heap after GC invocations=6 (full 0):
 garbage-first heap   total 157696K, used 10724K [0x0000000081e00000, 0x0000000100000000)
  region size 1024K, 5 young (5120K), 5 survivors (5120K)
 Metaspace       used 26636K, capacity 27447K, committed 27696K, reserved 1073152K
  class space    used 3090K, capacity 3410K, committed 3456K, reserved 1048576K
}

Deoptimization events (20 events):
Event: 2.192 Thread 0x0000022ff144b800 DEOPT PACKING pc=0x0000022f8094bd3e sp=0x00000092948fb6d0
Event: 2.192 Thread 0x0000022ff144b800 DEOPT UNPACKING pc=0x0000022f800272ce sp=0x00000092948fabb0 mode 0
Event: 2.196 Thread 0x0000022ff144b800 DEOPT PACKING pc=0x0000022f8094bd3e sp=0x00000092948fb700
Event: 2.196 Thread 0x0000022ff144b800 DEOPT UNPACKING pc=0x0000022f800272ce sp=0x00000092948fabe0 mode 0
Event: 2.200 Thread 0x0000022ff144b800 DEOPT PACKING pc=0x0000022f8094bd3e sp=0x00000092948fb2b0
Event: 2.200 Thread 0x0000022ff144b800 DEOPT UNPACKING pc=0x0000022f800272ce sp=0x00000092948fa790 mode 0
Event: 2.204 Thread 0x0000022ff144b800 DEOPT PACKING pc=0x0000022f8094bd3e sp=0x00000092948fb210
Event: 2.204 Thread 0x0000022ff144b800 DEOPT UNPACKING pc=0x0000022f800272ce sp=0x00000092948fa6f0 mode 0
Event: 2.234 Thread 0x0000022ff144b800 DEOPT PACKING pc=0x0000022f8094bd3e sp=0x00000092948fb170
Event: 2.234 Thread 0x0000022ff144b800 DEOPT UNPACKING pc=0x0000022f800272ce sp=0x00000092948fa650 mode 0
Event: 2.243 Thread 0x0000022ff144b800 DEOPT PACKING pc=0x0000022f8094bd3e sp=0x00000092948fb480
Event: 2.243 Thread 0x0000022ff144b800 DEOPT UNPACKING pc=0x0000022f800272ce sp=0x00000092948fa960 mode 0
Event: 2.268 Thread 0x0000022ff144b800 Uncommon trap: trap_request=0xffffffde fr.pc=0x0000022f87b17dec relative=0x000000000000076c
Event: 2.268 Thread 0x0000022ff144b800 Uncommon trap: reason=class_check action=maybe_recompile pc=0x0000022f87b17dec method=java.util.HashMap.putVal(ILjava/lang/Object;Ljava/lang/Object;ZZ)Ljava/lang/Object; @ 203 c2
Event: 2.268 Thread 0x0000022ff144b800 DEOPT PACKING pc=0x0000022f87b17dec sp=0x00000092948fbb20
Event: 2.268 Thread 0x0000022ff144b800 DEOPT UNPACKING pc=0x0000022f800274af sp=0x00000092948fbad0 mode 2
Event: 2.271 Thread 0x0000022ff144b800 DEOPT PACKING pc=0x0000022f8094bd3e sp=0x00000092948fb6c0
Event: 2.271 Thread 0x0000022ff144b800 DEOPT UNPACKING pc=0x0000022f800272ce sp=0x00000092948faba0 mode 0
Event: 2.290 Thread 0x0000022ff144b800 DEOPT PACKING pc=0x0000022f8094bd3e sp=0x00000092948fb440
Event: 2.290 Thread 0x0000022ff144b800 DEOPT UNPACKING pc=0x0000022f800272ce sp=0x00000092948fa920 mode 0

Classes redefined (0 events):
No events

Internal exceptions (20 events):
Event: 3.002 Thread 0x0000022ff144b800 Exception <a 'java/lang/ClassNotFoundException'{0x00000000867dd6d0}: org/springframework/beans/factory/AwareCustomizer> (0x00000000867dd6d0) thrown at [./src/hotspot/share/classfile/systemDictionary.cpp, line 231]
Event: 3.003 Thread 0x0000022ff144b800 Exception <a 'java/lang/ClassNotFoundException'{0x00000000867f2188}: org/springframework/aop/framework/AopInfrastructureBeanCustomizer> (0x00000000867f2188) thrown at [./src/hotspot/share/classfile/systemDictionary.cpp, line 231]
Event: 3.006 Thread 0x0000022ff144b800 Exception <a 'java/lang/ClassNotFoundException'{0x000000008661e780}: java/lang/ObjectCustomizer> (0x000000008661e780) thrown at [./src/hotspot/share/classfile/systemDictionary.cpp, line 231]
Event: 3.007 Thread 0x0000022ff144b800 Exception <a 'java/lang/ClassNotFoundException'{0x0000000086639ca8}: org/springframework/boot/web/server/WebServerFactoryCustomizerBeanPostProcessorCustomizer> (0x0000000086639ca8) thrown at [./src/hotspot/share/classfile/systemDictionary.cpp, line 231]
Event: 3.008 Thread 0x0000022ff144b800 Exception <a 'java/lang/ClassNotFoundException'{0x00000000866539c0}: org/springframework/beans/factory/config/BeanPostProcessorCustomizer> (0x00000000866539c0) thrown at [./src/hotspot/share/classfile/systemDictionary.cpp, line 231]
Event: 3.009 Thread 0x0000022ff144b800 Exception <a 'java/lang/ClassNotFoundException'{0x0000000086669258}: org/springframework/beans/factory/BeanFactoryAwareCustomizer> (0x0000000086669258) thrown at [./src/hotspot/share/classfile/systemDictionary.cpp, line 231]
Event: 3.009 Thread 0x0000022ff144b800 Exception <a 'java/lang/ClassNotFoundException'{0x000000008667cb80}: org/springframework/beans/factory/AwareCustomizer> (0x000000008667cb80) thrown at [./src/hotspot/share/classfile/systemDictionary.cpp, line 231]
Event: 3.010 Thread 0x0000022ff144b800 Exception <a 'java/lang/ClassNotFoundException'{0x00000000866858a8}: java/lang/ObjectCustomizer> (0x00000000866858a8) thrown at [./src/hotspot/share/classfile/systemDictionary.cpp, line 231]
Event: 3.011 Thread 0x0000022ff144b800 Exception <a 'java/lang/ClassNotFoundException'{0x000000008669fb20}: org/springframework/boot/web/server/ErrorPageRegistrarBeanPostProcessorCustomizer> (0x000000008669fb20) thrown at [./src/hotspot/share/classfile/systemDictionary.cpp, line 231]
Event: 3.013 Thread 0x0000022ff144b800 Exception <a 'java/lang/ClassNotFoundException'{0x00000000866b9750}: org/springframework/beans/factory/config/BeanPostProcessorCustomizer> (0x00000000866b9750) thrown at [./src/hotspot/share/classfile/systemDictionary.cpp, line 231]
Event: 3.015 Thread 0x0000022ff144b800 Exception <a 'java/lang/ClassNotFoundException'{0x00000000866cefe8}: org/springframework/beans/factory/BeanFactoryAwareCustomizer> (0x00000000866cefe8) thrown at [./src/hotspot/share/classfile/systemDictionary.cpp, line 231]
Event: 3.016 Thread 0x0000022ff144b800 Exception <a 'java/lang/ClassNotFoundException'{0x00000000866e2910}: org/springframework/beans/factory/AwareCustomizer> (0x00000000866e2910) thrown at [./src/hotspot/share/classfile/systemDictionary.cpp, line 231]
Event: 3.018 Thread 0x0000022ff144b800 Exception <a 'java/lang/ClassNotFoundException'{0x00000000865090e8}: java/lang/ObjectCustomizer> (0x00000000865090e8) thrown at [./src/hotspot/share/classfile/systemDictionary.cpp, line 231]
Event: 3.019 Thread 0x0000022ff144b800 Exception <a 'java/lang/ClassNotFoundException'{0x00000000865245e0}: org/springframework/boot/autoconfigure/orm/jpa/DataSourceInitializedPublisherCustomizer> (0x00000000865245e0) thrown at [./src/hotspot/share/classfile/systemDictionary.cpp, line 231]
Event: 3.020 Thread 0x0000022ff144b800 Exception <a 'java/lang/ClassNotFoundException'{0x000000008653d098}: org/springframework/beans/factory/config/BeanPostProcessorCustomizer> (0x000000008653d098) thrown at [./src/hotspot/share/classfile/systemDictionary.cpp, line 231]
Event: 3.029 Thread 0x0000022ff144b800 Exception <a 'java/lang/ClassNotFoundException'{0x0000000086581908}: java/lang/ObjectCustomizer> (0x0000000086581908) thrown at [./src/hotspot/share/classfile/systemDictionary.cpp, line 231]
Event: 3.030 Thread 0x0000022ff144b800 Exception <a 'java/lang/ClassNotFoundException'{0x000000008659e8a8}: org/springframework/transaction/annotation/AbstractTransactionManagementConfigurationCustomizer> (0x000000008659e8a8) thrown at [./src/hotspot/share/classfile/systemDictionary.cpp, line 231]
Event: 3.032 Thread 0x0000022ff144b800 Exception <a 'java/lang/ClassNotFoundException'{0x00000000865ba188}: org/springframework/transaction/annotation/ProxyTransactionManagementConfigurationCustomizer> (0x00000000865ba188) thrown at [./src/hotspot/share/classfile/systemDictionary.cpp, line 231]
Event: 3.032 Thread 0x0000022ff144b800 Exception <a 'java/lang/ClassNotFoundException'{0x00000000865d2ac8}: org/springframework/context/annotation/ImportAwareCustomizer> (0x00000000865d2ac8) thrown at [./src/hotspot/share/classfile/systemDictionary.cpp, line 231]
Event: 3.033 Thread 0x0000022ff144b800 Exception <a 'java/lang/ClassNotFoundException'{0x00000000865e6870}: org/springframework/beans/factory/AwareCustomizer> (0x00000000865e6870) thrown at [./src/hotspot/share/classfile/systemDictionary.cpp, line 231]

Events (20 events):
Event: 3.033 loading class org/springframework/beans/factory/AwareCustomizer
Event: 3.033 loading class org/springframework/beans/factory/AwareCustomizer done
Event: 3.033 loading class org/springframework/beans/factory/AwareCustomizer
Event: 3.033 loading class org/springframework/beans/factory/AwareCustomizer done
Event: 3.033 loading class org/springframework/beans/factory/annotation/AutowiredAnnotationBeanPostProcessor$AutowiredMethodElement
Event: 3.033 loading class org/springframework/beans/factory/annotation/AutowiredAnnotationBeanPostProcessor$AutowiredMethodElement done
Event: 3.034 loading class org/springframework/transaction/annotation/TransactionManagementConfigurer
Event: 3.034 loading class org/springframework/transaction/annotation/TransactionManagementConfigurer done
Event: 3.036 loading class org/springframework/aop/framework/autoproxy/ProxyCreationContext
Event: 3.036 loading class org/springframework/aop/framework/autoproxy/ProxyCreationContext done
Event: 3.036 loading class org/springframework/aop/aspectj/AspectJProxyUtils
Event: 3.036 loading class org/springframework/aop/aspectj/AspectJProxyUtils done
Event: 3.036 loading class org/springframework/aop/IntroductionAdvisor
Event: 3.036 loading class org/springframework/aop/IntroductionAdvisor done
Event: 3.036 loading class org/springframework/aop/IntroductionInfo
Event: 3.036 loading class org/springframework/aop/IntroductionInfo done
Event: 3.037 loading class org/springframework/core/LocalVariableTableParameterNameDiscoverer
Event: 3.037 loading class org/springframework/core/LocalVariableTableParameterNameDiscoverer done
Event: 3.038 loading class org/springframework/core/LocalVariableTableParameterNameDiscoverer$LocalVariableTableVisitor
Event: 3.038 loading class org/springframework/core/LocalVariableTableParameterNameDiscoverer$LocalVariableTableVisitor done


Dynamic libraries:
0x00007ff71ef00000 - 0x00007ff71ef0d000 	C:\Program Files\AdoptOpenJDK\jdk-11.0.9.101-hotspot\bin\java.exe
0x00007ffd4ea60000 - 0x00007ffd4ec41000 	C:\WINDOWS\SYSTEM32\ntdll.dll
0x00007ffd4e450000 - 0x00007ffd4e501000 	C:\WINDOWS\System32\KERNEL32.DLL
0x00007ffd4ba20000 - 0x00007ffd4bc93000 	C:\WINDOWS\System32\KERNELBASE.dll
0x00007ffd4b780000 - 0x00007ffd4b878000 	C:\WINDOWS\System32\ucrtbase.dll
0x00007ffd30590000 - 0x00007ffd305a5000 	C:\Program Files\AdoptOpenJDK\jdk-11.0.9.101-hotspot\bin\VCRUNTIME140.dll
0x00007ffd34740000 - 0x00007ffd34757000 	C:\Program Files\AdoptOpenJDK\jdk-11.0.9.101-hotspot\bin\jli.dll
0x00007ffd4e830000 - 0x00007ffd4e9c0000 	C:\WINDOWS\System32\USER32.dll
0x00007ffd4afb0000 - 0x00007ffd4afd0000 	C:\WINDOWS\System32\win32u.dll
0x00007ffd4c220000 - 0x00007ffd4c248000 	C:\WINDOWS\System32\GDI32.dll
0x00007ffd3b1b0000 - 0x00007ffd3b419000 	C:\WINDOWS\WinSxS\amd64_microsoft.windows.common-controls_6595b64144ccf1df_6.0.17134.1246_none_d3ffb9d77c90723d\COMCTL32.dll
0x00007ffd4b880000 - 0x00007ffd4ba11000 	C:\WINDOWS\System32\gdi32full.dll
0x00007ffd4cb00000 - 0x00007ffd4cb9e000 	C:\WINDOWS\System32\msvcrt.dll
0x00007ffd4b6e0000 - 0x00007ffd4b77f000 	C:\WINDOWS\System32\msvcp_win.dll
0x00007ffd4c700000 - 0x00007ffd4ca21000 	C:\WINDOWS\System32\combase.dll
0x00007ffd4c010000 - 0x00007ffd4c134000 	C:\WINDOWS\System32\RPCRT4.dll
0x00007ffd4ae20000 - 0x00007ffd4ae99000 	C:\WINDOWS\System32\bcryptPrimitives.dll
0x00007ffd4c260000 - 0x00007ffd4c28d000 	C:\WINDOWS\System32\IMM32.DLL
0x00007ffd1d400000 - 0x00007ffd1d49b000 	C:\Program Files\AdoptOpenJDK\jdk-11.0.9.101-hotspot\bin\msvcp140.dll
0x00007ffd07e10000 - 0x00007ffd08953000 	C:\Program Files\AdoptOpenJDK\jdk-11.0.9.101-hotspot\bin\server\jvm.dll
0x00007ffd4e780000 - 0x00007ffd4e821000 	C:\WINDOWS\System32\ADVAPI32.dll
0x00007ffd4c290000 - 0x00007ffd4c2eb000 	C:\WINDOWS\System32\sechost.dll
0x00007ffd4dff0000 - 0x00007ffd4dff8000 	C:\WINDOWS\System32\PSAPI.DLL
0x00007ffd43740000 - 0x00007ffd43749000 	C:\WINDOWS\SYSTEM32\WSOCK32.dll
0x00007ffd3f960000 - 0x00007ffd3f96a000 	C:\WINDOWS\SYSTEM32\VERSION.dll
0x00007ffd4e9c0000 - 0x00007ffd4ea2c000 	C:\WINDOWS\System32\WS2_32.dll
0x00007ffd478e0000 - 0x00007ffd47903000 	C:\WINDOWS\SYSTEM32\WINMM.dll
0x00007ffd478b0000 - 0x00007ffd478da000 	C:\WINDOWS\SYSTEM32\winmmbase.dll
0x00007ffd4bca0000 - 0x00007ffd4bce9000 	C:\WINDOWS\System32\cfgmgr32.dll
0x00007ffd4ae00000 - 0x00007ffd4ae11000 	C:\WINDOWS\System32\kernel.appcore.dll
0x00007ffd3ca10000 - 0x00007ffd3ca20000 	C:\Program Files\AdoptOpenJDK\jdk-11.0.9.101-hotspot\bin\verify.dll
0x00007ffd49870000 - 0x00007ffd49a39000 	C:\WINDOWS\SYSTEM32\DBGHELP.DLL
0x00007ffd380f0000 - 0x00007ffd38119000 	C:\WINDOWS\SYSTEM32\dbgcore.DLL
0x00007ffd2b480000 - 0x00007ffd2b4a8000 	C:\Program Files\AdoptOpenJDK\jdk-11.0.9.101-hotspot\bin\java.dll
0x00007ffd3c9d0000 - 0x00007ffd3c9da000 	C:\Program Files\AdoptOpenJDK\jdk-11.0.9.101-hotspot\bin\jimage.dll
0x00007ffd2b460000 - 0x00007ffd2b477000 	C:\Program Files\AdoptOpenJDK\jdk-11.0.9.101-hotspot\bin\zip.dll
0x00007ffd4cba0000 - 0x00007ffd4dfe5000 	C:\WINDOWS\System32\SHELL32.dll
0x00007ffd4ca50000 - 0x00007ffd4caf9000 	C:\WINDOWS\System32\shcore.dll
0x00007ffd4afd0000 - 0x00007ffd4b6e0000 	C:\WINDOWS\System32\windows.storage.dll
0x00007ffd4e710000 - 0x00007ffd4e761000 	C:\WINDOWS\System32\shlwapi.dll
0x00007ffd4ad60000 - 0x00007ffd4ad7f000 	C:\WINDOWS\System32\profapi.dll
0x00007ffd4adb0000 - 0x00007ffd4adfc000 	C:\WINDOWS\System32\powrprof.dll
0x00007ffd4ad80000 - 0x00007ffd4ad8a000 	C:\WINDOWS\System32\FLTLIB.DLL
0x00007ffd2b3e0000 - 0x00007ffd2b3f9000 	C:\Program Files\AdoptOpenJDK\jdk-11.0.9.101-hotspot\bin\net.dll
0x00007ffd3f3e0000 - 0x00007ffd3f4bd000 	C:\WINDOWS\SYSTEM32\WINHTTP.dll
0x00007ffd4a5e0000 - 0x00007ffd4a646000 	C:\WINDOWS\system32\mswsock.dll
0x00007ffd245f0000 - 0x00007ffd24602000 	C:\Program Files\AdoptOpenJDK\jdk-11.0.9.101-hotspot\bin\nio.dll
0x00007ffd3b530000 - 0x00007ffd3b539000 	C:\Program Files\AdoptOpenJDK\jdk-11.0.9.101-hotspot\bin\management.dll
0x00007ffd3a2f0000 - 0x00007ffd3a2fb000 	C:\Program Files\AdoptOpenJDK\jdk-11.0.9.101-hotspot\bin\management_ext.dll
0x00007ffd2d1f0000 - 0x00007ffd2d206000 	C:\WINDOWS\system32\napinsp.dll
0x00007ffd2d1d0000 - 0x00007ffd2d1ea000 	C:\WINDOWS\system32\pnrpnsp.dll
0x00007ffd474c0000 - 0x00007ffd474d9000 	C:\WINDOWS\system32\NLAapi.dll
0x00007ffd4a370000 - 0x00007ffd4a42e000 	C:\WINDOWS\SYSTEM32\DNSAPI.dll
0x00007ffd4e770000 - 0x00007ffd4e778000 	C:\WINDOWS\System32\NSI.dll
0x00007ffd4a330000 - 0x00007ffd4a368000 	C:\WINDOWS\SYSTEM32\IPHLPAPI.DLL
0x00007ffd2cb90000 - 0x00007ffd2cb9e000 	C:\WINDOWS\System32\winrnr.dll
0x00007ffd41eb0000 - 0x00007ffd41ec5000 	C:\WINDOWS\System32\wshbth.dll
0x00007ffd3ae10000 - 0x00007ffd3ae1a000 	C:\Windows\System32\rasadhlp.dll
0x00007ffd3b750000 - 0x00007ffd3b7c2000 	C:\WINDOWS\System32\fwpuclnt.dll
0x00007ffd4a8c0000 - 0x00007ffd4a8e5000 	C:\WINDOWS\SYSTEM32\bcrypt.dll

dbghelp: loaded successfully - version: 4.0.5 - missing functions: none
symbol engine: initialized successfully - sym options: 0x614 - pdb path: .;C:\Program Files\AdoptOpenJDK\jdk-11.0.9.101-hotspot\bin;C:\WINDOWS\SYSTEM32;C:\WINDOWS\WinSxS\amd64_microsoft.windows.common-controls_6595b64144ccf1df_6.0.17134.1246_none_d3ffb9d77c90723d;C:\Program Files\AdoptOpenJDK\jdk-11.0.9.101-hotspot\bin\server

VM Arguments:
jvm_args: -ea -Dfile.encoding=UTF-8 
java_command: org.eclipse.jdt.internal.junit.runner.RemoteTestRunner -version 3 -port 50582 -testLoaderClass org.eclipse.jdt.internal.junit5.runner.JUnit5TestLoader -loaderpluginname org.eclipse.jdt.junit5.runtime -classNames com.gilmar.numeros.NumerosApplicationTests
java_class_path (initial): C:\zupTeste\numeros\target\test-classes;C:\zupTeste\numeros\target\classes;C:\Users\Thas Carneiro\.m2\repository\org\springframework\boot\spring-boot-starter-data-jpa\2.4.1\spring-boot-starter-data-jpa-2.4.1.jar;C:\Users\Thas Carneiro\.m2\repository\org\springframework\boot\spring-boot-starter-aop\2.4.1\spring-boot-starter-aop-2.4.1.jar;C:\Users\Thas Carneiro\.m2\repository\org\springframework\spring-aop\5.3.2\spring-aop-5.3.2.jar;C:\Users\Thas Carneiro\.m2\repository\org\aspectj\aspectjweaver\1.9.6\aspectjweaver-1.9.6.jar;C:\Users\Thas Carneiro\.m2\repository\org\springframework\boot\spring-boot-starter-jdbc\2.4.1\spring-boot-starter-jdbc-2.4.1.jar;C:\Users\Thas Carneiro\.m2\repository\com\zaxxer\HikariCP\3.4.5\HikariCP-3.4.5.jar;C:\Users\Thas Carneiro\.m2\repository\org\springframework\spring-jdbc\5.3.2\spring-jdbc-5.3.2.jar;C:\Users\Thas Carneiro\.m2\repository\jakarta\transaction\jakarta.transaction-api\1.3.3\jakarta.transaction-api-1.3.3.jar;C:\Users\Thas Carneiro\.m2\repository\jakarta\persistence\jakarta.persistence-api\2.2.3\jakarta.persistence-api-2.2.3.jar;C:\Users\Thas Carneiro\.m2\repository\org\hibernate\hibernate-core\5.4.25.Final\hibernate-core-5.4.25.Final.jar;C:\Users\Thas Carneiro\.m2\repository\org\jboss\logging\jboss-logging\3.4.1.Final\jboss-logging-3.4.1.Final.jar;C:\Users\Thas Carneiro\.m2\repository\org\javassist\javassist\3.27.0-GA\javassist-3.27.0-GA.jar;C:\Users\Thas Carneiro\.m2\repository\net\bytebuddy\byte-buddy\1.10.18\byte-buddy-1.10.18.jar;C:\Users\Thas Carneiro\.m2\repository\antlr\antlr\2.7.7\antlr-2.7.7.jar;C:\Users\Thas Carneiro\.m2\repository\org\jboss\jandex\2.1.3.Final\jandex-2.1.3.Final.jar;C:\Users\Thas Carneiro\.m2\repository\com\fasterxml\classmate\1.5.1\classmate-1.5.1.jar;C:\Users\Thas Carneiro\.m2\repository\org\dom4j\dom4j\2.1.3\dom4j-2.1.3.jar;C:\Users\Thas Carneiro\.m2\repository\org\hibernate\common\hibernate-commons-annotations\5.1.2.Final\hibernate-commons-annotations
Launcher Type: SUN_STANDARD

[Global flags]
     intx CICompilerCount                          = 3                                         {product} {ergonomic}
     uint ConcGCThreads                            = 1                                         {product} {ergonomic}
     uint G1ConcRefinementThreads                  = 4                                         {product} {ergonomic}
   size_t G1HeapRegionSize                         = 1048576                                   {product} {ergonomic}
    uintx GCDrainStackTargetSize                   = 64                                        {product} {ergonomic}
   size_t InitialHeapSize                          = 134217728                                 {product} {ergonomic}
   size_t MarkStackSize                            = 4194304                                   {product} {ergonomic}
   size_t MaxHeapSize                              = 2116026368                                {product} {ergonomic}
   size_t MaxNewSize                               = 1268776960                                {product} {ergonomic}
   size_t MinHeapDeltaBytes                        = 1048576                                   {product} {ergonomic}
    uintx NonNMethodCodeHeapSize                   = 5830732                                {pd product} {ergonomic}
    uintx NonProfiledCodeHeapSize                  = 122913754                              {pd product} {ergonomic}
    uintx ProfiledCodeHeapSize                     = 122913754                              {pd product} {ergonomic}
    uintx ReservedCodeCacheSize                    = 251658240                              {pd product} {ergonomic}
     bool SegmentedCodeCache                       = true                                      {product} {ergonomic}
     bool UseCompressedClassPointers               = true                                 {lp64_product} {ergonomic}
     bool UseCompressedOops                        = true                                 {lp64_product} {ergonomic}
     bool UseG1GC                                  = true                                      {product} {ergonomic}
     bool UseLargePagesIndividualAllocation        = false                                  {pd product} {ergonomic}

Logging:
Log output configuration:
 #0: stdout all=warning uptime,level,tags
 #1: stderr all=off uptime,level,tags

Environment Variables:
PATH=C:\Program Files\AdoptOpenJDK\jdk-11.0.9.101-hotspot\bin;C:\Program Files (x86)\Common Files\Oracle\Java\javapath;C:\Windows\system32;C:\Windows;C:\Windows\System32\Wbem;C:\Windows\System32\WindowsPowerShell\v1.0\;C:\Program Files (x86)\NVIDIA Corporation\PhysX\Common;C:\WINDOWS\system32;C:\WINDOWS;C:\WINDOWS\System32\Wbem;C:\WINDOWS\System32\WindowsPowerShell\v1.0\;C:\WINDOWS\System32\OpenSSH\;C:\Program Files\nodejs\;C:\Program Files\dotnet\;C:\Program Files\Microsoft SQL Server\130\Tools\Binn\;C:\Program Files\Microsoft SQL Server\Client SDK\ODBC\170\Tools\Binn\;C:\Users\Thas Carneiro\AppData\Local\Microsoft\WindowsApps;C:\Users\Thas Carneiro\AppData\Local\Programs\Microsoft VS Code\bin;C:\Users\Thas Carneiro\AppData\Roaming\npm;C:\Users\Thas Carneiro\.dotnet\tools
USERNAME=Thas Carneiro
OS=Windows_NT
PROCESSOR_IDENTIFIER=Intel64 Family 6 Model 142 Stepping 9, GenuineIntel



---------------  S Y S T E M  ---------------

OS: Windows 10 , 64 bit Build 17134 (10.0.17134.753)
OS uptime: 1 days 0:32 hours

CPU:total 4 (initial active 4) (2 cores per cpu, 2 threads per core) family 6 model 142 stepping 9, cmov, cx8, fxsr, mmx, sse, sse2, sse3, ssse3, sse4.1, sse4.2, popcnt, avx, avx2, aes, clmul, erms, 3dnowpref, lzcnt, ht, tsc, tscinvbit, bmi1, bmi2, adx, fma

Memory: 4k page, system-wide physical 8066M (308M free)
TotalPageFile size 9970M (AvailPageFile size 3M)
current process WorkingSet (physical memory assigned to process): 225M, peak: 225M
current process commit charge ("private bytes"): 317M, peak: 317M

vm_info: OpenJDK 64-Bit Server VM (11.0.9.1+1) for windows-amd64 JRE (11.0.9.1+1), built on Nov 10 2020 15:18:49 by "" with MS VC++ 15.9 (VS2017)

END.
